9:38:34   00:12.3
9:38:34   Update checking
9:38:34   CURR VERSION: 0.1.6043.22620
9:38:34   VERSION: 0.1.6117.17286
9:39:08 AM   CREATE NEW 1: 0-0-0
9:39:15 AM   CREATE NEW 2
9:39:15 AM   CREATE NEW 3
9:39:15 AM   CREATE NEW 4
9:39:16 AM   CREATE NEW 5
9:39:16 AM   CREATE NEW 6
9:39:16 AM   CREATE NEW 7
9:39:16 AM   CREATE NEW 8
9:50:17   00:12.3
9:50:17   Update checking
9:50:17   CURR VERSION: 0.1.6043.22620
9:50:17   VERSION: 0.1.6117.17489
9:50:50 AM   CREATE NEW 1: 0-0-0
9:50:50 AM   CREATE NEW 2
9:50:50 AM   CREATE NEW 3
9:50:50 AM   CREATE NEW 4
9:50:51 AM   CREATE NEW 5
9:50:51 AM   CREATE NEW 6
9:50:51 AM   CREATE NEW 7
9:50:52 AM   CREATE NEW 8
9:51:39 AM   CREATE NEW 1: 0-0-0
9:51:39 AM   CREATE NEW 2
9:51:39 AM   CREATE NEW 3
9:51:39 AM   CREATE NEW 4
9:51:40 AM   CREATE NEW 5
9:51:40 AM   CREATE NEW 6
9:51:40 AM   CREATE NEW 7
9:51:40 AM   CREATE NEW 8
9:51:43 AM   CREATE NEW 1: 0-0-0
9:51:43 AM   CREATE NEW 2
9:51:43 AM   CREATE NEW 3
9:51:43 AM   CREATE NEW 4
9:51:44 AM   CREATE NEW 5
9:51:44 AM   CREATE NEW 6
9:51:44 AM   CREATE NEW 7
9:51:44 AM   CREATE NEW 8
10:15:51   00:12.3
10:15:51   Update checking
10:15:51   CURR VERSION: 0.1.6043.22620
10:15:52   VERSION: 0.1.6117.18474
10:16:50 AM   CREATE NEW 1: 0-0-0
10:16:50 AM   CREATE NEW 2
10:16:56 AM   CREATE NEW 3
10:16:56 AM   CREATE NEW 4
10:17:00 AM   CREATE NEW 5
10:17:00 AM   CREATE NEW 6
10:17:00 AM   CREATE NEW 7
10:17:00 AM   CREATE NEW 8
10:37:50   00:12.3
10:37:50   Update checking
10:37:50   CURR VERSION: 0.1.6043.22620
10:37:50   VERSION: 0.1.6117.19133
10:38:27 AM   CREATE NEW 1: 0-0-0
10:38:27 AM   CREATE NEW 2
10:38:29 AM   CREATE NEW 3
10:38:29 AM   CREATE NEW 4
10:38:30 AM   CREATE NEW 5
10:38:30 AM   CREATE NEW 6
10:38:30 AM   CREATE NEW 7
10:38:30 AM   CREATE NEW 8
10:38:44 AM   CREATE NEW 1: 0-0-0
10:38:44 AM   CREATE NEW 2
10:38:45 AM   CREATE NEW 3
10:38:45 AM   CREATE NEW 4
10:38:47 AM   CREATE NEW 5
10:38:47 AM   CREATE NEW 6
10:38:47 AM   CREATE NEW 7
10:38:47 AM   CREATE NEW 8
10:38:50 AM   CREATE NEW 1: 0-0-0
10:38:50 AM   CREATE NEW 2
10:38:51 AM   CREATE NEW 3
10:38:51 AM   CREATE NEW 4
10:38:52 AM   CREATE NEW 5
10:38:52 AM   CREATE NEW 6
10:38:52 AM   CREATE NEW 7
10:38:52 AM   CREATE NEW 8
