12:34:03   00:12.3
12:34:03   Update checking
12:34:03   CURR VERSION: 0.1.6034.23607
12:34:08   VERSION: 0.1.6043.22620
12:34:08   http://update.instatsport.com/hokreg/
12:34:08   0.1.6036.33306
12:34:08   NEW VERSION: 0.1.6036.33306
12:34:52   
12:34:52   *** EXCEPTION ***
12:34:52   Ссылка на объект не указывает на экземпляр объекта.
12:34:53      в Uniso.InStat.Web.GetMarkers(HockeyIce game, Int32 match_id) в c:\Data\Projects\cs\Hokreg\Hokreg\Server\Web.cs:строка 202
12:34:53   *** EXCEPTION ***
12:34:53   
12:37:03   00:12.3
12:37:03   Update checking
12:37:03   CURR VERSION: 0.1.6036.33306
12:37:03   VERSION: 0.1.6043.22620
12:37:04   http://update.instatsport.com/hokreg/
12:37:04   0.1.6036.33306
12:37:04   NEW VERSION: 0.1.6036.33306
12:38:17   00:12.3
12:38:17   Update checking
12:38:17   CURR VERSION: 0.1.6036.33306
12:38:17   VERSION: 0.1.6043.22620
12:38:17   http://update.instatsport.com/hokreg/
12:38:17   0.1.6036.33306
12:38:17   NEW VERSION: 0.1.6036.33306
12:42:37   00:12.3
12:42:37   Update checking
12:42:37   CURR VERSION: 0.1.6036.33306
12:42:37   VERSION: 0.1.6043.22620
12:42:37   http://update.instatsport.com/hokreg/
12:42:37   0.1.6036.33306
12:42:37   NEW VERSION: 0.1.6036.33306
12:45:24   
12:45:24   *** EXCEPTION ***
12:45:24   Ссылка на объект не указывает на экземпляр объекта.
12:45:24      в Uniso.InStat.Web.GetMarkers(HockeyIce game, Int32 match_id) в c:\Data\Projects\cs\Hokreg\Hokreg\Server\Web.cs:строка 202
12:45:24   *** EXCEPTION ***
12:45:24   
13:19:38   00:12.3
13:19:38   Update checking
13:19:38   CURR VERSION: 0.1.6036.33306
13:19:38   VERSION: 0.1.6043.23125
13:19:38   http://update.instatsport.com/hokreg/
13:19:38   0.1.6043.22620
13:19:38   NEW VERSION: 0.1.6043.22620
