13:22:43   00:12.3
13:22:43   Update checking
13:22:44   CURR VERSION: 0.1.6043.22620
13:22:44   VERSION: 0.1.6115.32187
1:23:14 PM   CREATE NEW 1: 0-0-0
1:23:14 PM   CREATE NEW 2
1:23:14 PM   CREATE NEW 3
1:23:14 PM   CREATE NEW 4
1:23:14 PM   CREATE NEW 5
1:23:14 PM   CREATE NEW 6
1:23:14 PM   CREATE NEW 7
1:23:14 PM   CREATE NEW 8
1:23:19 PM   CREATE NEW 1: 1-4-0
1:23:19 PM   CREATE NEW 2
1:23:19 PM   CREATE NEW 3
1:23:19 PM   CREATE NEW 4
1:23:19 PM   CREATE NEW 5
1:23:19 PM   CREATE NEW 6
1:23:19 PM   CREATE NEW 7
1:23:19 PM   CREATE NEW 8
1:23:22 PM   INSERT NEW [ID=0] 2-5-0 Period 1 T=01:20.3/00:00.0 P1=[4] Ossi Vaananen Йокерит (24) Йокерит P2=  U=1012
1:23:22 PM   INSERT NEW 2[ID=0] 2-5-0 Period 1 T=01:20.3/01:10.0 P1=[4] Ossi Vaananen Йокерит (24) Йокерит P2=  U=1012
1:23:22 PM   INSERT NEW 3 RECALC MARKER
1:23:22 PM   INSERT NEW [ID=0] 1-4-0 Period 1 T=01:20.4/00:00.0 P1=[4] Ossi Vaananen Йокерит (24) Йокерит P2=  U=1012
1:23:22 PM   INSERT NEW 2[ID=0] 1-4-0 Period 1 T=01:20.4/01:10.1 P1=[4] Ossi Vaananen Йокерит (24) Йокерит P2=  U=1012
1:23:22 PM   INSERT NEW 3 RECALC MARKER
1:23:24 PM   CREATE NEW 1: 0-0-0
1:23:24 PM   CREATE NEW 2
1:23:24 PM   CREATE NEW 3
1:23:24 PM   CREATE NEW 4
1:23:24 PM   CREATE NEW 5
1:23:24 PM   CREATE NEW 6
1:23:24 PM   CREATE NEW 7
1:23:24 PM   CREATE NEW 8
13:41:15   00:12.3
13:41:16   Update checking
13:41:16   CURR VERSION: 0.1.6043.22620
13:41:16   VERSION: 0.1.6116.24636
1:41:49 PM   CREATE NEW 1: 0-0-0
1:41:49 PM   CREATE NEW 2
1:41:49 PM   CREATE NEW 3
1:41:49 PM   CREATE NEW 4
1:41:49 PM   CREATE NEW 5
1:41:49 PM   CREATE NEW 6
1:41:49 PM   CREATE NEW 7
1:41:49 PM   CREATE NEW 8
1:42:06 PM   CREATE NEW 1: 0-0-0
1:42:06 PM   CREATE NEW 2
1:42:06 PM   CREATE NEW 3
1:42:06 PM   CREATE NEW 4
1:42:06 PM   CREATE NEW 5
1:42:06 PM   CREATE NEW 6
1:42:06 PM   CREATE NEW 7
1:42:06 PM   CREATE NEW 8
1:42:51 PM   CREATE NEW 1: 4-2-0
1:42:57 PM   CREATE NEW 2
1:43:19 PM   CREATE NEW 3
1:43:23 PM   CREATE NEW 4
1:53:32 PM   CREATE NEW 5
1:53:32 PM   CREATE NEW 6
1:53:32 PM   CREATE NEW 7
1:53:32 PM   CREATE NEW 8
1:56:37 PM   INSERT NEW [ID=0] 4-2-0 Period 1 T=00:50.2/00:00.0 P1=[4] Ossi Vaananen Йокерит (24) Йокерит P2=[20] Maxim Tretyak [GK] ЦСКА Москва (1357) ЦСКА Москва U=1012
1:56:37 PM   INSERT NEW 2[ID=0] 4-2-0 Period 1 T=00:50.2/00:39.8 P1=[4] Ossi Vaananen Йокерит (24) Йокерит P2=[20] Maxim Tretyak [GK] ЦСКА Москва (1357) ЦСКА Москва U=1012
1:56:37 PM   INSERT NEW 3 RECALC MARKER
2:01:46 PM   CREATE NEW 1: 0-0-0
2:01:46 PM   CREATE NEW 2
2:01:46 PM   CREATE NEW 3
2:01:46 PM   CREATE NEW 4
2:01:46 PM   CREATE NEW 5
2:01:46 PM   CREATE NEW 6
2:01:46 PM   CREATE NEW 7
2:01:46 PM   CREATE NEW 8
2:01:53 PM   CREATE NEW 1: 4-2-0
2:01:53 PM   CREATE NEW 2
2:01:53 PM   CREATE NEW 3
2:01:53 PM   CREATE NEW 4
2:01:53 PM   CREATE NEW 5
2:01:53 PM   CREATE NEW 6
2:01:53 PM   CREATE NEW 7
2:01:53 PM   CREATE NEW 8
2:01:58 PM   INSERT NEW [ID=0] 4-2-0 Period 1 T=01:02.1/00:00.0 P1=[4] Ossi Vaananen Йокерит (24) Йокерит P2=[20] Maxim Tretyak [GK] ЦСКА Москва (1357) ЦСКА Москва U=1012
2:01:58 PM   INSERT NEW 2[ID=0] 4-2-0 Period 1 T=01:02.1/00:51.8 P1=[4] Ossi Vaananen Йокерит (24) Йокерит P2=[20] Maxim Tretyak [GK] ЦСКА Москва (1357) ЦСКА Москва U=1012
2:01:58 PM   INSERT NEW 3 RECALC MARKER
2:02:16 PM   CREATE NEW 1: 0-0-0
2:02:16 PM   CREATE NEW 2
2:02:16 PM   CREATE NEW 3
2:02:16 PM   CREATE NEW 4
2:02:16 PM   CREATE NEW 5
2:02:16 PM   CREATE NEW 6
2:02:16 PM   CREATE NEW 7
2:02:16 PM   CREATE NEW 8
14:20:52   00:12.3
14:20:52   Update checking
14:20:52   CURR VERSION: 0.1.6043.22620
14:20:52   VERSION: 0.1.6116.24636
2:23:43 PM   Редактирование маркера BEGIN
[ID=0] 4-2-0 Period 1 T=01:02.1/00:00.0 P1=[4] Ossi Vaananen Йокерит (24) Йокерит P2=[20] Maxim Tretyak [GK] ЦСКА Москва (1357) ЦСКА Москва U=0
2:23:45 PM   Редактирование маркера END
[ID=0] 4-2-0 Period 1 T=01:02.1/00:00.0 P1=[4] Ossi Vaananen Йокерит (24) Йокерит P2=[20] Maxim Tretyak [GK] ЦСКА Москва (1357) ЦСКА Москва U=0
2:24:11 PM   DELETE MANUAL
2:24:19 PM   CREATE NEW 1: 0-0-0
2:24:19 PM   CREATE NEW 2
2:24:19 PM   CREATE NEW 3
2:24:19 PM   CREATE NEW 4
2:24:19 PM   CREATE NEW 5
2:24:19 PM   CREATE NEW 6
2:24:19 PM   CREATE NEW 7
2:24:19 PM   CREATE NEW 8
2:24:25 PM   CREATE NEW 1: 4-2-0
2:24:25 PM   CREATE NEW 2
2:24:25 PM   CREATE NEW 3
2:24:25 PM   CREATE NEW 4
2:24:26 PM   CREATE NEW 5
2:24:26 PM   CREATE NEW 6
2:24:26 PM   CREATE NEW 7
2:24:26 PM   CREATE NEW 8
2:24:34 PM   INSERT NEW [ID=0] 4-2-0 Period 1 T=00:50.7/00:00.0 P1=[4] Ossi Vaananen Йокерит (24) Йокерит P2=[20] Maxim Tretyak [GK] ЦСКА Москва (1357) ЦСКА Москва U=1012
2:24:34 PM   INSERT NEW 2[ID=0] 4-2-0 Period 1 T=00:50.7/00:40.3 P1=[4] Ossi Vaananen Йокерит (24) Йокерит P2=[20] Maxim Tretyak [GK] ЦСКА Москва (1357) ЦСКА Москва U=1012
2:24:34 PM   INSERT NEW 3 RECALC MARKER
14:29:44   00:12.3
14:29:44   Update checking
14:29:44   CURR VERSION: 0.1.6043.22620
14:29:44   VERSION: 0.1.6116.26091
14:31:54   00:12.3
14:31:54   Update checking
14:31:54   CURR VERSION: 0.1.6043.22620
14:31:55   VERSION: 0.1.6116.26150
14:39:52   00:12.3
14:39:52   Update checking
14:39:52   CURR VERSION: 0.1.6043.22620
14:39:52   VERSION: 0.1.6116.26395
14:40:51   00:12.3
14:40:51   Update checking
14:40:51   CURR VERSION: 0.1.6043.22620
14:40:51   VERSION: 0.1.6116.26424
14:42:42   00:12.3
14:42:42   Update checking
14:42:42   CURR VERSION: 0.1.6043.22620
14:42:42   VERSION: 0.1.6116.26424
14:49:12   00:12.3
14:49:12   Update checking
14:49:12   CURR VERSION: 0.1.6043.22620
14:49:12   VERSION: 0.1.6116.26674
14:51:59   00:12.3
14:51:59   Update checking
14:51:59   CURR VERSION: 0.1.6043.22620
14:52:00   VERSION: 0.1.6116.26759
14:54:24   00:12.3
14:54:24   Update checking
14:54:24   CURR VERSION: 0.1.6043.22620
14:54:24   VERSION: 0.1.6116.26828
14:58:30   00:12.3
14:58:30   Update checking
14:58:30   CURR VERSION: 0.1.6043.22620
14:58:30   VERSION: 0.1.6116.26828
2:58:58 PM   CREATE NEW 1: 0-0-0
2:58:58 PM   CREATE NEW 2
2:58:58 PM   CREATE NEW 3
2:58:58 PM   CREATE NEW 4
2:58:58 PM   CREATE NEW 5
2:58:58 PM   CREATE NEW 6
2:58:58 PM   CREATE NEW 7
2:58:58 PM   CREATE NEW 8
2:59:00 PM   CREATE NEW 1: 0-0-0
2:59:00 PM   CREATE NEW 2
2:59:00 PM   CREATE NEW 3
2:59:00 PM   CREATE NEW 4
2:59:00 PM   CREATE NEW 5
2:59:00 PM   CREATE NEW 6
2:59:00 PM   CREATE NEW 7
2:59:00 PM   CREATE NEW 8
2:59:01 PM   CREATE NEW 1: 0-0-0
2:59:01 PM   CREATE NEW 2
2:59:01 PM   CREATE NEW 3
2:59:01 PM   CREATE NEW 4
2:59:01 PM   CREATE NEW 5
2:59:01 PM   CREATE NEW 6
2:59:01 PM   CREATE NEW 7
2:59:01 PM   CREATE NEW 8
15:13:52   00:12.3
15:13:52   Update checking
15:13:52   CURR VERSION: 0.1.6043.22620
15:13:52   VERSION: 0.1.6116.27415
3:14:30 PM   CREATE NEW 1: 0-0-0
3:14:30 PM   CREATE NEW 2
3:14:30 PM   CREATE NEW 3
3:14:30 PM   CREATE NEW 4
3:14:30 PM   CREATE NEW 5
3:14:30 PM   CREATE NEW 6
3:14:30 PM   CREATE NEW 7
3:14:32 PM   CREATE NEW 8
3:14:55 PM   CREATE NEW 1: 0-0-0
3:14:56 PM   CREATE NEW 2
3:14:56 PM   CREATE NEW 3
3:14:56 PM   CREATE NEW 4
3:14:56 PM   CREATE NEW 5
3:14:56 PM   CREATE NEW 6
3:14:56 PM   CREATE NEW 7
3:14:57 PM   CREATE NEW 8
3:15:10 PM   CREATE NEW 1: 0-0-0
3:15:10 PM   CREATE NEW 2
3:15:10 PM   CREATE NEW 3
3:15:10 PM   CREATE NEW 4
3:15:10 PM   CREATE NEW 5
3:15:10 PM   CREATE NEW 6
3:15:10 PM   CREATE NEW 7
3:15:10 PM   CREATE NEW 8
15:19:35   00:12.3
15:19:35   Update checking
15:19:35   CURR VERSION: 0.1.6043.22620
15:19:35   VERSION: 0.1.6116.27569
3:20:04 PM   CREATE NEW 1: 0-0-0
3:20:04 PM   CREATE NEW 2
3:20:04 PM   CREATE NEW 3
3:20:04 PM   CREATE NEW 4
3:20:04 PM   CREATE NEW 5
3:20:04 PM   CREATE NEW 6
3:20:04 PM   CREATE NEW 7
3:20:04 PM   CREATE NEW 8
3:20:06 PM   CREATE NEW 1: 0-0-0
3:20:06 PM   CREATE NEW 2
3:20:06 PM   CREATE NEW 3
3:20:06 PM   CREATE NEW 4
3:20:06 PM   CREATE NEW 5
3:20:06 PM   CREATE NEW 6
3:20:06 PM   CREATE NEW 7
3:20:06 PM   CREATE NEW 8
3:20:07 PM   CREATE NEW 1: 0-0-0
3:20:07 PM   CREATE NEW 2
3:20:07 PM   CREATE NEW 3
3:20:07 PM   CREATE NEW 4
3:20:08 PM   CREATE NEW 5
3:20:08 PM   CREATE NEW 6
3:20:08 PM   CREATE NEW 7
3:20:08 PM   CREATE NEW 8
15:49:43   00:12.3
15:49:43   Update checking
15:49:43   CURR VERSION: 0.1.6043.22620
15:49:44   VERSION: 0.1.6116.28491
3:50:22 PM   CREATE NEW 1: 0-0-0
3:50:22 PM   CREATE NEW 2
3:50:22 PM   CREATE NEW 3
3:50:22 PM   CREATE NEW 4
3:50:22 PM   CREATE NEW 5
3:50:22 PM   CREATE NEW 6
3:50:22 PM   CREATE NEW 7
3:50:22 PM   CREATE NEW 8
3:50:23 PM   CREATE NEW 1: 0-0-0
3:50:23 PM   CREATE NEW 2
3:50:23 PM   CREATE NEW 3
3:50:23 PM   CREATE NEW 4
3:50:23 PM   CREATE NEW 5
3:50:23 PM   CREATE NEW 6
3:50:23 PM   CREATE NEW 7
3:50:23 PM   CREATE NEW 8
3:50:26 PM   CREATE NEW 1: 0-0-0
3:50:26 PM   CREATE NEW 2
3:50:26 PM   CREATE NEW 3
3:50:26 PM   CREATE NEW 4
3:50:26 PM   CREATE NEW 5
3:50:26 PM   CREATE NEW 6
3:50:26 PM   CREATE NEW 7
3:50:26 PM   CREATE NEW 8
3:50:27 PM   CREATE NEW 1: 0-0-0
3:50:27 PM   CREATE NEW 2
3:50:27 PM   CREATE NEW 3
3:50:27 PM   CREATE NEW 4
3:50:27 PM   CREATE NEW 5
3:50:27 PM   CREATE NEW 6
3:50:27 PM   CREATE NEW 7
3:50:27 PM   CREATE NEW 8
3:53:21 PM   CREATE NEW 1: 3-8-0
3:53:21 PM   CREATE NEW 2
3:53:21 PM   CREATE NEW 3
3:53:21 PM   CREATE NEW 4
3:53:21 PM   INSERT NEW [ID=0] 3-8-0 Period 1 T=06:46.6/00:00.0 P1=  P2=  U=1012
3:53:21 PM   INSERT NEW 2[ID=0] 3-8-0 Period 1 T=06:46.6/06:36.3 P1=  P2=  U=1012
3:53:21 PM   INSERT NEW 3 RECALC MARKER
3:53:21 PM   CREATE NEW 5
3:53:21 PM   CREATE NEW 6
3:53:21 PM   CREATE NEW 7
3:53:21 PM   CREATE NEW 8
3:53:30 PM   CREATE NEW 1: 0-0-0
3:53:30 PM   CREATE NEW 2
3:53:30 PM   CREATE NEW 3
3:53:30 PM   CREATE NEW 4
3:53:30 PM   CREATE NEW 5
3:53:30 PM   CREATE NEW 6
3:53:30 PM   CREATE NEW 7
3:53:30 PM   CREATE NEW 8
3:53:31 PM   CREATE NEW 1: 1-1-0
3:53:31 PM   CREATE NEW 2
3:53:31 PM   CREATE NEW 3
3:53:31 PM   CREATE NEW 4
3:53:31 PM   CREATE NEW 5
3:53:31 PM   CREATE NEW 6
3:53:31 PM   CREATE NEW 7
3:53:31 PM   CREATE NEW 8
3:53:37 PM   INSERT NEW [ID=0] 1-1-0 Period 1 T=06:50.8/00:00.0 P1=[3] Daine Todd Йокерит (23) Йокерит P2=[4] Artyom Chmykhov ЦСКА Москва (4749) ЦСКА Москва U=1012
3:53:37 PM   INSERT NEW 2[ID=0] 1-1-0 Period 1 T=06:50.8/06:36.3 P1=[3] Daine Todd Йокерит (23) Йокерит P2=[4] Artyom Chmykhov ЦСКА Москва (4749) ЦСКА Москва U=1012
3:53:37 PM   INSERT NEW 3 RECALC MARKER
3:53:48 PM   CREATE NEW 1: 0-0-0
3:53:48 PM   CREATE NEW 2
3:53:48 PM   CREATE NEW 3
3:53:48 PM   CREATE NEW 4
3:53:48 PM   CREATE NEW 5
3:53:48 PM   CREATE NEW 6
3:53:48 PM   CREATE NEW 7
3:53:48 PM   CREATE NEW 8
3:53:49 PM   CREATE NEW 1: 0-0-0
3:53:49 PM   CREATE NEW 2
3:53:49 PM   CREATE NEW 3
3:53:49 PM   CREATE NEW 4
3:53:49 PM   CREATE NEW 5
3:53:49 PM   CREATE NEW 6
3:53:49 PM   CREATE NEW 7
3:53:49 PM   CREATE NEW 8
3:53:50 PM   CREATE NEW 1: 0-0-0
3:53:50 PM   CREATE NEW 2
3:53:50 PM   CREATE NEW 3
3:53:50 PM   CREATE NEW 4
3:53:50 PM   CREATE NEW 5
3:53:50 PM   CREATE NEW 6
3:53:50 PM   CREATE NEW 7
3:53:50 PM   CREATE NEW 8
16:21:41   00:12.3
16:21:41   Update checking
16:21:41   CURR VERSION: 0.1.6043.22620
16:21:41   VERSION: 0.1.6116.28491
16:22:21   00:12.3
16:22:21   Update checking
16:22:21   CURR VERSION: 0.1.6043.22620
16:22:21   VERSION: 0.1.6116.29467
4:26:26 PM   CREATE NEW 1: 0-0-0
4:26:26 PM   CREATE NEW 2
4:26:26 PM   CREATE NEW 3
4:26:26 PM   CREATE NEW 4
4:26:26 PM   CREATE NEW 5
4:26:26 PM   CREATE NEW 6
4:26:26 PM   CREATE NEW 7
4:26:26 PM   CREATE NEW 8
4:26:29 PM   CREATE NEW 1: 0-0-0
4:26:29 PM   CREATE NEW 2
4:26:29 PM   CREATE NEW 3
4:26:29 PM   CREATE NEW 4
4:26:29 PM   CREATE NEW 5
4:26:29 PM   CREATE NEW 6
4:26:29 PM   CREATE NEW 7
4:26:30 PM   CREATE NEW 8
16:47:02   00:12.3
16:47:02   Update checking
16:47:02   CURR VERSION: 0.1.6043.22620
16:47:02   VERSION: 0.1.6116.30210
16:48:15   00:12.3
16:48:15   Update checking
16:48:15   CURR VERSION: 0.1.6043.22620
16:48:15   VERSION: 0.1.6116.30247
4:48:51 PM   CREATE NEW 1: 0-0-0
4:48:56 PM   CREATE NEW 2
4:48:56 PM   CREATE NEW 3
4:48:56 PM   CREATE NEW 4
4:48:56 PM   CREATE NEW 5
4:48:56 PM   CREATE NEW 6
4:48:56 PM   CREATE NEW 7
4:48:56 PM   CREATE NEW 8
4:54:03 PM   CREATE NEW 1: 0-0-0
4:54:05 PM   CREATE NEW 2
4:54:05 PM   CREATE NEW 3
4:54:05 PM   CREATE NEW 4
4:54:05 PM   CREATE NEW 5
4:54:05 PM   CREATE NEW 6
4:54:05 PM   CREATE NEW 7
4:54:05 PM   CREATE NEW 8
16:58:33   00:12.3
16:58:33   Update checking
16:58:33   CURR VERSION: 0.1.6043.22620
16:58:33   VERSION: 0.1.6116.30556
4:59:37 PM   CREATE NEW 1: 0-0-0
4:59:38 PM   CREATE NEW 2
4:59:38 PM   CREATE NEW 3
4:59:38 PM   CREATE NEW 4
4:59:39 PM   CREATE NEW 5
4:59:39 PM   CREATE NEW 6
4:59:39 PM   CREATE NEW 7
4:59:39 PM   CREATE NEW 8
17:18:17   00:12.3
17:18:17   Update checking
17:18:17   CURR VERSION: 0.1.6043.22620
17:18:17   VERSION: 0.1.6116.31147
5:18:55 PM   CREATE NEW 1: 0-0-0
5:18:57 PM   CREATE NEW 2
5:18:57 PM   CREATE NEW 3
5:18:57 PM   CREATE NEW 4
5:18:58 PM   CREATE NEW 5
5:18:58 PM   CREATE NEW 6
5:18:58 PM   CREATE NEW 7
5:18:58 PM   CREATE NEW 8
5:19:02 PM   CREATE NEW 1: 0-0-0
5:19:03 PM   CREATE NEW 2
5:19:03 PM   CREATE NEW 3
5:19:03 PM   CREATE NEW 4
5:19:05 PM   CREATE NEW 5
5:19:05 PM   CREATE NEW 6
5:19:05 PM   CREATE NEW 7
5:19:05 PM   CREATE NEW 8
17:22:45   00:12.3
17:22:45   Update checking
17:22:45   CURR VERSION: 0.1.6043.22620
17:22:45   VERSION: 0.1.6116.31281
