17:42:50   00:12.3
17:42:50   Update checking
17:42:50   CURR VERSION: 0.1.6034.23582
17:42:51   VERSION: 0.1.6034.24458
17:42:51   http://update.instatsport.com/hokreg/
17:42:51   0.1.6034.23607
17:42:51   NEW VERSION: 0.1.6034.23607
17:43:49   00:12.3
17:43:49   Update checking
17:43:49   CURR VERSION: 0.1.6034.23607
17:43:49   http://update.instatsport.com/hokreg/
17:43:49   0.1.6034.23607
17:43:49   NEW VERSION: 0.1.6034.23607
17:43:49   VERSION: 0.1.6034.24458
17:44:35   00:12.3
17:44:35   Update checking
17:44:35   CURR VERSION: 0.1.6034.23607
17:44:36   VERSION: 0.1.6034.24458
17:44:36   http://update.instatsport.com/hokreg/
17:44:36   0.1.6034.23607
17:44:36   NEW VERSION: 0.1.6034.23607
17:45:27   INSERT NEW [ID=0] 16-121-0 Period 1 T=00:00.0/00:00.0 P1=[45] Jonathan Bernier [GK] Toronto Maple Leafs (2968) Toronto Maple Leafs P2=  U=1012
17:45:27   INSERT NEW [ID=0] 16-112-0 Period 1 T=00:00.0/00:00.0 P1=[38] Colin Greening Toronto Maple Leafs (2979) Toronto Maple Leafs P2=  U=1012
17:45:27   INSERT NEW [ID=0] 16-132-0 Period 1 T=00:00.0/00:00.0 P1=[41] Nikita Soshnikov Toronto Maple Leafs (2974) Toronto Maple Leafs P2=  U=1012
17:45:27   INSERT NEW [ID=0] 16-113-0 Period 1 T=00:00.0/00:00.0 P1=[29] TJ Brennan Toronto Maple Leafs (3869) Toronto Maple Leafs P2=  U=1012
17:45:27   INSERT NEW [ID=0] 16-123-0 Period 1 T=00:00.0/00:00.0 P1=[33] Mark Arcobello Toronto Maple Leafs (3921) Toronto Maple Leafs P2=  U=1012
17:45:27   INSERT NEW [ID=0] 16-133-0 Period 1 T=00:00.0/00:00.0 P1=[37] Kasperi Kapanen Toronto Maple Leafs (3868) Toronto Maple Leafs P2=  U=1012
17:45:27   INSERT NEW [ID=0] 16-221-0 Period 1 T=00:00.0/00:00.0 P1= Toronto Maple Leafs P2=  U=1012
17:45:27   INSERT NEW [ID=0] 16-212-0 Period 1 T=00:00.0/00:00.0 P1= Toronto Maple Leafs P2=  U=1012
17:45:27   INSERT NEW [ID=0] 16-232-0 Period 1 T=00:00.0/00:00.0 P1= Toronto Maple Leafs P2=  U=1012
17:45:27   INSERT NEW [ID=0] 16-213-0 Period 1 T=00:00.0/00:00.0 P1=[29] Jared Cowen Toronto Maple Leafs (3941) Toronto Maple Leafs P2=  U=1012
17:45:27   INSERT NEW [ID=0] 16-223-0 Period 1 T=00:00.0/00:00.0 P1= Toronto Maple Leafs P2=  U=1012
17:45:27   INSERT NEW [ID=0] 16-233-0 Period 1 T=00:00.0/00:00.0 P1= Toronto Maple Leafs P2=  U=1012
17:45:27   INSERT NEW [ID=0] 16-121-0 Period 1 T=00:00.0/00:00.0 P1=[31] Carey Price [GK] Montréal Canadiens (3915) Montréal Canadiens P2=  U=1012
17:45:27   INSERT NEW [ID=0] 16-112-0 Period 1 T=00:00.0/00:00.0 P1=[44] Darren Dietz Montréal Canadiens (3158) Montréal Canadiens P2=  U=1012
17:45:27   INSERT NEW [ID=0] 16-132-0 Period 1 T=00:00.0/00:00.0 P1=[43] Daniel Carr Montréal Canadiens (3880) Montréal Canadiens P2=  U=1012
17:45:27   INSERT NEW [ID=0] 16-113-0 Period 1 T=00:00.0/00:00.0 P1=[42] Sven Andrighetto Montréal Canadiens (1611) Montréal Canadiens P2=  U=1012
17:45:27   INSERT NEW [ID=0] 16-123-0 Period 1 T=00:00.0/00:00.0 P1=[41] Paul Byron Montréal Canadiens (1602) Montréal Canadiens P2=  U=1012
17:45:27   INSERT NEW [ID=0] 16-133-0 Period 1 T=00:00.0/00:00.0 P1=[36] Brett Lernout Montréal Canadiens (3881) Montréal Canadiens P2=  U=1012
5:45:45 PM   INSERT NEW [ID=0] 18-1-0 Period 1 T=00:00.9/00:00.0 P1=  P2=  U=1012
5:45:49 PM   CHANGE PLAYERS З Л [38] Colin Greening Toronto Maple Leafs (2979) <- 
5:45:49 PM   INSERT NEW [ID=0] 14-12-0 Period 1 T=00:00.9/00:00.0 P1=[38] Colin Greening Toronto Maple Leafs (2979) Toronto Maple Leafs P2=  U=1012
5:45:49 PM   CHANGE PLAYERS З П [41] Nikita Soshnikov Toronto Maple Leafs (2974) <- 
5:45:49 PM   INSERT NEW [ID=0] 14-32-0 Period 1 T=00:00.9/00:00.0 P1=[41] Nikita Soshnikov Toronto Maple Leafs (2974) Toronto Maple Leafs P2=  U=1012
5:45:49 PM   CHANGE PLAYERS Ф Л [29] TJ Brennan Toronto Maple Leafs (3869) <- 
5:45:49 PM   INSERT NEW [ID=0] 14-13-0 Period 1 T=00:00.9/00:00.0 P1=[29] TJ Brennan Toronto Maple Leafs (3869) Toronto Maple Leafs P2=  U=1012
5:45:49 PM   CHANGE PLAYERS Ф Ц [33] Mark Arcobello Toronto Maple Leafs (3921) <- 
5:45:49 PM   INSERT NEW [ID=0] 14-23-0 Period 1 T=00:00.9/00:00.0 P1=[33] Mark Arcobello Toronto Maple Leafs (3921) Toronto Maple Leafs P2=  U=1012
5:45:49 PM   CHANGE PLAYERS Ф П [37] Kasperi Kapanen Toronto Maple Leafs (3868) <- 
5:45:49 PM   INSERT NEW [ID=0] 14-33-0 Period 1 T=00:00.9/00:00.0 P1=[37] Kasperi Kapanen Toronto Maple Leafs (3868) Toronto Maple Leafs P2=  U=1012
5:45:51 PM   CHANGE PLAYERS З Л [44] Darren Dietz Montréal Canadiens (3158) <- 
5:45:51 PM   INSERT NEW [ID=0] 14-12-0 Period 1 T=00:00.9/00:00.0 P1=[44] Darren Dietz Montréal Canadiens (3158) Montréal Canadiens P2=  U=1012
5:45:51 PM   CHANGE PLAYERS З П [43] Daniel Carr Montréal Canadiens (3880) <- 
5:45:51 PM   INSERT NEW [ID=0] 14-32-0 Period 1 T=00:00.9/00:00.0 P1=[43] Daniel Carr Montréal Canadiens (3880) Montréal Canadiens P2=  U=1012
5:45:51 PM   CHANGE PLAYERS Ф Л [42] Sven Andrighetto Montréal Canadiens (1611) <- 
5:45:51 PM   INSERT NEW [ID=0] 14-13-0 Period 1 T=00:00.9/00:00.0 P1=[42] Sven Andrighetto Montréal Canadiens (1611) Montréal Canadiens P2=  U=1012
5:45:51 PM   CHANGE PLAYERS Ф Ц [41] Paul Byron Montréal Canadiens (1602) <- 
5:45:51 PM   INSERT NEW [ID=0] 14-23-0 Period 1 T=00:00.9/00:00.0 P1=[41] Paul Byron Montréal Canadiens (1602) Montréal Canadiens P2=  U=1012
5:45:51 PM   CHANGE PLAYERS Ф П [36] Brett Lernout Montréal Canadiens (3881) <- 
5:45:51 PM   INSERT NEW [ID=0] 14-33-0 Period 1 T=00:00.9/00:00.0 P1=[36] Brett Lernout Montréal Canadiens (3881) Montréal Canadiens P2=  U=1012
5:45:52 PM   CHANGE PLAYERS ГК Ц [31] Carey Price [GK] Montréal Canadiens (3915) <- 
5:45:52 PM   INSERT NEW [ID=0] 14-21-0 Period 1 T=00:00.9/00:00.0 P1=[31] Carey Price [GK] Montréal Canadiens (3915) Montréal Canadiens P2=  U=1012
5:45:53 PM   CHANGE PLAYERS ГК Ц [45] Jonathan Bernier [GK] Toronto Maple Leafs (2968) <- 
5:45:53 PM   INSERT NEW [ID=0] 14-21-0 Period 1 T=00:00.9/00:00.0 P1=[45] Jonathan Bernier [GK] Toronto Maple Leafs (2968) Toronto Maple Leafs P2=  U=1012
5:45:59 PM   INSERT NEW [ID=0] 1-1-0 Period 1 T=00:02.2/00:00.0 P1=[33] Mark Arcobello Toronto Maple Leafs (3921) Toronto Maple Leafs P2=[41] Paul Byron Montréal Canadiens (1602) Montréal Canadiens U=1012
5:46:02 PM   INSERT NEW [ID=0] 3-8-0 Period 1 T=00:03.5/00:00.0 P1=  P2=  U=1012
18:30:15   00:12.3
18:30:15   Update checking
18:30:15   CURR VERSION: 0.1.6034.23607
18:30:15   VERSION: 0.1.6036.33306
18:30:15   http://update.instatsport.com/hokreg/
18:30:15   0.1.6034.23607
18:30:15   NEW VERSION: 0.1.6034.23607
