13:15:21   00:12.3
13:15:21   Update checking
13:15:22   CURR VERSION: 0.1.6043.22620
13:15:22   VERSION: 0.1.6106.23829
14:34:22   00:12.3
14:34:23   Update checking
14:34:23   CURR VERSION: 0.1.6043.22620
14:34:23   VERSION: 0.1.6106.26230
15:14:00   00:12.3
15:14:00   Update checking
15:14:00   CURR VERSION: 0.1.6043.22620
15:14:00   VERSION: 0.1.6106.27418
15:31:09   00:12.3
15:31:09   Update checking
15:31:09   CURR VERSION: 0.1.6043.22620
15:31:09   VERSION: 0.1.6106.27932
17:16:19   00:12.3
17:16:19   Update checking
17:16:19   CURR VERSION: 0.1.6043.22620
17:16:19   VERSION: 0.1.6106.31088
17:19:56   00:12.3
17:19:56   Update checking
17:19:56   CURR VERSION: 0.1.6043.22620
17:19:56   VERSION: 0.1.6106.31190
18:02:54   
18:02:54   *** EXCEPTION ***
18:02:54   Не удалось загрузить тип Uniso.InStat.Options, необходимый для десериализации.
18:02:54      в System.Runtime.Serialization.ObjectManager.DoFixups()
   в System.Runtime.Serialization.Formatters.Binary.ObjectReader.Deserialize(HeaderHandler handler, __BinaryParser serParser, Boolean fCheck, Boolean isCrossAppDomain, IMethodCallMessage methodCallMessage)
   в System.Runtime.Serialization.Formatters.Binary.BinaryFormatter.Deserialize(Stream serializationStream, HeaderHandler handler, Boolean fCheck, Boolean isCrossAppDomain, IMethodCallMessage methodCallMessage)
   в System.Runtime.Serialization.Formatters.Binary.BinaryFormatter.Deserialize(Stream serializationStream)
   в Uniso.InStat.Classes.Options.Load() в C:\Hokreg\Hokreg\Classes\Options.cs:строка 260
   в Uniso.InStat.Classes.Options.get_G() в C:\Hokreg\Hokreg\Classes\Options.cs:строка 198
   в Uniso.InStat.Gui.Forms.SelectForm.<DoBeginWork>b__10_0() в C:\Hokreg\Hokreg\Gui\Forms\SelectForm.cs:строка 114
18:02:54   *** EXCEPTION ***
18:02:54   
18:03:02   
18:03:02   *** EXCEPTION ***
18:03:02   Не удалось загрузить тип Uniso.InStat.Options, необходимый для десериализации.
18:03:02      в System.Runtime.Serialization.ObjectManager.DoFixups()
   в System.Runtime.Serialization.Formatters.Binary.ObjectReader.Deserialize(HeaderHandler handler, __BinaryParser serParser, Boolean fCheck, Boolean isCrossAppDomain, IMethodCallMessage methodCallMessage)
   в System.Runtime.Serialization.Formatters.Binary.BinaryFormatter.Deserialize(Stream serializationStream, HeaderHandler handler, Boolean fCheck, Boolean isCrossAppDomain, IMethodCallMessage methodCallMessage)
   в System.Runtime.Serialization.Formatters.Binary.BinaryFormatter.Deserialize(Stream serializationStream)
   в Uniso.InStat.Classes.Options.Load() в C:\Hokreg\Hokreg\Classes\Options.cs:строка 260
   в Uniso.InStat.Classes.Options.get_G() в C:\Hokreg\Hokreg\Classes\Options.cs:строка 198
   в Uniso.InStat.Gui.Forms.SelectForm.<DoBeginWork>b__10_0() в C:\Hokreg\Hokreg\Gui\Forms\SelectForm.cs:строка 114
18:03:02   *** EXCEPTION ***
18:03:02   
18:04:23   
18:04:23   *** EXCEPTION ***
18:04:23   Не удалось загрузить тип Uniso.InStat.Options, необходимый для десериализации.
18:04:23      в System.Runtime.Serialization.ObjectManager.DoFixups()
   в System.Runtime.Serialization.Formatters.Binary.ObjectReader.Deserialize(HeaderHandler handler, __BinaryParser serParser, Boolean fCheck, Boolean isCrossAppDomain, IMethodCallMessage methodCallMessage)
   в System.Runtime.Serialization.Formatters.Binary.BinaryFormatter.Deserialize(Stream serializationStream, HeaderHandler handler, Boolean fCheck, Boolean isCrossAppDomain, IMethodCallMessage methodCallMessage)
   в System.Runtime.Serialization.Formatters.Binary.BinaryFormatter.Deserialize(Stream serializationStream)
   в Uniso.InStat.Classes.Options.Load() в C:\Hokreg\Hokreg\Classes\Options.cs:строка 260
   в Uniso.InStat.Classes.Options.get_G() в C:\Hokreg\Hokreg\Classes\Options.cs:строка 198
   в Uniso.InStat.Gui.Forms.SelectForm.<DoBeginWork>b__10_0() в C:\Hokreg\Hokreg\Gui\Forms\SelectForm.cs:строка 114
18:04:23   *** EXCEPTION ***
18:04:23   
18:06:23   00:12.3
18:06:23   Update checking
18:06:23   CURR VERSION: 0.1.6043.22620
18:06:23   VERSION: 0.1.6106.31190
18:07:28   
18:07:28   *** EXCEPTION ***
18:07:28   Не удалось загрузить тип Uniso.InStat.Options, необходимый для десериализации.
18:07:28      в System.Runtime.Serialization.ObjectManager.DoFixups()
   в System.Runtime.Serialization.Formatters.Binary.ObjectReader.Deserialize(HeaderHandler handler, __BinaryParser serParser, Boolean fCheck, Boolean isCrossAppDomain, IMethodCallMessage methodCallMessage)
   в System.Runtime.Serialization.Formatters.Binary.BinaryFormatter.Deserialize(Stream serializationStream, HeaderHandler handler, Boolean fCheck, Boolean isCrossAppDomain, IMethodCallMessage methodCallMessage)
   в System.Runtime.Serialization.Formatters.Binary.BinaryFormatter.Deserialize(Stream serializationStream)
   в Uniso.InStat.Classes.Options.Load() в C:\Hokreg\Hokreg\Classes\Options.cs:строка 260
   в Uniso.InStat.Classes.Options.get_G() в C:\Hokreg\Hokreg\Classes\Options.cs:строка 198
   в Uniso.InStat.Gui.Forms.SelectForm.<DoBeginWork>b__10_0() в C:\Hokreg\Hokreg\Gui\Forms\SelectForm.cs:строка 114
18:07:28   *** EXCEPTION ***
18:07:28   
18:08:51   00:12.3
18:08:51   Update checking
18:08:51   CURR VERSION: 0.1.6043.22620
18:08:52   VERSION: 0.1.6106.31190
18:23:09   00:12.3
18:23:09   Update checking
18:23:09   CURR VERSION: 0.1.6043.22620
18:23:09   VERSION: 0.1.6106.31190
18:42:37   00:12.3
18:42:37   Update checking
18:42:37   CURR VERSION: 0.1.6043.22620
18:42:37   VERSION: 0.1.6106.31190
18:44:18   00:12.3
18:44:18   Update checking
18:44:18   CURR VERSION: 0.1.6043.22620
18:44:18   VERSION: 0.1.6106.31190
18:55:19   00:12.3
18:55:19   Update checking
18:55:19   CURR VERSION: 0.1.6043.22620
18:55:19   VERSION: 0.1.6106.31190
19:09:51   00:12.3
19:09:51   Update checking
19:09:51   CURR VERSION: 0.1.6043.22620
19:09:51   VERSION: 0.1.6106.34495
19:10:51   CHANGE PLAYERS Ф П [31] Riku Helenius [GK] Йокерит (42) <- 
19:10:51   INSERT NEW [ID=0] 14-33-0 Period 1 T=00:00.0/00:00.0 P1=[31] Riku Helenius [GK] Йокерит (42) Йокерит P2=  U=1012
19:10:51   INSERT NEW 2[ID=0] 14-33-0 Period 1 T=00:00.0/00:00.0 P1=[31] Riku Helenius [GK] Йокерит (42) Йокерит P2=  U=1012
19:10:51   INSERT NEW 3 RECALC MARKER
19:10:59   CHANGE PLAYERS Ф Ц [28] Jani Rita Йокерит (31) <- 
19:10:59   INSERT NEW [ID=0] 14-23-0 Period 1 T=00:00.0/00:00.0 P1=[28] Jani Rita Йокерит (31) Йокерит P2=  U=1012
19:10:59   INSERT NEW 2[ID=0] 14-23-0 Period 1 T=00:00.0/00:00.0 P1=[28] Jani Rita Йокерит (31) Йокерит P2=  U=1012
19:10:59   INSERT NEW 3 RECALC MARKER
19:11:06   CHANGE PLAYERS Ф Л [4] Ossi Vaananen Йокерит (24) <- 
19:11:06   INSERT NEW [ID=0] 14-13-0 Period 1 T=00:00.0/00:00.0 P1=[4] Ossi Vaananen Йокерит (24) Йокерит P2=  U=1012
19:11:06   INSERT NEW 2[ID=0] 14-13-0 Period 1 T=00:00.0/00:00.0 P1=[4] Ossi Vaananen Йокерит (24) Йокерит P2=  U=1012
19:11:06   INSERT NEW 3 RECALC MARKER
19:11:13   CHANGE PLAYERS З Л [3] Daine Todd Йокерит (23) <- 
19:11:13   INSERT NEW [ID=0] 14-12-0 Period 1 T=00:00.0/00:00.0 P1=[3] Daine Todd Йокерит (23) Йокерит P2=  U=1012
19:11:13   INSERT NEW 2[ID=0] 14-12-0 Period 1 T=00:00.0/00:00.0 P1=[3] Daine Todd Йокерит (23) Йокерит P2=  U=1012
19:11:13   INSERT NEW 3 RECALC MARKER
19:11:15   CHANGE PLAYERS З П [12] Steve Moses Йокерит (27) <- 
19:11:15   INSERT NEW [ID=0] 14-32-0 Period 1 T=00:00.0/00:00.0 P1=[12] Steve Moses Йокерит (27) Йокерит P2=  U=1012
19:11:15   INSERT NEW 2[ID=0] 14-32-0 Period 1 T=00:00.0/00:00.0 P1=[12] Steve Moses Йокерит (27) Йокерит P2=  U=1012
19:11:15   INSERT NEW 3 RECALC MARKER
19:11:18   CHANGE PLAYERS ГК Ц [61] Tommi Huhtala Йокерит (37) <- 
19:11:18   INSERT NEW [ID=0] 14-21-0 Period 1 T=00:00.0/00:00.0 P1=[61] Tommi Huhtala Йокерит (37) Йокерит P2=  U=1012
19:11:18   INSERT NEW 2[ID=0] 14-21-0 Period 1 T=00:00.0/00:00.0 P1=[61] Tommi Huhtala Йокерит (37) Йокерит P2=  U=1012
19:11:18   INSERT NEW 3 RECALC MARKER
19:11:28   CHANGE PLAYERS З П [32] Riku Hahl Йокерит (32) <- [12] Steve Moses Йокерит (27)
19:11:35   CHANGE PLAYERS ГК Ц [9] Niklas Hagman Йокерит (26) <- [61] Tommi Huhtala Йокерит (37)
19:11:38   CHANGE PLAYERS ГК Ц [76] Jere Sallinen Йокерит (39) <- [61] Tommi Huhtala Йокерит (37)
19:11:41   CHANGE PLAYERS ГК Ц [79] Eetu Poysti Йокерит (40) <- [61] Tommi Huhtala Йокерит (37)
19:11:49   CHANGE PLAYERS З Л [6] Topi Jaakola Йокерит (25) <- [3] Daine Todd Йокерит (23)
19:12:29   00:12.3
19:12:29   Update checking
19:12:29   CURR VERSION: 0.1.6043.22620
19:12:29   VERSION: 0.1.6106.34573
19:13:10   RETURN PLAYER [61] Tommi Huhtala Йокерит (37)
19:13:10   INSERT NEW [ID=0] 14-21-0 Period 1 T=00:00.0/00:00.0 P1=  P2=[61] Tommi Huhtala Йокерит (37) Йокерит U=1012
19:13:10   INSERT NEW 2[ID=0] 14-21-0 Period 1 T=00:00.0/00:00.0 P1=  P2=[61] Tommi Huhtala Йокерит (37) Йокерит U=1012
19:13:10   INSERT NEW 3 RECALC MARKER
19:13:10   RETURN PLAYER [3] Daine Todd Йокерит (23)
19:13:10   INSERT NEW [ID=0] 14-12-0 Period 1 T=00:00.0/00:00.0 P1=  P2=[3] Daine Todd Йокерит (23) Йокерит U=1012
19:13:10   INSERT NEW 2[ID=0] 14-12-0 Period 1 T=00:00.0/00:00.0 P1=  P2=[3] Daine Todd Йокерит (23) Йокерит U=1012
19:13:10   INSERT NEW 3 RECALC MARKER
19:13:10   RETURN PLAYER [12] Steve Moses Йокерит (27)
19:13:10   INSERT NEW [ID=0] 14-32-0 Period 1 T=00:00.0/00:00.0 P1=  P2=[12] Steve Moses Йокерит (27) Йокерит U=1012
19:13:10   INSERT NEW 2[ID=0] 14-32-0 Period 1 T=00:00.0/00:00.0 P1=  P2=[12] Steve Moses Йокерит (27) Йокерит U=1012
19:13:10   INSERT NEW 3 RECALC MARKER
19:13:10   RETURN PLAYER [4] Ossi Vaananen Йокерит (24)
19:13:10   INSERT NEW [ID=0] 14-13-0 Period 1 T=00:00.0/00:00.0 P1=  P2=[4] Ossi Vaananen Йокерит (24) Йокерит U=1012
19:13:10   INSERT NEW 2[ID=0] 14-13-0 Period 1 T=00:00.0/00:00.0 P1=  P2=[4] Ossi Vaananen Йокерит (24) Йокерит U=1012
19:13:10   INSERT NEW 3 RECALC MARKER
19:13:10   RETURN PLAYER [28] Jani Rita Йокерит (31)
19:13:10   INSERT NEW [ID=0] 14-23-0 Period 1 T=00:00.0/00:00.0 P1=  P2=[28] Jani Rita Йокерит (31) Йокерит U=1012
19:13:10   INSERT NEW 2[ID=0] 14-23-0 Period 1 T=00:00.0/00:00.0 P1=  P2=[28] Jani Rita Йокерит (31) Йокерит U=1012
19:13:10   INSERT NEW 3 RECALC MARKER
19:13:10   RETURN PLAYER [31] Riku Helenius [GK] Йокерит (42)
19:13:10   INSERT NEW [ID=0] 14-33-0 Period 1 T=00:00.0/00:00.0 P1=  P2=[31] Riku Helenius [GK] Йокерит (42) Йокерит U=1012
19:13:10   INSERT NEW 2[ID=0] 14-33-0 Period 1 T=00:00.0/00:00.0 P1=  P2=[31] Riku Helenius [GK] Йокерит (42) Йокерит U=1012
19:13:10   INSERT NEW 3 RECALC MARKER
