11:07:22   00:12.3
11:07:22   Update checking
11:07:22   CURR VERSION: 0.1.6043.22620
11:07:22   VERSION: 0.1.6108.19990
11:24:14   00:12.3
11:24:15   Update checking
11:24:15   CURR VERSION: 0.1.6043.22620
11:24:15   VERSION: 0.1.6108.20526
11:30:55   00:12.3
11:30:55   Update checking
11:30:55   CURR VERSION: 0.1.6043.22620
11:30:55   VERSION: 0.1.6108.20724
11:47:06   00:12.3
11:47:06   Update checking
11:47:06   CURR VERSION: 0.1.6043.22620
11:47:06   VERSION: 0.1.6108.21212
12:27:44   00:12.3
12:27:44   Update checking
12:27:44   CURR VERSION: 0.1.6043.22620
12:27:44   VERSION: 0.1.6108.22431
12:32:23   00:12.3
12:32:23   Update checking
12:32:23   CURR VERSION: 0.1.6043.22620
12:32:23   VERSION: 0.1.6108.22431
12:32:51   00:12.3
12:32:51   Update checking
12:32:51   CURR VERSION: 0.1.6043.22620
12:32:52   VERSION: 0.1.6108.22431
13:27:56   00:12.3
13:27:56   Update checking
13:27:56   CURR VERSION: 0.1.6043.22620
13:27:56   VERSION: 0.1.6108.24237
14:00:02   00:12.3
14:00:02   Update checking
14:00:02   CURR VERSION: 0.1.6043.22620
14:00:02   VERSION: 0.1.6108.25107
16:08:45   00:12.3
16:08:45   Update checking
16:08:45   CURR VERSION: 0.1.6043.22620
16:08:45   VERSION: 0.1.6108.29056
4:13:47 PM   RETURN PLAYER [31] Riku Helenius [GK] Йокерит (42)
4:13:47 PM   INSERT NEW [ID=0] 14-21-0 Period 1 T=00:06.4/00:00.0 P1=  P2=[31] Riku Helenius [GK] Йокерит (42) Йокерит U=1012
4:13:47 PM   INSERT NEW 2[ID=0] 14-21-0 Period 1 T=00:06.4/00:04.6 P1=  P2=[31] Riku Helenius [GK] Йокерит (42) Йокерит U=1012
4:13:47 PM   INSERT NEW 3 RECALC MARKER
4:13:47 PM   RETURN PLAYER [6] Topi Jaakola Йокерит (25)
4:13:47 PM   INSERT NEW [ID=0] 14-12-0 Period 1 T=00:06.4/00:00.0 P1=  P2=[6] Topi Jaakola Йокерит (25) Йокерит U=1012
4:13:47 PM   INSERT NEW 2[ID=0] 14-12-0 Period 1 T=00:06.4/00:04.6 P1=  P2=[6] Topi Jaakola Йокерит (25) Йокерит U=1012
4:13:47 PM   INSERT NEW 3 RECALC MARKER
4:13:47 PM   RETURN PLAYER [28] Jani Rita Йокерит (31)
4:13:47 PM   INSERT NEW [ID=0] 14-32-0 Period 1 T=00:06.4/00:00.0 P1=  P2=[28] Jani Rita Йокерит (31) Йокерит U=1012
4:13:47 PM   INSERT NEW 2[ID=0] 14-32-0 Period 1 T=00:06.4/00:04.6 P1=  P2=[28] Jani Rita Йокерит (31) Йокерит U=1012
4:13:47 PM   INSERT NEW 3 RECALC MARKER
4:13:47 PM   RETURN PLAYER [4] Ossi Vaananen Йокерит (24)
4:13:47 PM   INSERT NEW [ID=0] 14-13-0 Period 1 T=00:06.4/00:00.0 P1=  P2=[4] Ossi Vaananen Йокерит (24) Йокерит U=1012
4:13:47 PM   INSERT NEW 2[ID=0] 14-13-0 Period 1 T=00:06.4/00:04.6 P1=  P2=[4] Ossi Vaananen Йокерит (24) Йокерит U=1012
4:13:47 PM   INSERT NEW 3 RECALC MARKER
4:13:47 PM   RETURN PLAYER [3] Daine Todd Йокерит (23)
4:13:47 PM   INSERT NEW [ID=0] 14-23-0 Period 1 T=00:06.4/00:00.0 P1=  P2=[3] Daine Todd Йокерит (23) Йокерит U=1012
4:13:47 PM   INSERT NEW 2[ID=0] 14-23-0 Period 1 T=00:06.4/00:04.6 P1=  P2=[3] Daine Todd Йокерит (23) Йокерит U=1012
4:13:47 PM   INSERT NEW 3 RECALC MARKER
4:13:47 PM   RETURN PLAYER [12] Steve Moses Йокерит (27)
4:13:47 PM   INSERT NEW [ID=0] 14-33-0 Period 1 T=00:06.4/00:00.0 P1=  P2=[12] Steve Moses Йокерит (27) Йокерит U=1012
4:13:47 PM   INSERT NEW 2[ID=0] 14-33-0 Period 1 T=00:06.4/00:04.6 P1=  P2=[12] Steve Moses Йокерит (27) Йокерит U=1012
4:13:47 PM   INSERT NEW 3 RECALC MARKER
4:13:50 PM   CHANGE PLAYERS З Л [6] Topi Jaakola Йокерит (25) <- 
4:13:50 PM   INSERT NEW [ID=0] 14-12-0 Period 1 T=00:06.6/00:00.0 P1=[6] Topi Jaakola Йокерит (25) Йокерит P2=  U=1012
4:13:50 PM   INSERT NEW 2[ID=0] 14-12-0 Period 1 T=00:06.6/00:04.7 P1=[6] Topi Jaakola Йокерит (25) Йокерит P2=  U=1012
4:13:50 PM   INSERT NEW 3 RECALC MARKER
4:13:52 PM   CHANGE PLAYERS З П [28] Jani Rita Йокерит (31) <- 
4:13:52 PM   INSERT NEW [ID=0] 14-32-0 Period 1 T=00:06.6/00:00.0 P1=[28] Jani Rita Йокерит (31) Йокерит P2=  U=1012
4:13:52 PM   INSERT NEW 2[ID=0] 14-32-0 Period 1 T=00:06.6/00:04.7 P1=[28] Jani Rita Йокерит (31) Йокерит P2=  U=1012
4:13:52 PM   INSERT NEW 3 RECALC MARKER
4:13:56 PM   CHANGE PLAYERS Ф П [12] Steve Moses Йокерит (27) <- 
4:13:56 PM   INSERT NEW [ID=0] 14-33-0 Period 1 T=00:06.6/00:00.0 P1=[12] Steve Moses Йокерит (27) Йокерит P2=  U=1012
4:13:56 PM   INSERT NEW 2[ID=0] 14-33-0 Period 1 T=00:06.6/00:04.7 P1=[12] Steve Moses Йокерит (27) Йокерит P2=  U=1012
4:13:56 PM   INSERT NEW 3 RECALC MARKER
4:13:57 PM   CHANGE PLAYERS Ф Ц [3] Daine Todd Йокерит (23) <- 
4:13:57 PM   INSERT NEW [ID=0] 14-23-0 Period 1 T=00:06.6/00:00.0 P1=[3] Daine Todd Йокерит (23) Йокерит P2=  U=1012
4:13:57 PM   INSERT NEW 2[ID=0] 14-23-0 Period 1 T=00:06.6/00:04.7 P1=[3] Daine Todd Йокерит (23) Йокерит P2=  U=1012
4:13:57 PM   INSERT NEW 3 RECALC MARKER
4:13:59 PM   CHANGE PLAYERS Ф Л [4] Ossi Vaananen Йокерит (24) <- 
4:13:59 PM   INSERT NEW [ID=0] 14-13-0 Period 1 T=00:06.6/00:00.0 P1=[4] Ossi Vaananen Йокерит (24) Йокерит P2=  U=1012
4:13:59 PM   INSERT NEW 2[ID=0] 14-13-0 Period 1 T=00:06.6/00:04.7 P1=[4] Ossi Vaananen Йокерит (24) Йокерит P2=  U=1012
4:13:59 PM   INSERT NEW 3 RECALC MARKER
4:14:03 PM   CHANGE PLAYERS ГК Ц [31] Riku Helenius [GK] Йокерит (42) <- 
4:14:03 PM   INSERT NEW [ID=0] 14-21-0 Period 1 T=00:06.6/00:00.0 P1=[31] Riku Helenius [GK] Йокерит (42) Йокерит P2=  U=1012
4:14:03 PM   INSERT NEW 2[ID=0] 14-21-0 Period 1 T=00:06.6/00:04.7 P1=[31] Riku Helenius [GK] Йокерит (42) Йокерит P2=  U=1012
4:14:03 PM   INSERT NEW 3 RECALC MARKER
4:14:19 PM   INSERT NEW [ID=0] 18-2-0 Period 2 T=00:33.8/00:00.0 P1=  P2=  U=1012
4:14:19 PM   INSERT NEW 2[ID=0] 18-2-0 Period 2 T=00:33.8/00:00.0 P1=  P2=  U=1012
4:14:19 PM   INSERT NEW 3 RECALC MARKER
16:16:07   INSERT NEW [ID=0] 16-121-0 Period 1 T=00:00.0/00:00.0 P1=[31] Riku Helenius [GK] Йокерит (42) Йокерит P2=  U=1012
16:16:07   INSERT NEW 2[ID=0] 16-121-0 Period 1 T=00:00.0/00:00.0 P1=[31] Riku Helenius [GK] Йокерит (42) Йокерит P2=  U=1012
16:16:07   INSERT NEW 3 RECALC MARKER
16:16:07   INSERT NEW [ID=0] 16-112-0 Period 1 T=00:00.0/00:00.0 P1=[14] Tomi Maki Йокерит (29) Йокерит P2=  U=1012
16:16:07   INSERT NEW 2[ID=0] 16-112-0 Period 1 T=00:00.0/00:00.0 P1=[14] Tomi Maki Йокерит (29) Йокерит P2=  U=1012
16:16:07   INSERT NEW 3 RECALC MARKER
16:16:07   INSERT NEW [ID=0] 16-132-0 Period 1 T=00:00.0/00:00.0 P1=[28] Jani Rita Йокерит (31) Йокерит P2=  U=1012
16:16:07   INSERT NEW 2[ID=0] 16-132-0 Period 1 T=00:00.0/00:00.0 P1=[28] Jani Rita Йокерит (31) Йокерит P2=  U=1012
16:16:07   INSERT NEW 3 RECALC MARKER
16:16:07   INSERT NEW [ID=0] 16-113-0 Period 1 T=00:00.0/00:00.0 P1=[9] Joonas  Jalvanti Йокерит (5041) Йокерит P2=  U=1012
16:16:07   INSERT NEW 2[ID=0] 16-113-0 Period 1 T=00:00.0/00:00.0 P1=[9] Joonas  Jalvanti Йокерит (5041) Йокерит P2=  U=1012
16:16:07   INSERT NEW 3 RECALC MARKER
16:16:07   INSERT NEW [ID=0] 16-123-0 Period 1 T=00:00.0/00:00.0 P1=[12] Steve Moses Йокерит (27) Йокерит P2=  U=1012
16:16:07   INSERT NEW 2[ID=0] 16-123-0 Period 1 T=00:00.0/00:00.0 P1=[12] Steve Moses Йокерит (27) Йокерит P2=  U=1012
16:16:07   INSERT NEW 3 RECALC MARKER
16:16:07   INSERT NEW [ID=0] 16-133-0 Period 1 T=00:00.0/00:00.0 P1=[13] Ryan  Gunderson Йокерит (28) Йокерит P2=  U=1012
16:16:07   INSERT NEW 2[ID=0] 16-133-0 Period 1 T=00:00.0/00:00.0 P1=[13] Ryan  Gunderson Йокерит (28) Йокерит P2=  U=1012
16:16:07   INSERT NEW 3 RECALC MARKER
16:16:07   INSERT NEW [ID=0] 16-221-0 Period 1 T=00:00.0/00:00.0 P1=[30] Ryan  Zapolski [GK] Йокерит (5033) Йокерит P2=  U=1012
16:16:07   INSERT NEW 2[ID=0] 16-221-0 Period 1 T=00:00.0/00:00.0 P1=[30] Ryan  Zapolski [GK] Йокерит (5033) Йокерит P2=  U=1012
16:16:07   INSERT NEW 3 RECALC MARKER
16:16:07   INSERT NEW [ID=0] 16-212-0 Period 1 T=00:00.0/00:00.0 P1=[9] Niklas Hagman Йокерит (26) Йокерит P2=  U=1012
16:16:07   INSERT NEW 2[ID=0] 16-212-0 Period 1 T=00:00.0/00:00.0 P1=[9] Niklas Hagman Йокерит (26) Йокерит P2=  U=1012
16:16:07   INSERT NEW 3 RECALC MARKER
16:16:07   INSERT NEW [ID=0] 16-232-0 Period 1 T=00:00.0/00:00.0 P1=[32] Riku Hahl Йокерит (32) Йокерит P2=  U=1012
16:16:07   INSERT NEW 2[ID=0] 16-232-0 Period 1 T=00:00.0/00:00.0 P1=[32] Riku Hahl Йокерит (32) Йокерит P2=  U=1012
16:16:07   INSERT NEW 3 RECALC MARKER
16:16:07   INSERT NEW [ID=0] 16-213-0 Period 1 T=00:00.0/00:00.0 P1=[79] Eetu Poysti Йокерит (40) Йокерит P2=  U=1012
16:16:07   INSERT NEW 2[ID=0] 16-213-0 Period 1 T=00:00.0/00:00.0 P1=[79] Eetu Poysti Йокерит (40) Йокерит P2=  U=1012
16:16:07   INSERT NEW 3 RECALC MARKER
16:16:07   INSERT NEW [ID=0] 16-223-0 Period 1 T=00:00.0/00:00.0 P1=[76] Jere Sallinen Йокерит (39) Йокерит P2=  U=1012
16:16:07   INSERT NEW 2[ID=0] 16-223-0 Period 1 T=00:00.0/00:00.0 P1=[76] Jere Sallinen Йокерит (39) Йокерит P2=  U=1012
16:16:07   INSERT NEW 3 RECALC MARKER
16:16:07   INSERT NEW [ID=0] 16-233-0 Period 1 T=00:00.0/00:00.0 P1=[61] Tommi Huhtala Йокерит (37) Йокерит P2=  U=1012
16:16:07   INSERT NEW 2[ID=0] 16-233-0 Period 1 T=00:00.0/00:00.0 P1=[61] Tommi Huhtala Йокерит (37) Йокерит P2=  U=1012
16:16:07   INSERT NEW 3 RECALC MARKER
16:16:07   INSERT NEW [ID=0] 16-312-0 Period 1 T=00:00.0/00:00.0 P1=[6] Topi Jaakola Йокерит (25) Йокерит P2=  U=1012
16:16:07   INSERT NEW 2[ID=0] 16-312-0 Period 1 T=00:00.0/00:00.0 P1=[6] Topi Jaakola Йокерит (25) Йокерит P2=  U=1012
16:16:07   INSERT NEW 3 RECALC MARKER
16:16:07   INSERT NEW [ID=0] 16-332-0 Period 1 T=00:00.0/00:00.0 P1=[7] Oliver  Lauridsen Йокерит (5038) Йокерит P2=  U=1012
16:16:07   INSERT NEW 2[ID=0] 16-332-0 Period 1 T=00:00.0/00:00.0 P1=[7] Oliver  Lauridsen Йокерит (5038) Йокерит P2=  U=1012
16:16:07   INSERT NEW 3 RECALC MARKER
16:16:07   INSERT NEW [ID=0] 16-313-0 Period 1 T=00:00.0/00:00.0 P1=[2] Rasmus Rissanen Йокерит (5040) Йокерит P2=  U=1012
16:16:07   INSERT NEW 2[ID=0] 16-313-0 Period 1 T=00:00.0/00:00.0 P1=[2] Rasmus Rissanen Йокерит (5040) Йокерит P2=  U=1012
16:16:07   INSERT NEW 3 RECALC MARKER
16:16:07   INSERT NEW [ID=0] 16-323-0 Period 1 T=00:00.0/00:00.0 P1=[3] Daine Todd Йокерит (23) Йокерит P2=  U=1012
16:16:07   INSERT NEW 2[ID=0] 16-323-0 Period 1 T=00:00.0/00:00.0 P1=[3] Daine Todd Йокерит (23) Йокерит P2=  U=1012
16:16:07   INSERT NEW 3 RECALC MARKER
16:16:07   INSERT NEW [ID=0] 16-333-0 Period 1 T=00:00.0/00:00.0 P1=[4] Ossi Vaananen Йокерит (24) Йокерит P2=  U=1012
16:16:07   INSERT NEW 2[ID=0] 16-333-0 Period 1 T=00:00.0/00:00.0 P1=[4] Ossi Vaananen Йокерит (24) Йокерит P2=  U=1012
16:16:07   INSERT NEW 3 RECALC MARKER
4:16:51 PM   CHANGE PLAYERS Ф Л [9] Joonas  Jalvanti Йокерит (5041) <- 
4:16:51 PM   INSERT NEW [ID=0] 14-13-0 Period 2 T=00:34.1/00:00.0 P1=[9] Joonas  Jalvanti Йокерит (5041) Йокерит P2=  U=1012
4:16:51 PM   INSERT NEW 2[ID=0] 14-13-0 Period 2 T=00:34.1/00:00.0 P1=[9] Joonas  Jalvanti Йокерит (5041) Йокерит P2=  U=1012
4:16:51 PM   INSERT NEW 3 RECALC MARKER
4:16:52 PM   CHANGE PLAYERS Ф Ц [12] Steve Moses Йокерит (27) <- 
4:16:52 PM   INSERT NEW [ID=0] 14-23-0 Period 2 T=00:34.1/00:00.0 P1=[12] Steve Moses Йокерит (27) Йокерит P2=  U=1012
4:16:52 PM   INSERT NEW 2[ID=0] 14-23-0 Period 2 T=00:34.1/00:00.0 P1=[12] Steve Moses Йокерит (27) Йокерит P2=  U=1012
4:16:52 PM   INSERT NEW 3 RECALC MARKER
4:16:54 PM   CHANGE PLAYERS Ф П [13] Ryan  Gunderson Йокерит (28) <- 
4:16:54 PM   INSERT NEW [ID=0] 14-33-0 Period 2 T=00:34.1/00:00.0 P1=[13] Ryan  Gunderson Йокерит (28) Йокерит P2=  U=1012
4:16:54 PM   INSERT NEW 2[ID=0] 14-33-0 Period 2 T=00:34.1/00:00.0 P1=[13] Ryan  Gunderson Йокерит (28) Йокерит P2=  U=1012
4:16:54 PM   INSERT NEW 3 RECALC MARKER
4:16:56 PM   CHANGE PLAYERS З Л [14] Tomi Maki Йокерит (29) <- 
4:16:56 PM   INSERT NEW [ID=0] 14-12-0 Period 2 T=00:34.1/00:00.0 P1=[14] Tomi Maki Йокерит (29) Йокерит P2=  U=1012
4:16:56 PM   INSERT NEW 2[ID=0] 14-12-0 Period 2 T=00:34.1/00:00.0 P1=[14] Tomi Maki Йокерит (29) Йокерит P2=  U=1012
4:16:56 PM   INSERT NEW 3 RECALC MARKER
4:16:57 PM   CHANGE PLAYERS З П [28] Jani Rita Йокерит (31) <- 
4:16:57 PM   INSERT NEW [ID=0] 14-32-0 Period 2 T=00:34.1/00:00.0 P1=[28] Jani Rita Йокерит (31) Йокерит P2=  U=1012
4:16:57 PM   INSERT NEW 2[ID=0] 14-32-0 Period 2 T=00:34.1/00:00.0 P1=[28] Jani Rita Йокерит (31) Йокерит P2=  U=1012
4:16:57 PM   INSERT NEW 3 RECALC MARKER
4:17:00 PM   CHANGE PLAYERS ГК Ц [31] Riku Helenius [GK] Йокерит (42) <- 
4:17:00 PM   INSERT NEW [ID=0] 14-21-0 Period 2 T=00:34.1/00:00.0 P1=[31] Riku Helenius [GK] Йокерит (42) Йокерит P2=  U=1012
4:17:00 PM   INSERT NEW 2[ID=0] 14-21-0 Period 2 T=00:34.1/00:00.0 P1=[31] Riku Helenius [GK] Йокерит (42) Йокерит P2=  U=1012
4:17:00 PM   INSERT NEW 3 RECALC MARKER
4:17:03 PM   CHANGE PLAYERS Ф П [16] Geoff Platt ЦСКА Москва (1365) <- 
4:17:03 PM   INSERT NEW [ID=0] 14-33-0 Period 2 T=00:34.1/00:00.0 P1=[16] Geoff Platt ЦСКА Москва (1365) ЦСКА Москва P2=  U=1012
4:17:03 PM   INSERT NEW 2[ID=0] 14-33-0 Period 2 T=00:34.1/00:00.0 P1=[16] Geoff Platt ЦСКА Москва (1365) ЦСКА Москва P2=  U=1012
4:17:03 PM   INSERT NEW 3 RECALC MARKER
4:17:05 PM   CHANGE PLAYERS Ф Ц [27] Kirill Petrov ЦСКА Москва (1363) <- 
4:17:05 PM   INSERT NEW [ID=0] 14-23-0 Period 2 T=00:34.1/00:00.0 P1=[27] Kirill Petrov ЦСКА Москва (1363) ЦСКА Москва P2=  U=1012
4:17:05 PM   INSERT NEW 2[ID=0] 14-23-0 Period 2 T=00:34.1/00:00.0 P1=[27] Kirill Petrov ЦСКА Москва (1363) ЦСКА Москва P2=  U=1012
4:17:05 PM   INSERT NEW 3 RECALC MARKER
4:17:07 PM   CHANGE PLAYERS Ф Л [78] Maxim Mamin ЦСКА Москва (19) <- 
4:17:07 PM   INSERT NEW [ID=0] 14-13-0 Period 2 T=00:34.1/00:00.0 P1=[78] Maxim Mamin ЦСКА Москва (19) ЦСКА Москва P2=  U=1012
4:17:07 PM   INSERT NEW 2[ID=0] 14-13-0 Period 2 T=00:34.1/00:00.0 P1=[78] Maxim Mamin ЦСКА Москва (19) ЦСКА Москва P2=  U=1012
4:17:07 PM   INSERT NEW 3 RECALC MARKER
4:17:11 PM   CHANGE PLAYERS З П [45] Aleksander Kutuzov ЦСКА Москва (186) <- 
4:17:11 PM   INSERT NEW [ID=0] 14-32-0 Period 2 T=00:34.1/00:00.0 P1=[45] Aleksander Kutuzov ЦСКА Москва (186) ЦСКА Москва P2=  U=1012
4:17:11 PM   INSERT NEW 2[ID=0] 14-32-0 Period 2 T=00:34.1/00:00.0 P1=[45] Aleksander Kutuzov ЦСКА Москва (186) ЦСКА Москва P2=  U=1012
4:17:11 PM   INSERT NEW 3 RECALC MARKER
4:17:13 PM   CHANGE PLAYERS З Л [47] Alexander Radulov ЦСКА Москва (13) <- 
4:17:13 PM   INSERT NEW [ID=0] 14-12-0 Period 2 T=00:34.1/00:00.0 P1=[47] Alexander Radulov ЦСКА Москва (13) ЦСКА Москва P2=  U=1012
4:17:13 PM   INSERT NEW 2[ID=0] 14-12-0 Period 2 T=00:34.1/00:00.0 P1=[47] Alexander Radulov ЦСКА Москва (13) ЦСКА Москва P2=  U=1012
4:17:13 PM   INSERT NEW 3 RECALC MARKER
4:17:17 PM   CHANGE PLAYERS Ф Л [75] Stanislav Yegorshev ЦСКА Москва (18) <- [78] Maxim Mamin ЦСКА Москва (19)
4:17:23 PM   CHANGE PLAYERS Ф Ц [80] Nikita Kvartalnov ЦСКА Москва (178) <- [27] Kirill Petrov ЦСКА Москва (1363)
4:17:24 PM   CHANGE PLAYERS Ф П [74] Nikolay Prokhorkin ЦСКА Москва (17) <- [16] Geoff Platt ЦСКА Москва (1365)
4:17:35 PM   CHANGE PLAYERS ГК Ц [20] Maxim Tretyak [GK] ЦСКА Москва (1357) <- 
4:17:35 PM   INSERT NEW [ID=0] 14-21-0 Period 2 T=00:34.1/00:00.0 P1=[20] Maxim Tretyak [GK] ЦСКА Москва (1357) ЦСКА Москва P2=  U=1012
4:17:35 PM   INSERT NEW 2[ID=0] 14-21-0 Period 2 T=00:34.1/00:00.0 P1=[20] Maxim Tretyak [GK] ЦСКА Москва (1357) ЦСКА Москва P2=  U=1012
4:17:35 PM   INSERT NEW 3 RECALC MARKER
4:17:49 PM   RETURN PLAYER [31] Riku Helenius [GK] Йокерит (42)
4:17:49 PM   INSERT NEW [ID=0] 14-21-0 Period 2 T=00:34.1/00:00.0 P1=  P2=[31] Riku Helenius [GK] Йокерит (42) Йокерит U=1012
4:17:49 PM   INSERT NEW 2[ID=0] 14-21-0 Period 2 T=00:34.1/00:00.0 P1=  P2=[31] Riku Helenius [GK] Йокерит (42) Йокерит U=1012
4:17:49 PM   INSERT NEW 3 RECALC MARKER
4:17:49 PM   RETURN PLAYER [14] Tomi Maki Йокерит (29)
4:17:49 PM   INSERT NEW [ID=0] 14-12-0 Period 2 T=00:34.1/00:00.0 P1=  P2=[14] Tomi Maki Йокерит (29) Йокерит U=1012
4:17:49 PM   INSERT NEW 2[ID=0] 14-12-0 Period 2 T=00:34.1/00:00.0 P1=  P2=[14] Tomi Maki Йокерит (29) Йокерит U=1012
4:17:49 PM   INSERT NEW 3 RECALC MARKER
4:17:49 PM   RETURN PLAYER [28] Jani Rita Йокерит (31)
4:17:49 PM   INSERT NEW [ID=0] 14-32-0 Period 2 T=00:34.1/00:00.0 P1=  P2=[28] Jani Rita Йокерит (31) Йокерит U=1012
4:17:49 PM   INSERT NEW 2[ID=0] 14-32-0 Period 2 T=00:34.1/00:00.0 P1=  P2=[28] Jani Rita Йокерит (31) Йокерит U=1012
4:17:49 PM   INSERT NEW 3 RECALC MARKER
4:17:49 PM   RETURN PLAYER [9] Joonas  Jalvanti Йокерит (5041)
4:17:49 PM   INSERT NEW [ID=0] 14-13-0 Period 2 T=00:34.1/00:00.0 P1=  P2=[9] Joonas  Jalvanti Йокерит (5041) Йокерит U=1012
4:17:49 PM   INSERT NEW 2[ID=0] 14-13-0 Period 2 T=00:34.1/00:00.0 P1=  P2=[9] Joonas  Jalvanti Йокерит (5041) Йокерит U=1012
4:17:49 PM   INSERT NEW 3 RECALC MARKER
4:17:49 PM   RETURN PLAYER [12] Steve Moses Йокерит (27)
4:17:49 PM   INSERT NEW [ID=0] 14-23-0 Period 2 T=00:34.1/00:00.0 P1=  P2=[12] Steve Moses Йокерит (27) Йокерит U=1012
4:17:49 PM   INSERT NEW 2[ID=0] 14-23-0 Period 2 T=00:34.1/00:00.0 P1=  P2=[12] Steve Moses Йокерит (27) Йокерит U=1012
4:17:49 PM   INSERT NEW 3 RECALC MARKER
4:17:49 PM   RETURN PLAYER [13] Ryan  Gunderson Йокерит (28)
4:17:49 PM   INSERT NEW [ID=0] 14-33-0 Period 2 T=00:34.1/00:00.0 P1=  P2=[13] Ryan  Gunderson Йокерит (28) Йокерит U=1012
4:17:49 PM   INSERT NEW 2[ID=0] 14-33-0 Period 2 T=00:34.1/00:00.0 P1=  P2=[13] Ryan  Gunderson Йокерит (28) Йокерит U=1012
4:17:49 PM   INSERT NEW 3 RECALC MARKER
4:17:55 PM   RETURN PLAYER [31] Riku Helenius [GK] Йокерит (42)
4:17:55 PM   INSERT NEW [ID=0] 14-21-0 Period 2 T=00:34.1/00:00.0 P1=  P2=[31] Riku Helenius [GK] Йокерит (42) Йокерит U=1012
4:17:55 PM   INSERT NEW 2[ID=0] 14-21-0 Period 2 T=00:34.1/00:00.0 P1=  P2=[31] Riku Helenius [GK] Йокерит (42) Йокерит U=1012
4:17:55 PM   INSERT NEW 3 RECALC MARKER
4:17:55 PM   RETURN PLAYER [14] Tomi Maki Йокерит (29)
4:17:55 PM   INSERT NEW [ID=0] 14-12-0 Period 2 T=00:34.1/00:00.0 P1=  P2=[14] Tomi Maki Йокерит (29) Йокерит U=1012
4:17:55 PM   INSERT NEW 2[ID=0] 14-12-0 Period 2 T=00:34.1/00:00.0 P1=  P2=[14] Tomi Maki Йокерит (29) Йокерит U=1012
4:17:55 PM   INSERT NEW 3 RECALC MARKER
4:17:55 PM   RETURN PLAYER [28] Jani Rita Йокерит (31)
4:17:55 PM   INSERT NEW [ID=0] 14-32-0 Period 2 T=00:34.1/00:00.0 P1=  P2=[28] Jani Rita Йокерит (31) Йокерит U=1012
4:17:55 PM   INSERT NEW 2[ID=0] 14-32-0 Period 2 T=00:34.1/00:00.0 P1=  P2=[28] Jani Rita Йокерит (31) Йокерит U=1012
4:17:55 PM   INSERT NEW 3 RECALC MARKER
4:17:55 PM   RETURN PLAYER [9] Joonas  Jalvanti Йокерит (5041)
4:17:55 PM   INSERT NEW [ID=0] 14-13-0 Period 2 T=00:34.1/00:00.0 P1=  P2=[9] Joonas  Jalvanti Йокерит (5041) Йокерит U=1012
4:17:55 PM   INSERT NEW 2[ID=0] 14-13-0 Period 2 T=00:34.1/00:00.0 P1=  P2=[9] Joonas  Jalvanti Йокерит (5041) Йокерит U=1012
4:17:55 PM   INSERT NEW 3 RECALC MARKER
4:17:55 PM   RETURN PLAYER [12] Steve Moses Йокерит (27)
4:17:55 PM   INSERT NEW [ID=0] 14-23-0 Period 2 T=00:34.1/00:00.0 P1=  P2=[12] Steve Moses Йокерит (27) Йокерит U=1012
4:17:55 PM   INSERT NEW 2[ID=0] 14-23-0 Period 2 T=00:34.1/00:00.0 P1=  P2=[12] Steve Moses Йокерит (27) Йокерит U=1012
4:17:55 PM   INSERT NEW 3 RECALC MARKER
4:17:55 PM   RETURN PLAYER [13] Ryan  Gunderson Йокерит (28)
4:17:55 PM   INSERT NEW [ID=0] 14-33-0 Period 2 T=00:34.1/00:00.0 P1=  P2=[13] Ryan  Gunderson Йокерит (28) Йокерит U=1012
4:17:55 PM   INSERT NEW 2[ID=0] 14-33-0 Period 2 T=00:34.1/00:00.0 P1=  P2=[13] Ryan  Gunderson Йокерит (28) Йокерит U=1012
4:17:55 PM   INSERT NEW 3 RECALC MARKER
4:19:05 PM   CHANGE PLAYERS З Л [47] Alexander Radulov ЦСКА Москва (13) <- 
4:19:05 PM   INSERT NEW [ID=0] 14-12-0 Period 2 T=00:03.9/00:00.0 P1=[47] Alexander Radulov ЦСКА Москва (13) ЦСКА Москва P2=  U=1012
4:19:05 PM   INSERT NEW 2[ID=0] 14-12-0 Period 2 T=00:03.9/00:00.0 P1=[47] Alexander Radulov ЦСКА Москва (13) ЦСКА Москва P2=  U=1012
4:19:05 PM   INSERT NEW 3 RECALC MARKER
4:19:06 PM   CHANGE PLAYERS З П [45] Aleksander Kutuzov ЦСКА Москва (186) <- 
4:19:06 PM   INSERT NEW [ID=0] 14-32-0 Period 2 T=00:03.9/00:00.0 P1=[45] Aleksander Kutuzov ЦСКА Москва (186) ЦСКА Москва P2=  U=1012
4:19:06 PM   INSERT NEW 2[ID=0] 14-32-0 Period 2 T=00:03.9/00:00.0 P1=[45] Aleksander Kutuzov ЦСКА Москва (186) ЦСКА Москва P2=  U=1012
4:19:06 PM   INSERT NEW 3 RECALC MARKER
16:19:29   00:12.3
16:19:29   Update checking
16:19:29   CURR VERSION: 0.1.6043.22620
16:19:29   VERSION: 0.1.6108.29056
16:20:43   INSERT NEW [ID=0] 16-121-0 Period 1 T=00:00.0/00:00.0 P1=[31] Riku Helenius [GK] Йокерит (42) Йокерит P2=  U=1012
16:20:43   INSERT NEW 2[ID=0] 16-121-0 Period 1 T=00:00.0/00:00.0 P1=[31] Riku Helenius [GK] Йокерит (42) Йокерит P2=  U=1012
16:20:43   INSERT NEW 3 RECALC MARKER
16:20:43   INSERT NEW [ID=0] 16-112-0 Period 1 T=00:00.0/00:00.0 P1=[14] Tomi Maki Йокерит (29) Йокерит P2=  U=1012
16:20:43   INSERT NEW 2[ID=0] 16-112-0 Period 1 T=00:00.0/00:00.0 P1=[14] Tomi Maki Йокерит (29) Йокерит P2=  U=1012
16:20:43   INSERT NEW 3 RECALC MARKER
16:20:43   INSERT NEW [ID=0] 16-132-0 Period 1 T=00:00.0/00:00.0 P1=[67] Linus Omark Йокерит (38) Йокерит P2=  U=1012
16:20:43   INSERT NEW 2[ID=0] 16-132-0 Period 1 T=00:00.0/00:00.0 P1=[67] Linus Omark Йокерит (38) Йокерит P2=  U=1012
16:20:43   INSERT NEW 3 RECALC MARKER
16:20:43   INSERT NEW [ID=0] 16-113-0 Period 1 T=00:00.0/00:00.0 P1=[9] Joonas  Jalvanti Йокерит (5041) Йокерит P2=  U=1012
16:20:43   INSERT NEW 2[ID=0] 16-113-0 Period 1 T=00:00.0/00:00.0 P1=[9] Joonas  Jalvanti Йокерит (5041) Йокерит P2=  U=1012
16:20:43   INSERT NEW 3 RECALC MARKER
16:20:43   INSERT NEW [ID=0] 16-123-0 Period 1 T=00:00.0/00:00.0 P1=[12] Steve Moses Йокерит (27) Йокерит P2=  U=1012
16:20:43   INSERT NEW 2[ID=0] 16-123-0 Period 1 T=00:00.0/00:00.0 P1=[12] Steve Moses Йокерит (27) Йокерит P2=  U=1012
16:20:43   INSERT NEW 3 RECALC MARKER
16:20:43   INSERT NEW [ID=0] 16-133-0 Period 1 T=00:00.0/00:00.0 P1=[13] Ryan  Gunderson Йокерит (28) Йокерит P2=  U=1012
16:20:43   INSERT NEW 2[ID=0] 16-133-0 Period 1 T=00:00.0/00:00.0 P1=[13] Ryan  Gunderson Йокерит (28) Йокерит P2=  U=1012
16:20:43   INSERT NEW 3 RECALC MARKER
16:20:43   INSERT NEW [ID=0] 16-221-0 Period 1 T=00:00.0/00:00.0 P1=[30] Ryan  Zapolski [GK] Йокерит (5033) Йокерит P2=  U=1012
16:20:43   INSERT NEW 2[ID=0] 16-221-0 Period 1 T=00:00.0/00:00.0 P1=[30] Ryan  Zapolski [GK] Йокерит (5033) Йокерит P2=  U=1012
16:20:43   INSERT NEW 3 RECALC MARKER
16:20:43   INSERT NEW [ID=0] 16-212-0 Period 1 T=00:00.0/00:00.0 P1=[9] Niklas Hagman Йокерит (26) Йокерит P2=  U=1012
16:20:43   INSERT NEW 2[ID=0] 16-212-0 Period 1 T=00:00.0/00:00.0 P1=[9] Niklas Hagman Йокерит (26) Йокерит P2=  U=1012
16:20:43   INSERT NEW 3 RECALC MARKER
16:20:43   INSERT NEW [ID=0] 16-232-0 Period 1 T=00:00.0/00:00.0 P1=[32] Riku Hahl Йокерит (32) Йокерит P2=  U=1012
16:20:43   INSERT NEW 2[ID=0] 16-232-0 Period 1 T=00:00.0/00:00.0 P1=[32] Riku Hahl Йокерит (32) Йокерит P2=  U=1012
16:20:43   INSERT NEW 3 RECALC MARKER
16:20:43   INSERT NEW [ID=0] 16-213-0 Period 1 T=00:00.0/00:00.0 P1=[79] Eetu Poysti Йокерит (40) Йокерит P2=  U=1012
16:20:43   INSERT NEW 2[ID=0] 16-213-0 Period 1 T=00:00.0/00:00.0 P1=[79] Eetu Poysti Йокерит (40) Йокерит P2=  U=1012
16:20:43   INSERT NEW 3 RECALC MARKER
16:20:43   INSERT NEW [ID=0] 16-223-0 Period 1 T=00:00.0/00:00.0 P1=[76] Jere Sallinen Йокерит (39) Йокерит P2=  U=1012
16:20:43   INSERT NEW 2[ID=0] 16-223-0 Period 1 T=00:00.0/00:00.0 P1=[76] Jere Sallinen Йокерит (39) Йокерит P2=  U=1012
16:20:43   INSERT NEW 3 RECALC MARKER
16:20:43   INSERT NEW [ID=0] 16-233-0 Period 1 T=00:00.0/00:00.0 P1=[61] Tommi Huhtala Йокерит (37) Йокерит P2=  U=1012
16:20:43   INSERT NEW 2[ID=0] 16-233-0 Period 1 T=00:00.0/00:00.0 P1=[61] Tommi Huhtala Йокерит (37) Йокерит P2=  U=1012
16:20:43   INSERT NEW 3 RECALC MARKER
16:20:43   INSERT NEW [ID=0] 16-312-0 Period 1 T=00:00.0/00:00.0 P1=[6] Topi Jaakola Йокерит (25) Йокерит P2=  U=1012
16:20:43   INSERT NEW 2[ID=0] 16-312-0 Period 1 T=00:00.0/00:00.0 P1=[6] Topi Jaakola Йокерит (25) Йокерит P2=  U=1012
16:20:43   INSERT NEW 3 RECALC MARKER
16:20:43   INSERT NEW [ID=0] 16-332-0 Period 1 T=00:00.0/00:00.0 P1=[7] Oliver  Lauridsen Йокерит (5038) Йокерит P2=  U=1012
16:20:43   INSERT NEW 2[ID=0] 16-332-0 Period 1 T=00:00.0/00:00.0 P1=[7] Oliver  Lauridsen Йокерит (5038) Йокерит P2=  U=1012
16:20:43   INSERT NEW 3 RECALC MARKER
16:20:43   INSERT NEW [ID=0] 16-313-0 Period 1 T=00:00.0/00:00.0 P1=[2] Rasmus Rissanen Йокерит (5040) Йокерит P2=  U=1012
16:20:43   INSERT NEW 2[ID=0] 16-313-0 Period 1 T=00:00.0/00:00.0 P1=[2] Rasmus Rissanen Йокерит (5040) Йокерит P2=  U=1012
16:20:43   INSERT NEW 3 RECALC MARKER
16:20:43   INSERT NEW [ID=0] 16-323-0 Period 1 T=00:00.0/00:00.0 P1=[3] Daine Todd Йокерит (23) Йокерит P2=  U=1012
16:20:43   INSERT NEW 2[ID=0] 16-323-0 Period 1 T=00:00.0/00:00.0 P1=[3] Daine Todd Йокерит (23) Йокерит P2=  U=1012
16:20:43   INSERT NEW 3 RECALC MARKER
16:20:43   INSERT NEW [ID=0] 16-333-0 Period 1 T=00:00.0/00:00.0 P1=[4] Ossi Vaananen Йокерит (24) Йокерит P2=  U=1012
16:20:43   INSERT NEW 2[ID=0] 16-333-0 Period 1 T=00:00.0/00:00.0 P1=[4] Ossi Vaananen Йокерит (24) Йокерит P2=  U=1012
16:20:43   INSERT NEW 3 RECALC MARKER
16:20:43   INSERT NEW [ID=0] 16-412-0 Period 1 T=00:00.0/00:00.0 P1=[25] Pekka Jormakka Йокерит (5043) Йокерит P2=  U=1012
16:20:43   INSERT NEW 2[ID=0] 16-412-0 Period 1 T=00:00.0/00:00.0 P1=[25] Pekka Jormakka Йокерит (5043) Йокерит P2=  U=1012
16:20:43   INSERT NEW 3 RECALC MARKER
16:20:43   INSERT NEW [ID=0] 16-432-0 Period 1 T=00:00.0/00:00.0 P1=[28] Jani Rita Йокерит (31) Йокерит P2=  U=1012
16:20:43   INSERT NEW 2[ID=0] 16-432-0 Period 1 T=00:00.0/00:00.0 P1=[28] Jani Rita Йокерит (31) Йокерит P2=  U=1012
16:20:43   INSERT NEW 3 RECALC MARKER
16:20:43   INSERT NEW [ID=0] 16-413-0 Period 1 T=00:00.0/00:00.0 P1=[19] Roope  Talaja Йокерит (5044) Йокерит P2=  U=1012
16:20:43   INSERT NEW 2[ID=0] 16-413-0 Period 1 T=00:00.0/00:00.0 P1=[19] Roope  Talaja Йокерит (5044) Йокерит P2=  U=1012
16:20:43   INSERT NEW 3 RECALC MARKER
16:20:43   INSERT NEW [ID=0] 16-423-0 Period 1 T=00:00.0/00:00.0 P1=[21] Brian  O'Neill Йокерит (5049) Йокерит P2=  U=1012
16:20:43   INSERT NEW 2[ID=0] 16-423-0 Period 1 T=00:00.0/00:00.0 P1=[21] Brian  O'Neill Йокерит (5049) Йокерит P2=  U=1012
16:20:43   INSERT NEW 3 RECALC MARKER
16:20:43   INSERT NEW [ID=0] 16-433-0 Period 1 T=00:00.0/00:00.0 P1=[22] Mika  Niemi Йокерит (5051) Йокерит P2=  U=1012
16:20:43   INSERT NEW 2[ID=0] 16-433-0 Period 1 T=00:00.0/00:00.0 P1=[22] Mika  Niemi Йокерит (5051) Йокерит P2=  U=1012
16:20:43   INSERT NEW 3 RECALC MARKER
16:20:51   CHANGE PLAYERS Ф Л [9] Joonas  Jalvanti Йокерит (5041) <- 
16:20:51   INSERT NEW [ID=0] 14-13-0 Period 2 T=00:00.0/00:00.0 P1=[9] Joonas  Jalvanti Йокерит (5041) Йокерит P2=  U=1012
16:20:51   INSERT NEW 2[ID=0] 14-13-0 Period 2 T=00:00.0/00:00.0 P1=[9] Joonas  Jalvanti Йокерит (5041) Йокерит P2=  U=1012
16:20:51   INSERT NEW 3 RECALC MARKER
16:20:52   CHANGE PLAYERS Ф Ц [12] Steve Moses Йокерит (27) <- 
16:20:52   INSERT NEW [ID=0] 14-23-0 Period 2 T=00:00.0/00:00.0 P1=[12] Steve Moses Йокерит (27) Йокерит P2=  U=1012
16:20:52   INSERT NEW 2[ID=0] 14-23-0 Period 2 T=00:00.0/00:00.0 P1=[12] Steve Moses Йокерит (27) Йокерит P2=  U=1012
16:20:52   INSERT NEW 3 RECALC MARKER
16:20:54   CHANGE PLAYERS Ф П [13] Ryan  Gunderson Йокерит (28) <- 
16:20:54   INSERT NEW [ID=0] 14-33-0 Period 2 T=00:00.0/00:00.0 P1=[13] Ryan  Gunderson Йокерит (28) Йокерит P2=  U=1012
16:20:54   INSERT NEW 2[ID=0] 14-33-0 Period 2 T=00:00.0/00:00.0 P1=[13] Ryan  Gunderson Йокерит (28) Йокерит P2=  U=1012
16:20:54   INSERT NEW 3 RECALC MARKER
16:20:56   CHANGE PLAYERS З Л [14] Tomi Maki Йокерит (29) <- 
16:20:56   INSERT NEW [ID=0] 14-12-0 Period 2 T=00:00.0/00:00.0 P1=[14] Tomi Maki Йокерит (29) Йокерит P2=  U=1012
16:20:56   INSERT NEW 2[ID=0] 14-12-0 Period 2 T=00:00.0/00:00.0 P1=[14] Tomi Maki Йокерит (29) Йокерит P2=  U=1012
16:20:56   INSERT NEW 3 RECALC MARKER
16:20:58   CHANGE PLAYERS З П [67] Linus Omark Йокерит (38) <- 
16:20:58   INSERT NEW [ID=0] 14-32-0 Period 2 T=00:00.0/00:00.0 P1=[67] Linus Omark Йокерит (38) Йокерит P2=  U=1012
16:20:58   INSERT NEW 2[ID=0] 14-32-0 Period 2 T=00:00.0/00:00.0 P1=[67] Linus Omark Йокерит (38) Йокерит P2=  U=1012
16:20:58   INSERT NEW 3 RECALC MARKER
16:21:01   CHANGE PLAYERS ГК Ц [30] Ryan  Zapolski [GK] Йокерит (5033) <- 
16:21:01   INSERT NEW [ID=0] 14-21-0 Period 2 T=00:00.0/00:00.0 P1=[30] Ryan  Zapolski [GK] Йокерит (5033) Йокерит P2=  U=1012
16:21:01   INSERT NEW 2[ID=0] 14-21-0 Period 2 T=00:00.0/00:00.0 P1=[30] Ryan  Zapolski [GK] Йокерит (5033) Йокерит P2=  U=1012
16:21:01   INSERT NEW 3 RECALC MARKER
16:21:04   CHANGE PLAYERS ГК Ц [20] Maxim Tretyak [GK] ЦСКА Москва (1357) <- 
16:21:04   INSERT NEW [ID=0] 14-21-0 Period 2 T=00:00.0/00:00.0 P1=[20] Maxim Tretyak [GK] ЦСКА Москва (1357) ЦСКА Москва P2=  U=1012
16:21:04   INSERT NEW 2[ID=0] 14-21-0 Period 2 T=00:00.0/00:00.0 P1=[20] Maxim Tretyak [GK] ЦСКА Москва (1357) ЦСКА Москва P2=  U=1012
16:21:04   INSERT NEW 3 RECALC MARKER
16:21:12   CHANGE PLAYERS Ф Л [78] Maxim Mamin ЦСКА Москва (19) <- 
16:21:12   INSERT NEW [ID=0] 14-13-0 Period 2 T=00:00.0/00:00.0 P1=[78] Maxim Mamin ЦСКА Москва (19) ЦСКА Москва P2=  U=1012
16:21:12   INSERT NEW 2[ID=0] 14-13-0 Period 2 T=00:00.0/00:00.0 P1=[78] Maxim Mamin ЦСКА Москва (19) ЦСКА Москва P2=  U=1012
16:21:12   INSERT NEW 3 RECALC MARKER
16:21:14   CHANGE PLAYERS Ф Ц [27] Kirill Petrov ЦСКА Москва (1363) <- 
16:21:14   INSERT NEW [ID=0] 14-23-0 Period 2 T=00:00.0/00:00.0 P1=[27] Kirill Petrov ЦСКА Москва (1363) ЦСКА Москва P2=  U=1012
16:21:14   INSERT NEW 2[ID=0] 14-23-0 Period 2 T=00:00.0/00:00.0 P1=[27] Kirill Petrov ЦСКА Москва (1363) ЦСКА Москва P2=  U=1012
16:21:14   INSERT NEW 3 RECALC MARKER
16:21:16   CHANGE PLAYERS Ф П [16] Geoff Platt ЦСКА Москва (1365) <- 
16:21:16   INSERT NEW [ID=0] 14-33-0 Period 2 T=00:00.0/00:00.0 P1=[16] Geoff Platt ЦСКА Москва (1365) ЦСКА Москва P2=  U=1012
16:21:16   INSERT NEW 2[ID=0] 14-33-0 Period 2 T=00:00.0/00:00.0 P1=[16] Geoff Platt ЦСКА Москва (1365) ЦСКА Москва P2=  U=1012
16:21:16   INSERT NEW 3 RECALC MARKER
16:21:33   CHANGE PLAYERS З П [45] Aleksander Kutuzov ЦСКА Москва (186) <- 
16:21:33   INSERT NEW [ID=0] 14-32-0 Period 2 T=00:00.0/00:00.0 P1=[45] Aleksander Kutuzov ЦСКА Москва (186) ЦСКА Москва P2=  U=1012
16:21:34   INSERT NEW 2[ID=0] 14-32-0 Period 2 T=00:00.0/00:00.0 P1=[45] Aleksander Kutuzov ЦСКА Москва (186) ЦСКА Москва P2=  U=1012
16:21:34   INSERT NEW 3 RECALC MARKER
16:21:36   CHANGE PLAYERS З Л [47] Alexander Radulov ЦСКА Москва (13) <- 
16:21:36   INSERT NEW [ID=0] 14-12-0 Period 2 T=00:00.0/00:00.0 P1=[47] Alexander Radulov ЦСКА Москва (13) ЦСКА Москва P2=  U=1012
16:21:36   INSERT NEW 2[ID=0] 14-12-0 Period 2 T=00:00.0/00:00.0 P1=[47] Alexander Radulov ЦСКА Москва (13) ЦСКА Москва P2=  U=1012
16:21:36   INSERT NEW 3 RECALC MARKER
4:22:18 PM   Save QUERY=False
16:22:18   Save BEGIN=325467165
16:22:18   
16:22:18   *** EXCEPTION ***
16:22:18   Обнаружена критическая ошибка в маркере 0 Period 2 00:34.1. Сохранение невозможно.
16:22:18      в Uniso.InStat.Gui.Forms.MainForm.<>c__DisplayClass78_3.<SaveAsync>b__0() в C:\Hokreg\Hokreg\Gui\Forms\MainForm.cs:строка 3095
16:22:18   *** EXCEPTION ***
16:22:18   
16:22:19   sync_ch=False
16:22:19   =>sync_ch => mk.FlagGuiUpdate num=325467165
16:22:19   =>Game.SaveLocal num=325467165
16:22:19   =>ReloadDataGridView 1 num=325467165
16:22:19   =>ReloadDataGridView 2 num=325467165
16:22:19   Save FIN=325467165
16:22:19   Save END=325467165
4:23:16 PM   DELETE MANUAL
4:23:25 PM   DELETE MANUAL
4:23:34 PM   DELETE MANUAL
4:23:44 PM   DELETE MANUAL
4:23:46 PM   DELETE MANUAL
4:23:54 PM   DELETE MANUAL
4:24:02 PM   Редактирование маркера BEGIN
[ID=1040256] 18-1-0 Period 1 T=00:00.0/00:00.0 P1=  P2=  U=0
4:24:59 PM   Редактирование маркера END
[ID=1040256] 18-1-0 Period 1 T=00:00.0/00:00.0 P1=  P2=  U=0
