12:35:34   00:12.3
12:35:34   Update checking
12:35:34   CURR VERSION: 0.1.6043.22620
12:35:34   VERSION: 0.1.6113.37494
12:36:07 PM   CREATE NEW 1: 0-0-0
12:36:07 PM   CREATE NEW 2
12:36:07 PM   CREATE NEW 3
12:36:07 PM   CREATE NEW 4
12:36:07 PM   CREATE NEW 5
12:36:07 PM   CREATE NEW 6
12:36:07 PM   CREATE NEW 7
12:36:07 PM   CREATE NEW 8
12:36:15 PM   CREATE NEW 1: 1-6-2
12:36:15 PM   CREATE NEW 2
12:36:15 PM   CREATE NEW 3
12:36:15 PM   CREATE NEW 4
12:36:17 PM   CREATE NEW 5
12:36:17 PM   CREATE NEW 6
12:36:17 PM   CREATE NEW 7
12:36:17 PM   CREATE NEW 8
12:39:16   00:12.3
12:39:16   Update checking
12:39:16   CURR VERSION: 0.1.6043.22620
12:39:16   VERSION: 0.1.6114.22777
12:39:41 PM   CREATE NEW 1: 0-0-0
12:39:41 PM   CREATE NEW 2
12:39:41 PM   CREATE NEW 3
12:39:41 PM   CREATE NEW 4
12:39:41 PM   CREATE NEW 5
12:39:41 PM   CREATE NEW 6
12:39:41 PM   CREATE NEW 7
12:39:41 PM   CREATE NEW 8
12:39:44 PM   CREATE NEW 1: 1-6-2
12:39:44 PM   CREATE NEW 2
12:39:44 PM   CREATE NEW 3
12:39:44 PM   CREATE NEW 4
12:39:45 PM   CREATE NEW 5
12:39:46 PM   CREATE NEW 6
12:39:46 PM   CREATE NEW 7
12:39:46 PM   CREATE NEW 8
12:40:57 PM   INSERT NEW [ID=0] 2-5-0 Period 1 T=02:13.1/00:00.0 P1=[4] Ossi Vaananen Йокерит (24) Йокерит P2=  U=1012
12:40:57 PM   INSERT NEW 2[ID=0] 2-5-0 Period 1 T=02:13.1/02:02.8 P1=[4] Ossi Vaananen Йокерит (24) Йокерит P2=  U=1012
12:40:57 PM   INSERT NEW 3 RECALC MARKER
12:40:57 PM   INSERT NEW [ID=0] 1-6-2 Period 1 T=02:13.2/00:00.0 P1=[4] Ossi Vaananen Йокерит (24) Йокерит P2=[4] Artyom Chmykhov ЦСКА Москва (4749) ЦСКА Москва U=1012
12:40:57 PM   INSERT NEW 2[ID=0] 1-6-2 Period 1 T=02:13.2/02:02.9 P1=[4] Ossi Vaananen Йокерит (24) Йокерит P2=[4] Artyom Chmykhov ЦСКА Москва (4749) ЦСКА Москва U=1012
12:40:57 PM   INSERT NEW 3 RECALC MARKER
12:40:57 PM   INSERT NEW [ID=0] 2-7-0 Period 1 T=02:13.3/00:00.0 P1=[4] Artyom Chmykhov ЦСКА Москва (4749) ЦСКА Москва P2=  U=1012
12:40:57 PM   INSERT NEW 2[ID=0] 2-7-0 Period 1 T=02:13.3/02:03.0 P1=[4] Artyom Chmykhov ЦСКА Москва (4749) ЦСКА Москва P2=  U=1012
12:40:57 PM   INSERT NEW 3 RECALC MARKER
12:41:39 PM   CREATE NEW 1: 0-0-0
12:41:39 PM   CREATE NEW 2
12:41:39 PM   CREATE NEW 3
12:41:39 PM   CREATE NEW 4
12:41:39 PM   CREATE NEW 5
12:41:39 PM   CREATE NEW 6
12:41:39 PM   CREATE NEW 7
12:41:39 PM   CREATE NEW 8
12:41:41 PM   CREATE NEW 1: 1-6-2
12:41:41 PM   CREATE NEW 2
12:41:41 PM   CREATE NEW 3
12:41:41 PM   CREATE NEW 4
12:41:44 PM   CREATE NEW 5
12:41:44 PM   CREATE NEW 6
12:41:44 PM   CREATE NEW 7
12:41:44 PM   CREATE NEW 8
12:43:58 PM   INSERT NEW [ID=0] 2-5-0 Period 1 T=02:18.7/00:00.0 P1=[7] Oliver  Lauridsen Йокерит (5038) Йокерит P2=  U=1012
12:43:58 PM   INSERT NEW 2[ID=0] 2-5-0 Period 1 T=02:18.7/02:08.4 P1=[7] Oliver  Lauridsen Йокерит (5038) Йокерит P2=  U=1012
12:43:58 PM   INSERT NEW 3 RECALC MARKER
12:44:13 PM   INSERT NEW [ID=0] 1-6-2 Period 1 T=02:18.8/00:00.0 P1=[7] Oliver  Lauridsen Йокерит (5038) Йокерит P2=  U=1012
12:44:13 PM   INSERT NEW 2[ID=0] 1-6-2 Period 1 T=02:18.8/02:08.5 P1=[7] Oliver  Lauridsen Йокерит (5038) Йокерит P2=  U=1012
12:44:13 PM   INSERT NEW 3 RECALC MARKER
12:44:27 PM   INSERT NEW [ID=0] 2-7-0 Period 1 T=02:18.9/00:00.0 P1=  P2=  U=1012
12:44:27 PM   INSERT NEW 2[ID=0] 2-7-0 Period 1 T=02:18.9/02:08.6 P1=  P2=  U=1012
12:44:27 PM   INSERT NEW 3 RECALC MARKER
12:46:30 PM   INSERT NEW [ID=0] 0-0-1 Period 1 T=02:18.8/00:00.0 P1=[7] Oliver  Lauridsen Йокерит (5038) Йокерит P2=  U=1012
12:46:30 PM   INSERT NEW 2[ID=0] 0-0-1 Period 1 T=02:18.8/02:08.5 P1=[7] Oliver  Lauridsen Йокерит (5038) Йокерит P2=  U=1012
12:46:30 PM   INSERT NEW 3 RECALC MARKER
12:49:19   00:12.3
12:49:19   Update checking
12:49:19   CURR VERSION: 0.1.6043.22620
12:49:19   VERSION: 0.1.6114.23078
12:49:47 PM   CREATE NEW 1: 0-0-0
12:49:47 PM   CREATE NEW 2
12:49:47 PM   CREATE NEW 3
12:49:47 PM   CREATE NEW 4
12:49:47 PM   CREATE NEW 5
12:49:47 PM   CREATE NEW 6
12:49:47 PM   CREATE NEW 7
12:49:47 PM   CREATE NEW 8
12:49:49 PM   CREATE NEW 1: 1-6-2
12:49:49 PM   CREATE NEW 2
12:49:49 PM   CREATE NEW 3
12:49:49 PM   CREATE NEW 4
12:49:51 PM   CREATE NEW 5
12:49:51 PM   CREATE NEW 6
12:49:51 PM   CREATE NEW 7
12:49:51 PM   CREATE NEW 8
12:50:15 PM   INSERT NEW [ID=0] 1-6-2 Period 1 T=01:39.7/00:00.0 P1=[4] Ossi Vaananen Йокерит (24) Йокерит P2=  U=1012
12:50:15 PM   INSERT NEW 2[ID=0] 1-6-2 Period 1 T=01:39.7/01:29.3 P1=[4] Ossi Vaananen Йокерит (24) Йокерит P2=  U=1012
12:50:15 PM   INSERT NEW 3 RECALC MARKER
12:50:30 PM   INSERT NEW [ID=0] 2-7-0 Period 1 T=01:39.8/00:00.0 P1=  P2=  U=1012
12:50:30 PM   INSERT NEW 2[ID=0] 2-7-0 Period 1 T=01:39.8/01:29.4 P1=  P2=  U=1012
12:50:30 PM   INSERT NEW 3 RECALC MARKER
12:51:25 PM   CREATE NEW 1: 0-0-0
12:51:25 PM   CREATE NEW 2
12:51:25 PM   CREATE NEW 3
12:51:25 PM   CREATE NEW 4
12:51:25 PM   CREATE NEW 5
12:51:25 PM   CREATE NEW 6
12:51:25 PM   CREATE NEW 7
12:51:25 PM   CREATE NEW 8
12:51:27 PM   CREATE NEW 1: 1-6-2
12:51:27 PM   CREATE NEW 2
12:51:27 PM   CREATE NEW 3
12:51:27 PM   CREATE NEW 4
12:51:29 PM   CREATE NEW 5
12:51:29 PM   CREATE NEW 6
12:51:29 PM   CREATE NEW 7
12:51:29 PM   CREATE NEW 8
12:52:13 PM   INSERT NEW [ID=0] 1-6-2 Period 1 T=02:09.8/00:00.0 P1=[4] Ossi Vaananen Йокерит (24) Йокерит P2=  U=1012
12:52:13 PM   INSERT NEW 2[ID=0] 1-6-2 Period 1 T=02:09.8/01:59.4 P1=[4] Ossi Vaananen Йокерит (24) Йокерит P2=  U=1012
12:52:13 PM   INSERT NEW 3 RECALC MARKER
12:52:13 PM   INSERT NEW [ID=0] 2-7-0 Period 1 T=02:09.9/00:00.0 P1=  P2=  U=1012
12:52:13 PM   INSERT NEW 2[ID=0] 2-7-0 Period 1 T=02:09.9/01:59.5 P1=  P2=  U=1012
12:52:14 PM   INSERT NEW 3 RECALC MARKER
12:52:42 PM   CREATE NEW 1: 0-0-0
12:52:42 PM   CREATE NEW 2
12:52:42 PM   CREATE NEW 3
12:52:42 PM   CREATE NEW 4
12:52:42 PM   CREATE NEW 5
12:52:42 PM   CREATE NEW 6
12:52:43 PM   CREATE NEW 7
12:52:43 PM   CREATE NEW 8
12:52:44 PM   CREATE NEW 1: 1-6-2
12:52:44 PM   CREATE NEW 2
12:52:44 PM   CREATE NEW 3
12:52:44 PM   CREATE NEW 4
12:52:46 PM   CREATE NEW 5
12:52:46 PM   CREATE NEW 6
12:52:46 PM   CREATE NEW 7
12:52:46 PM   CREATE NEW 8
12:53:05 PM   INSERT NEW [ID=0] 2-5-0 Period 1 T=05:00.8/00:00.0 P1=[6] Topi Jaakola Йокерит (25) Йокерит P2=  U=1012
12:53:05 PM   INSERT NEW 2[ID=0] 2-5-0 Period 1 T=05:00.8/04:50.4 P1=[6] Topi Jaakola Йокерит (25) Йокерит P2=  U=1012
12:53:05 PM   INSERT NEW 3 RECALC MARKER
12:53:05 PM   INSERT NEW [ID=0] 1-6-2 Period 1 T=05:00.9/00:00.0 P1=[6] Topi Jaakola Йокерит (25) Йокерит P2=  U=1012
12:53:05 PM   INSERT NEW 2[ID=0] 1-6-2 Period 1 T=05:00.9/04:50.5 P1=[6] Topi Jaakola Йокерит (25) Йокерит P2=  U=1012
12:53:05 PM   INSERT NEW 3 RECALC MARKER
12:53:05 PM   INSERT NEW [ID=0] 2-7-0 Period 1 T=05:01.0/00:00.0 P1=  P2=  U=1012
12:53:05 PM   INSERT NEW 2[ID=0] 2-7-0 Period 1 T=05:01.0/04:50.6 P1=  P2=  U=1012
12:53:05 PM   INSERT NEW 3 RECALC MARKER
12:53:32 PM   CREATE NEW 1: 0-0-0
12:53:32 PM   CREATE NEW 2
12:53:32 PM   CREATE NEW 3
12:53:32 PM   CREATE NEW 4
12:53:32 PM   CREATE NEW 5
12:53:32 PM   CREATE NEW 6
12:53:32 PM   CREATE NEW 7
12:53:33 PM   CREATE NEW 8
12:53:34 PM   CREATE NEW 1: 1-6-2
12:53:34 PM   CREATE NEW 2
12:53:34 PM   CREATE NEW 3
12:53:34 PM   CREATE NEW 4
12:53:35 PM   CREATE NEW 5
12:53:35 PM   CREATE NEW 6
12:53:35 PM   CREATE NEW 7
12:53:36 PM   CREATE NEW 8
12:53:52 PM   INSERT NEW [ID=0] 2-5-0 Period 1 T=05:04.8/00:00.0 P1=[7] Oliver  Lauridsen Йокерит (5038) Йокерит P2=  U=1012
12:53:52 PM   INSERT NEW 2[ID=0] 2-5-0 Period 1 T=05:04.8/04:54.5 P1=[7] Oliver  Lauridsen Йокерит (5038) Йокерит P2=  U=1012
12:53:52 PM   INSERT NEW 3 RECALC MARKER
12:53:52 PM   INSERT NEW [ID=0] 1-6-2 Period 1 T=05:04.9/00:00.0 P1=[7] Oliver  Lauridsen Йокерит (5038) Йокерит P2=[8] Evgeny Korotkov ЦСКА Москва (2) ЦСКА Москва U=1012
12:53:52 PM   INSERT NEW 2[ID=0] 1-6-2 Period 1 T=05:04.9/04:54.6 P1=[7] Oliver  Lauridsen Йокерит (5038) Йокерит P2=[8] Evgeny Korotkov ЦСКА Москва (2) ЦСКА Москва U=1012
12:53:52 PM   INSERT NEW 3 RECALC MARKER
12:53:52 PM   INSERT NEW [ID=0] 2-7-0 Period 1 T=05:05.0/00:00.0 P1=[8] Evgeny Korotkov ЦСКА Москва (2) ЦСКА Москва P2=  U=1012
12:53:52 PM   INSERT NEW 2[ID=0] 2-7-0 Period 1 T=05:05.0/04:54.7 P1=[8] Evgeny Korotkov ЦСКА Москва (2) ЦСКА Москва P2=  U=1012
12:53:52 PM   INSERT NEW 3 RECALC MARKER
12:54:46   00:12.3
12:54:46   Update checking
12:54:46   CURR VERSION: 0.1.6043.22620
12:54:46   VERSION: 0.1.6114.23242
12:56:50   00:12.3
12:56:50   Update checking
12:56:50   CURR VERSION: 0.1.6043.22620
12:56:50   VERSION: 0.1.6114.23302
12:57:26 PM   CREATE NEW 1: 1-6-2
12:57:26 PM   CREATE NEW 2
12:57:26 PM   CREATE NEW 3
12:57:26 PM   CREATE NEW 4
12:57:28 PM   CREATE NEW 5
12:57:29 PM   CREATE NEW 6
12:57:29 PM   CREATE NEW 7
12:57:29 PM   CREATE NEW 8
12:57:43 PM   INSERT NEW [ID=0] 2-5-0 Period 1 T=02:37.6/00:00.0 P1=[4] Ossi Vaananen Йокерит (24) Йокерит P2=  U=1012
12:57:43 PM   INSERT NEW 2[ID=0] 2-5-0 Period 1 T=02:37.6/02:27.3 P1=[4] Ossi Vaananen Йокерит (24) Йокерит P2=  U=1012
12:57:43 PM   INSERT NEW 3 RECALC MARKER
12:57:43 PM   INSERT NEW [ID=0] 1-6-2 Period 1 T=02:37.7/00:00.0 P1=[4] Ossi Vaananen Йокерит (24) Йокерит P2=  U=1012
12:57:43 PM   INSERT NEW 2[ID=0] 1-6-2 Period 1 T=02:37.7/02:27.4 P1=[4] Ossi Vaananen Йокерит (24) Йокерит P2=  U=1012
12:57:43 PM   INSERT NEW 3 RECALC MARKER
12:57:43 PM   INSERT NEW [ID=0] 2-7-0 Period 1 T=02:37.8/00:00.0 P1=  P2=  U=1012
12:57:43 PM   INSERT NEW 2[ID=0] 2-7-0 Period 1 T=02:37.8/02:27.5 P1=  P2=  U=1012
12:57:43 PM   INSERT NEW 3 RECALC MARKER
12:58:00 PM   CREATE NEW 1: 0-0-0
12:58:00 PM   CREATE NEW 2
12:58:00 PM   CREATE NEW 3
12:58:00 PM   CREATE NEW 4
12:58:00 PM   CREATE NEW 5
12:58:00 PM   CREATE NEW 6
12:58:00 PM   CREATE NEW 7
12:58:00 PM   CREATE NEW 8
12:58:02 PM   CREATE NEW 1: 1-6-2
12:58:02 PM   CREATE NEW 2
12:58:02 PM   CREATE NEW 3
12:58:02 PM   CREATE NEW 4
12:58:04 PM   CREATE NEW 5
12:58:04 PM   CREATE NEW 6
12:58:04 PM   CREATE NEW 7
12:58:04 PM   CREATE NEW 8
13:02:26   00:12.3
13:02:26   Update checking
13:02:26   CURR VERSION: 0.1.6043.22620
13:02:26   VERSION: 0.1.6114.23471
13:03:29   DELETE MANUAL
1:03:43 PM   CREATE NEW 1: 0-0-0
1:03:43 PM   CREATE NEW 2
1:03:43 PM   CREATE NEW 3
1:03:43 PM   CREATE NEW 4
1:03:43 PM   CREATE NEW 5
1:03:43 PM   CREATE NEW 6
1:03:43 PM   CREATE NEW 7
1:03:43 PM   CREATE NEW 8
1:03:45 PM   CREATE NEW 1: 1-6-2
1:03:45 PM   CREATE NEW 2
1:03:45 PM   CREATE NEW 3
1:03:45 PM   CREATE NEW 4
1:03:48 PM   CREATE NEW 5
1:03:48 PM   CREATE NEW 6
1:03:48 PM   CREATE NEW 7
1:03:48 PM   CREATE NEW 8
13:06:50   00:12.3
13:06:50   Update checking
13:06:50   CURR VERSION: 0.1.6043.22620
13:06:50   VERSION: 0.1.6114.23471
1:07:18 PM   CREATE NEW 1: 0-0-0
1:07:18 PM   CREATE NEW 2
1:07:18 PM   CREATE NEW 3
1:07:18 PM   CREATE NEW 4
1:07:18 PM   CREATE NEW 5
1:07:18 PM   CREATE NEW 6
1:07:18 PM   CREATE NEW 7
1:07:18 PM   CREATE NEW 8
1:07:20 PM   CREATE NEW 1: 1-6-2
1:07:20 PM   CREATE NEW 2
1:07:20 PM   CREATE NEW 3
1:07:20 PM   CREATE NEW 4
13:08:43   00:12.3
13:08:43   Update checking
13:08:43   CURR VERSION: 0.1.6043.22620
13:08:43   VERSION: 0.1.6114.23660
1:09:09 PM   CREATE NEW 1: 0-0-0
1:09:09 PM   CREATE NEW 2
1:09:09 PM   CREATE NEW 3
1:09:09 PM   CREATE NEW 4
1:09:09 PM   CREATE NEW 5
1:09:09 PM   CREATE NEW 6
1:09:09 PM   CREATE NEW 7
1:09:09 PM   CREATE NEW 8
1:09:11 PM   CREATE NEW 1: 1-6-2
1:09:11 PM   CREATE NEW 2
1:09:11 PM   CREATE NEW 3
1:09:11 PM   CREATE NEW 4
1:09:14 PM   CREATE NEW 5
1:09:14 PM   CREATE NEW 6
1:09:14 PM   CREATE NEW 7
1:09:14 PM   CREATE NEW 8
13:54:39   00:12.3
13:54:39   Update checking
13:54:39   CURR VERSION: 0.1.6043.22620
13:54:39   VERSION: 0.1.6114.25036
1:55:08 PM   CREATE NEW 1: 0-0-0
1:55:08 PM   CREATE NEW 2
1:55:08 PM   CREATE NEW 3
1:55:08 PM   CREATE NEW 4
1:55:08 PM   CREATE NEW 5
1:55:08 PM   CREATE NEW 6
1:55:08 PM   CREATE NEW 7
1:55:08 PM   CREATE NEW 8
1:55:11 PM   CREATE NEW 1: 1-6-2
1:55:11 PM   CREATE NEW 2
1:55:11 PM   CREATE NEW 3
1:55:11 PM   CREATE NEW 4
1:55:13 PM   CREATE NEW 5
1:55:13 PM   CREATE NEW 6
1:55:13 PM   CREATE NEW 7
1:55:13 PM   CREATE NEW 8
1:57:28 PM   INSERT NEW [ID=0] 2-5-0 Period 1 T=00:39.7/00:00.0 P1=[7] Oliver  Lauridsen Йокерит (5038) Йокерит P2=  U=1012
1:57:28 PM   INSERT NEW 2[ID=0] 2-5-0 Period 1 T=00:39.7/00:29.3 P1=[7] Oliver  Lauridsen Йокерит (5038) Йокерит P2=  U=1012
1:57:28 PM   INSERT NEW 3 RECALC MARKER
1:57:45 PM   INSERT NEW [ID=0] 1-6-2 Period 1 T=00:39.8/00:00.0 P1=[7] Oliver  Lauridsen Йокерит (5038) Йокерит P2=[6] Denis Denisov ЦСКА Москва (1) ЦСКА Москва U=1012
1:57:45 PM   INSERT NEW 2[ID=0] 1-6-2 Period 1 T=00:39.8/00:29.4 P1=[7] Oliver  Lauridsen Йокерит (5038) Йокерит P2=[6] Denis Denisov ЦСКА Москва (1) ЦСКА Москва U=1012
1:57:45 PM   INSERT NEW 3 RECALC MARKER
1:57:56 PM   INSERT NEW [ID=0] 2-7-0 Period 1 T=00:39.9/00:00.0 P1=[6] Denis Denisov ЦСКА Москва (1) ЦСКА Москва P2=  U=1012
1:57:56 PM   INSERT NEW 2[ID=0] 2-7-0 Period 1 T=00:39.9/00:29.5 P1=[6] Denis Denisov ЦСКА Москва (1) ЦСКА Москва P2=  U=1012
1:57:56 PM   INSERT NEW 3 RECALC MARKER
1:58:29 PM   CREATE NEW 1: 0-0-0
1:58:29 PM   CREATE NEW 2
1:58:29 PM   CREATE NEW 3
1:58:29 PM   CREATE NEW 4
1:58:30 PM   CREATE NEW 5
1:58:30 PM   CREATE NEW 6
1:58:30 PM   CREATE NEW 7
1:58:30 PM   CREATE NEW 8
1:58:32 PM   CREATE NEW 1: 1-6-2
1:58:32 PM   CREATE NEW 2
1:58:32 PM   CREATE NEW 3
1:58:32 PM   CREATE NEW 4
1:58:33 PM   CREATE NEW 5
1:58:34 PM   CREATE NEW 6
1:58:34 PM   CREATE NEW 7
1:58:34 PM   CREATE NEW 8
2:03:05 PM   INSERT NEW [ID=0] 2-5-0 Period 1 T=00:57.6/00:00.0 P1=[4] Ossi Vaananen Йокерит (24) Йокерит P2=  U=1012
2:03:05 PM   INSERT NEW 2[ID=0] 2-5-0 Period 1 T=00:57.6/00:47.3 P1=[4] Ossi Vaananen Йокерит (24) Йокерит P2=  U=1012
2:03:05 PM   INSERT NEW 3 RECALC MARKER
2:03:09 PM   INSERT NEW [ID=0] 1-6-2 Period 1 T=00:57.7/00:00.0 P1=[4] Ossi Vaananen Йокерит (24) Йокерит P2=  U=1012
2:03:09 PM   INSERT NEW 2[ID=0] 1-6-2 Period 1 T=00:57.7/00:47.4 P1=[4] Ossi Vaananen Йокерит (24) Йокерит P2=  U=1012
2:03:09 PM   INSERT NEW 3 RECALC MARKER
2:03:49 PM   CREATE NEW 1: 0-0-0
2:03:49 PM   CREATE NEW 2
2:03:49 PM   CREATE NEW 3
2:03:49 PM   CREATE NEW 4
2:04:34 PM   CREATE NEW 5
2:04:36 PM   CREATE NEW 6
2:04:36 PM   CREATE NEW 7
2:04:37 PM   CREATE NEW 8
2:04:58 PM   CREATE NEW 1: 1-6-2
2:05:22 PM   CREATE NEW 2
2:05:38 PM   CREATE NEW 3
2:05:46 PM   CREATE NEW 4
2:07:31 PM   CREATE NEW 5
2:07:35 PM   CREATE NEW 6
2:07:36 PM   CREATE NEW 7
2:07:37 PM   CREATE NEW 8
2:11:39 PM   CREATE NEW 1: 0-0-0
2:11:39 PM   CREATE NEW 2
2:11:39 PM   CREATE NEW 3
2:11:39 PM   CREATE NEW 4
2:11:40 PM   CREATE NEW 5
2:11:40 PM   CREATE NEW 6
2:11:40 PM   CREATE NEW 7
2:11:40 PM   CREATE NEW 8
2:11:55 PM   CREATE NEW 1: 1-6-2
2:11:56 PM   CREATE NEW 2
2:12:04 PM   CREATE NEW 3
2:12:08 PM   CREATE NEW 4
2:15:31 PM   CREATE NEW 5
2:15:34 PM   CREATE NEW 6
2:15:35 PM   CREATE NEW 7
2:18:28 PM   CREATE NEW 8
14:20:24   00:12.3
14:20:24   Update checking
14:20:24   CURR VERSION: 0.1.6043.22620
14:20:24   VERSION: 0.1.6114.25036
14:30:50   00:12.3
14:30:50   Update checking
14:30:50   CURR VERSION: 0.1.6043.22620
14:30:50   VERSION: 0.1.6114.25860
2:31:42 PM   CREATE NEW 1: 1-6-2
2:31:42 PM   CREATE NEW 2
2:31:42 PM   CREATE NEW 3
2:31:42 PM   CREATE NEW 4
2:31:45 PM   CREATE NEW 5
2:31:45 PM   CREATE NEW 6
2:31:45 PM   CREATE NEW 7
2:31:45 PM   CREATE NEW 8
14:34:31   00:12.3
14:34:31   Update checking
14:34:31   CURR VERSION: 0.1.6043.22620
14:34:31   VERSION: 0.1.6114.26235
14:35:11   CREATE NEW 1: 1-6-2
14:35:14   CREATE NEW 2
14:35:32   CREATE NEW 3
14:35:38   CREATE NEW 4
14:36:03   CREATE NEW 5
14:36:03   CREATE NEW 6
14:36:03   CREATE NEW 7
14:36:03   CREATE NEW 8
14:36:26   INSERT NEW [ID=0] 1-6-2 Period 1 T=00:00.0/00:00.0 P1=[6] Denis Denisov ЦСКА Москва (1) ЦСКА Москва P2=[4] Ossi Vaananen Йокерит (24) Йокерит U=1012
14:36:26   INSERT NEW 2[ID=0] 1-6-2 Period 1 T=00:00.0/00:00.0 P1=[6] Denis Denisov ЦСКА Москва (1) ЦСКА Москва P2=[4] Ossi Vaananen Йокерит (24) Йокерит U=1012
14:36:26   INSERT NEW 3 RECALC MARKER
14:36:27   INSERT NEW [ID=0] 2-7-0 Period 1 T=00:00.1/00:00.0 P1=[4] Ossi Vaananen Йокерит (24) Йокерит P2=  U=1012
14:36:27   INSERT NEW 2[ID=0] 2-7-0 Period 1 T=00:00.1/00:00.0 P1=[4] Ossi Vaananen Йокерит (24) Йокерит P2=  U=1012
14:36:27   INSERT NEW 3 RECALC MARKER
14:37:51   00:12.3
14:37:51   Update checking
14:37:51   CURR VERSION: 0.1.6043.22620
14:37:51   VERSION: 0.1.6114.26235
14:43:46   00:12.3
14:43:46   Update checking
14:43:46   CURR VERSION: 0.1.6043.22620
14:43:46   VERSION: 0.1.6114.26499
14:45:44   00:12.3
14:45:44   Update checking
14:45:44   CURR VERSION: 0.1.6043.22620
14:45:44   VERSION: 0.1.6114.26564
2:46:42 PM   CREATE NEW 1: 0-0-0
2:46:42 PM   CREATE NEW 2
2:46:42 PM   CREATE NEW 3
2:46:42 PM   CREATE NEW 4
2:46:48 PM   CREATE NEW 5
2:46:48 PM   CREATE NEW 6
2:46:49 PM   CREATE NEW 7
2:46:49 PM   CREATE NEW 8
2:46:53 PM   CREATE NEW 1: 1-6-2
2:46:53 PM   CREATE NEW 2
2:46:53 PM   CREATE NEW 3
2:46:53 PM   CREATE NEW 4
2:47:15 PM   CREATE NEW 5
2:47:16 PM   CREATE NEW 6
2:47:17 PM   CREATE NEW 7
2:47:18 PM   CREATE NEW 8
14:48:56   00:12.3
14:48:56   Update checking
14:48:56   CURR VERSION: 0.1.6043.22620
14:48:56   VERSION: 0.1.6114.26564
2:50:06 PM   CREATE NEW 1: 0-0-0
2:50:06 PM   CREATE NEW 2
2:50:06 PM   CREATE NEW 3
2:50:06 PM   CREATE NEW 4
2:50:08 PM   CREATE NEW 5
2:50:08 PM   CREATE NEW 6
2:50:08 PM   CREATE NEW 7
2:50:08 PM   CREATE NEW 8
2:50:23 PM   CREATE NEW 1: 0-0-0
2:50:23 PM   CREATE NEW 2
2:50:23 PM   CREATE NEW 3
2:50:23 PM   CREATE NEW 4
2:50:25 PM   CREATE NEW 5
2:50:25 PM   CREATE NEW 6
2:50:25 PM   CREATE NEW 7
2:50:25 PM   CREATE NEW 8
2:50:37 PM   CREATE NEW 1: 0-0-0
2:50:38 PM   CREATE NEW 2
2:50:38 PM   CREATE NEW 3
2:50:38 PM   CREATE NEW 4
2:50:39 PM   CREATE NEW 5
2:50:39 PM   CREATE NEW 6
2:50:39 PM   CREATE NEW 7
2:50:39 PM   CREATE NEW 8
2:50:57 PM   CREATE NEW 1: 1-4-0
2:50:57 PM   CREATE NEW 2
2:50:57 PM   CREATE NEW 3
2:50:57 PM   CREATE NEW 4
2:51:09 PM   CREATE NEW 5
2:51:09 PM   CREATE NEW 6
2:51:09 PM   CREATE NEW 7
2:51:09 PM   CREATE NEW 8
2:51:21 PM   INSERT NEW [ID=0] 2-5-0 Period 1 T=00:42.5/00:00.0 P1=[4] Ossi Vaananen Йокерит (24) Йокерит P2=  U=1012
2:51:21 PM   INSERT NEW 2[ID=0] 2-5-0 Period 1 T=00:42.5/00:32.2 P1=[4] Ossi Vaananen Йокерит (24) Йокерит P2=  U=1012
2:51:21 PM   INSERT NEW 3 RECALC MARKER
2:51:21 PM   INSERT NEW [ID=0] 1-4-0 Period 1 T=00:42.6/00:00.0 P1=[4] Ossi Vaananen Йокерит (24) Йокерит P2=  U=1012
2:51:21 PM   INSERT NEW 2[ID=0] 1-4-0 Period 1 T=00:42.6/00:32.3 P1=[4] Ossi Vaananen Йокерит (24) Йокерит P2=  U=1012
2:51:21 PM   INSERT NEW 3 RECALC MARKER
15:05:57   00:12.3
15:05:57   Update checking
15:05:57   CURR VERSION: 0.1.6043.22620
15:05:57   VERSION: 0.1.6114.27178
3:07:06 PM   CREATE NEW 1: 0-0-0
3:07:06 PM   CREATE NEW 2
3:07:06 PM   CREATE NEW 3
3:07:06 PM   CREATE NEW 4
3:08:06 PM   CREATE NEW 5
3:08:06 PM   CREATE NEW 6
3:08:06 PM   CREATE NEW 7
3:08:06 PM   CREATE NEW 8
3:09:33 PM   CREATE NEW 1: 1-6-2
3:09:36 PM   CREATE NEW 2
3:09:58 PM   CREATE NEW 3
3:10:03 PM   CREATE NEW 4
15:33:16   00:12.3
15:33:16   Update checking
15:33:16   CURR VERSION: 0.1.6043.22620
15:33:16   VERSION: 0.1.6114.27997
3:33:50 PM   CREATE NEW 1: 0-0-0
3:33:50 PM   CREATE NEW 2
3:33:50 PM   CREATE NEW 3
3:33:50 PM   CREATE NEW 4
3:33:52 PM   CREATE NEW 5
3:33:52 PM   CREATE NEW 6
3:33:52 PM   CREATE NEW 7
3:33:52 PM   CREATE NEW 8
3:34:00 PM   CREATE NEW 1: 1-6-2
3:34:00 PM   CREATE NEW 2
3:34:00 PM   CREATE NEW 3
3:34:00 PM   CREATE NEW 4
3:34:02 PM   CREATE NEW 5
3:34:02 PM   CREATE NEW 6
3:34:02 PM   CREATE NEW 7
3:34:02 PM   CREATE NEW 8
15:34:32   00:12.3
15:34:32   Update checking
15:34:32   CURR VERSION: 0.1.6043.22620
15:34:32   VERSION: 0.1.6114.28035
15:35:05   00:12.3
15:35:05   Update checking
15:35:05   CURR VERSION: 0.1.6043.22620
15:35:05   VERSION: 0.1.6114.28051
3:35:34 PM   CREATE NEW 1: 0-0-0
3:35:34 PM   CREATE NEW 2
3:35:34 PM   CREATE NEW 3
3:35:34 PM   CREATE NEW 4
3:35:37 PM   CREATE NEW 5
3:35:37 PM   CREATE NEW 6
3:35:37 PM   CREATE NEW 7
3:35:37 PM   CREATE NEW 8
15:45:52   00:12.3
15:45:52   Update checking
15:45:52   CURR VERSION: 0.1.6043.22620
15:45:52   VERSION: 0.1.6114.28374
15:53:39   00:12.3
15:53:39   Update checking
15:53:39   CURR VERSION: 0.1.6043.22620
15:53:39   VERSION: 0.1.6114.28604
3:54:11 PM   CREATE NEW 1: 0-0-0
3:54:11 PM   CREATE NEW 2
3:54:11 PM   CREATE NEW 3
3:54:12 PM   CREATE NEW 4
3:54:15 PM   CREATE NEW 5
3:54:15 PM   CREATE NEW 6
3:54:15 PM   CREATE NEW 7
3:54:15 PM   CREATE NEW 8
3:54:18 PM   CREATE NEW 1: 1-6-2
3:54:18 PM   CREATE NEW 2
3:54:18 PM   CREATE NEW 3
3:54:18 PM   CREATE NEW 4
3:54:20 PM   CREATE NEW 5
3:54:20 PM   CREATE NEW 6
3:54:20 PM   CREATE NEW 7
3:54:21 PM   CREATE NEW 8
3:54:37 PM   INSERT NEW [ID=0] 1-6-2 Period 1 T=01:40.0/00:00.0 P1=[4] Ossi Vaananen Йокерит (24) Йокерит P2=[6] Denis Denisov ЦСКА Москва (1) ЦСКА Москва U=1012
3:54:37 PM   INSERT NEW 2[ID=0] 1-6-2 Period 1 T=01:40.0/01:29.7 P1=[4] Ossi Vaananen Йокерит (24) Йокерит P2=[6] Denis Denisov ЦСКА Москва (1) ЦСКА Москва U=1012
3:54:37 PM   INSERT NEW 3 RECALC MARKER
3:54:38 PM   INSERT NEW [ID=0] 2-7-0 Period 1 T=01:40.1/00:00.0 P1=[6] Denis Denisov ЦСКА Москва (1) ЦСКА Москва P2=  U=1012
3:54:38 PM   INSERT NEW 2[ID=0] 2-7-0 Period 1 T=01:40.1/01:29.8 P1=[6] Denis Denisov ЦСКА Москва (1) ЦСКА Москва P2=  U=1012
3:54:38 PM   INSERT NEW 3 RECALC MARKER
3:54:43 PM   CREATE NEW 1: 0-0-0
3:54:43 PM   CREATE NEW 2
3:54:43 PM   CREATE NEW 3
3:54:43 PM   CREATE NEW 4
3:54:45 PM   CREATE NEW 5
3:54:45 PM   CREATE NEW 6
3:54:45 PM   CREATE NEW 7
3:54:45 PM   CREATE NEW 8
3:54:48 PM   CREATE NEW 1: 1-4-0
3:54:48 PM   CREATE NEW 2
3:54:48 PM   CREATE NEW 3
3:54:48 PM   CREATE NEW 4
3:54:51 PM   CREATE NEW 5
3:54:51 PM   CREATE NEW 6
3:54:51 PM   CREATE NEW 7
3:54:51 PM   CREATE NEW 8
16:14:47   00:12.3
16:14:47   Update checking
16:14:47   CURR VERSION: 0.1.6043.22620
16:14:47   VERSION: 0.1.6114.29242
4:15:25 PM   CREATE NEW 1: 0-0-0
4:15:25 PM   CREATE NEW 2
4:15:25 PM   CREATE NEW 3
4:15:25 PM   CREATE NEW 4
4:15:29 PM   CREATE NEW 5
4:15:29 PM   CREATE NEW 6
4:15:29 PM   CREATE NEW 7
4:15:29 PM   CREATE NEW 8
4:15:34 PM   CREATE NEW 1: 1-6-2
4:15:34 PM   CREATE NEW 2
4:15:34 PM   CREATE NEW 3
4:15:34 PM   CREATE NEW 4
4:16:06 PM   CREATE NEW 5
4:16:06 PM   CREATE NEW 6
4:16:06 PM   CREATE NEW 7
4:16:06 PM   CREATE NEW 8
16:17:01   00:12.3
16:17:01   Update checking
16:17:01   CURR VERSION: 0.1.6043.22620
16:17:01   VERSION: 0.1.6114.29310
4:17:44 PM   CREATE NEW 1: 0-0-0
4:17:45 PM   CREATE NEW 2
4:17:45 PM   CREATE NEW 3
4:17:45 PM   CREATE NEW 4
4:17:48 PM   CREATE NEW 5
4:17:48 PM   CREATE NEW 6
4:17:48 PM   CREATE NEW 7
4:17:48 PM   CREATE NEW 8
4:18:21 PM   CREATE NEW 1: 0-0-0
4:18:21 PM   CREATE NEW 2
4:18:21 PM   CREATE NEW 3
4:18:21 PM   CREATE NEW 4
4:18:23 PM   CREATE NEW 5
4:18:23 PM   CREATE NEW 6
4:18:23 PM   CREATE NEW 7
4:18:23 PM   CREATE NEW 8
4:18:31 PM   CREATE NEW 1: 1-6-2
4:18:31 PM   CREATE NEW 2
4:18:31 PM   CREATE NEW 3
4:18:31 PM   CREATE NEW 4
4:19:19 PM   CREATE NEW 5
4:19:19 PM   CREATE NEW 6
4:19:19 PM   CREATE NEW 7
4:19:19 PM   CREATE NEW 8
4:21:28 PM   INSERT NEW [ID=0] 1-6-2 Period 1 T=00:44.7/00:00.0 P1=[7] Oliver  Lauridsen Йокерит (5038) Йокерит P2=[6] Denis Denisov ЦСКА Москва (1) ЦСКА Москва U=1012
4:21:28 PM   INSERT NEW 2[ID=0] 1-6-2 Period 1 T=00:44.7/00:34.4 P1=[7] Oliver  Lauridsen Йокерит (5038) Йокерит P2=[6] Denis Denisov ЦСКА Москва (1) ЦСКА Москва U=1012
4:21:28 PM   INSERT NEW 3 RECALC MARKER
4:21:33 PM   INSERT NEW [ID=0] 2-7-0 Period 1 T=00:44.8/00:00.0 P1=[6] Denis Denisov ЦСКА Москва (1) ЦСКА Москва P2=  U=1012
4:21:33 PM   INSERT NEW 2[ID=0] 2-7-0 Period 1 T=00:44.8/00:34.5 P1=[6] Denis Denisov ЦСКА Москва (1) ЦСКА Москва P2=  U=1012
4:21:33 PM   INSERT NEW 3 RECALC MARKER
4:22:19 PM   CREATE NEW 1: 0-0-0
4:22:19 PM   CREATE NEW 2
4:22:19 PM   CREATE NEW 3
4:22:19 PM   CREATE NEW 4
16:33:20   00:12.3
16:33:20   Update checking
16:33:20   CURR VERSION: 0.1.6043.22620
16:33:20   VERSION: 0.1.6114.29798
4:33:51 PM   CREATE NEW 1: 0-0-0
4:33:51 PM   CREATE NEW 2
4:33:51 PM   CREATE NEW 3
4:33:51 PM   CREATE NEW 4
4:33:53 PM   CREATE NEW 5
4:33:53 PM   CREATE NEW 6
4:33:53 PM   CREATE NEW 7
4:33:53 PM   CREATE NEW 8
4:33:59 PM   CREATE NEW 1: 1-6-2
4:33:59 PM   CREATE NEW 2
4:33:59 PM   CREATE NEW 3
4:33:59 PM   CREATE NEW 4
4:34:01 PM   CREATE NEW 5
4:34:01 PM   CREATE NEW 6
4:34:01 PM   CREATE NEW 7
4:34:01 PM   CREATE NEW 8
4:34:22 PM   INSERT NEW [ID=0] 2-5-0 Period 1 T=00:40.4/00:00.0 P1=[7] Oliver  Lauridsen Йокерит (5038) Йокерит P2=  U=1012
4:34:22 PM   INSERT NEW 2[ID=0] 2-5-0 Period 1 T=00:40.4/00:30.1 P1=[7] Oliver  Lauridsen Йокерит (5038) Йокерит P2=  U=1012
4:34:22 PM   INSERT NEW 3 RECALC MARKER
4:34:22 PM   INSERT NEW [ID=0] 1-6-2 Period 1 T=00:40.5/00:00.0 P1=[7] Oliver  Lauridsen Йокерит (5038) Йокерит P2=[8] Evgeny Korotkov ЦСКА Москва (2) ЦСКА Москва U=1012
4:34:22 PM   INSERT NEW 2[ID=0] 1-6-2 Period 1 T=00:40.5/00:30.2 P1=[7] Oliver  Lauridsen Йокерит (5038) Йокерит P2=[8] Evgeny Korotkov ЦСКА Москва (2) ЦСКА Москва U=1012
4:34:22 PM   INSERT NEW 3 RECALC MARKER
4:34:23 PM   INSERT NEW [ID=0] 2-7-0 Period 1 T=00:40.6/00:00.0 P1=[8] Evgeny Korotkov ЦСКА Москва (2) ЦСКА Москва P2=  U=1012
4:34:23 PM   INSERT NEW 2[ID=0] 2-7-0 Period 1 T=00:40.6/00:30.3 P1=[8] Evgeny Korotkov ЦСКА Москва (2) ЦСКА Москва P2=  U=1012
4:34:23 PM   INSERT NEW 3 RECALC MARKER
16:40:40   00:12.3
16:40:40   Update checking
16:40:40   CURR VERSION: 0.1.6043.22620
16:40:40   VERSION: 0.1.6114.30019
4:42:03 PM   CREATE NEW 1: 0-0-0
4:42:03 PM   CREATE NEW 2
4:42:03 PM   CREATE NEW 3
4:42:03 PM   CREATE NEW 4
4:42:28 PM   CREATE NEW 5
4:42:28 PM   CREATE NEW 6
4:42:28 PM   CREATE NEW 7
4:42:28 PM   CREATE NEW 8
4:42:35 PM   CREATE NEW 1: 1-6-2
4:42:35 PM   CREATE NEW 2
4:42:35 PM   CREATE NEW 3
4:42:35 PM   CREATE NEW 4
4:42:55 PM   CREATE NEW 5
4:42:55 PM   CREATE NEW 6
4:42:55 PM   CREATE NEW 7
4:42:55 PM   CREATE NEW 8
16:44:27   00:12.3
16:44:27   Update checking
16:44:27   CURR VERSION: 0.1.6043.22620
16:44:27   VERSION: 0.1.6114.30019
16:46:03   00:12.3
16:46:03   Update checking
16:46:03   CURR VERSION: 0.1.6043.22620
16:46:03   VERSION: 0.1.6114.30179
4:46:43 PM   CREATE NEW 1: 0-0-0
4:46:43 PM   CREATE NEW 2
4:46:43 PM   CREATE NEW 3
4:46:43 PM   CREATE NEW 4
4:46:46 PM   CREATE NEW 5
4:46:46 PM   CREATE NEW 6
4:46:46 PM   CREATE NEW 7
4:46:46 PM   CREATE NEW 8
4:46:50 PM   CREATE NEW 1: 1-6-2
4:46:50 PM   CREATE NEW 2
4:46:50 PM   CREATE NEW 3
4:46:50 PM   CREATE NEW 4
4:46:57 PM   CREATE NEW 5
4:46:57 PM   CREATE NEW 6
4:46:57 PM   CREATE NEW 7
4:46:57 PM   CREATE NEW 8
4:47:19 PM   INSERT NEW [ID=0] 2-5-0 Period 1 T=00:57.2/00:00.0 P1=[4] Ossi Vaananen Йокерит (24) Йокерит P2=  U=1012
4:47:19 PM   INSERT NEW 2[ID=0] 2-5-0 Period 1 T=00:57.2/00:46.8 P1=[4] Ossi Vaananen Йокерит (24) Йокерит P2=  U=1012
4:47:19 PM   INSERT NEW 3 RECALC MARKER
4:47:19 PM   INSERT NEW [ID=0] 1-6-2 Period 1 T=00:57.3/00:00.0 P1=[4] Ossi Vaananen Йокерит (24) Йокерит P2=[6] Denis Denisov ЦСКА Москва (1) ЦСКА Москва U=1012
4:47:19 PM   INSERT NEW 2[ID=0] 1-6-2 Period 1 T=00:57.3/00:46.9 P1=[4] Ossi Vaananen Йокерит (24) Йокерит P2=[6] Denis Denisov ЦСКА Москва (1) ЦСКА Москва U=1012
4:47:19 PM   INSERT NEW 3 RECALC MARKER
4:47:19 PM   INSERT NEW [ID=0] 2-7-0 Period 1 T=00:57.4/00:00.0 P1=[6] Denis Denisov ЦСКА Москва (1) ЦСКА Москва P2=  U=1012
4:47:19 PM   INSERT NEW 2[ID=0] 2-7-0 Period 1 T=00:57.4/00:47.0 P1=[6] Denis Denisov ЦСКА Москва (1) ЦСКА Москва P2=  U=1012
4:47:20 PM   INSERT NEW 3 RECALC MARKER
