11:58:19   00:12.3
11:58:19   Update checking
11:58:19   CURR VERSION: 0.1.6043.22620
11:58:19   VERSION: 0.1.6115.21546
11:59:56 AM   CREATE NEW 1: 0-0-0
11:59:56 AM   CREATE NEW 2
11:59:56 AM   CREATE NEW 3
11:59:56 AM   CREATE NEW 4
11:59:56 AM   CREATE NEW 5
11:59:56 AM   CREATE NEW 6
11:59:56 AM   CREATE NEW 7
11:59:57 AM   CREATE NEW 8
12:00:01 PM   CREATE NEW 1: 2-1-0
12:00:01 PM   CREATE NEW 2
12:00:01 PM   CREATE NEW 3
12:00:01 PM   CREATE NEW 4
12:00:01 PM   CREATE NEW 5
12:00:01 PM   CREATE NEW 6
12:00:01 PM   CREATE NEW 7
12:00:01 PM   CREATE NEW 8
12:05:23   00:12.3
12:05:23   Update checking
12:05:23   CURR VERSION: 0.1.6043.22620
12:05:23   VERSION: 0.1.6115.21546
12:05:53 PM   CREATE NEW 1: 0-0-0
12:05:53 PM   CREATE NEW 2
12:05:57 PM   CREATE NEW 3
12:05:57 PM   CREATE NEW 4
12:05:57 PM   CREATE NEW 5
12:05:57 PM   CREATE NEW 6
12:05:57 PM   CREATE NEW 7
12:05:57 PM   CREATE NEW 8
12:06:05 PM   CREATE NEW 1: 2-1-0
12:06:05 PM   CREATE NEW 2
12:06:20 PM   CREATE NEW 3
12:06:20 PM   CREATE NEW 4
12:06:21 PM   CREATE NEW 5
12:06:21 PM   CREATE NEW 6
12:06:21 PM   CREATE NEW 7
12:06:21 PM   CREATE NEW 8
12:09:53   00:12.3
12:09:53   Update checking
12:09:53   CURR VERSION: 0.1.6043.22620
12:09:53   VERSION: 0.1.6115.21895
12:10:19 PM   CREATE NEW 1: 0-0-0
12:10:19 PM   CREATE NEW 2
12:10:20 PM   CREATE NEW 3
12:10:20 PM   CREATE NEW 4
12:10:20 PM   CREATE NEW 5
12:10:20 PM   CREATE NEW 6
12:10:20 PM   CREATE NEW 7
12:10:20 PM   CREATE NEW 8
12:10:35 PM   CREATE NEW 1: 2-1-0
12:10:35 PM   CREATE NEW 2
12:10:36 PM   CREATE NEW 3
12:10:36 PM   CREATE NEW 4
12:10:37 PM   CREATE NEW 5
12:10:37 PM   CREATE NEW 6
12:10:37 PM   CREATE NEW 7
12:10:37 PM   CREATE NEW 8
12:10:50 PM   CREATE NEW 1: 1-3-0
12:10:51 PM   CREATE NEW 2
12:11:09 PM   CREATE NEW 3
12:11:09 PM   CREATE NEW 4
12:11:10 PM   CREATE NEW 5
12:11:10 PM   CREATE NEW 6
12:11:10 PM   CREATE NEW 7
12:11:10 PM   CREATE NEW 8
12:11:14 PM   CREATE NEW 1: 1-3-0
12:11:14 PM   CREATE NEW 2
12:11:14 PM   CREATE NEW 3
12:11:14 PM   CREATE NEW 4
12:11:15 PM   CREATE NEW 5
12:11:15 PM   CREATE NEW 6
12:11:15 PM   CREATE NEW 7
12:11:15 PM   CREATE NEW 8
12:11:23 PM   CREATE NEW 1: 1-4-0
12:11:23 PM   CREATE NEW 2
12:11:23 PM   CREATE NEW 3
12:11:23 PM   CREATE NEW 4
12:11:23 PM   CREATE NEW 5
12:11:23 PM   CREATE NEW 6
12:11:23 PM   CREATE NEW 7
12:11:23 PM   CREATE NEW 8
12:11:25 PM   CREATE NEW 1: 1-6-1
12:11:25 PM   CREATE NEW 2
12:11:25 PM   CREATE NEW 3
12:11:25 PM   CREATE NEW 4
12:11:25 PM   CREATE NEW 5
12:11:25 PM   CREATE NEW 6
12:11:25 PM   CREATE NEW 7
12:11:25 PM   CREATE NEW 8
12:11:25 PM   CREATE NEW 1: 1-5-0
12:11:25 PM   CREATE NEW 2
12:11:25 PM   CREATE NEW 3
12:11:25 PM   CREATE NEW 4
12:11:25 PM   CREATE NEW 5
12:11:25 PM   CREATE NEW 6
12:11:25 PM   CREATE NEW 7
12:11:25 PM   CREATE NEW 8
12:11:26 PM   CREATE NEW 1: 1-4-0
12:11:26 PM   CREATE NEW 2
12:11:26 PM   CREATE NEW 3
12:11:26 PM   CREATE NEW 4
12:11:26 PM   CREATE NEW 5
12:11:26 PM   CREATE NEW 6
12:11:26 PM   CREATE NEW 7
12:11:26 PM   CREATE NEW 8
12:11:26 PM   CREATE NEW 1: 1-3-0
12:11:26 PM   CREATE NEW 2
12:11:26 PM   CREATE NEW 3
12:11:26 PM   CREATE NEW 4
12:11:26 PM   CREATE NEW 5
12:11:26 PM   CREATE NEW 6
12:11:26 PM   CREATE NEW 7
12:11:26 PM   CREATE NEW 8
12:11:28 PM   CREATE NEW 1: 1-3-0
12:11:28 PM   CREATE NEW 2
12:11:28 PM   CREATE NEW 3
12:11:28 PM   CREATE NEW 4
12:11:28 PM   CREATE NEW 5
12:11:28 PM   CREATE NEW 6
12:11:28 PM   CREATE NEW 7
12:11:28 PM   CREATE NEW 8
12:11:30 PM   CREATE NEW 1: 1-6-1
12:11:30 PM   CREATE NEW 2
12:11:30 PM   CREATE NEW 3
12:11:30 PM   CREATE NEW 4
12:11:30 PM   CREATE NEW 5
12:11:30 PM   CREATE NEW 6
12:11:30 PM   CREATE NEW 7
12:11:30 PM   CREATE NEW 8
12:11:30 PM   CREATE NEW 1: 1-6-1
12:11:30 PM   CREATE NEW 2
12:11:30 PM   CREATE NEW 3
12:11:30 PM   CREATE NEW 4
12:11:30 PM   CREATE NEW 5
12:11:30 PM   CREATE NEW 6
12:11:30 PM   CREATE NEW 7
12:11:30 PM   CREATE NEW 8
12:11:31 PM   CREATE NEW 1: 1-4-0
12:11:31 PM   CREATE NEW 2
12:11:31 PM   CREATE NEW 3
12:11:31 PM   CREATE NEW 4
12:11:31 PM   CREATE NEW 5
12:11:31 PM   CREATE NEW 6
12:11:31 PM   CREATE NEW 7
12:11:31 PM   CREATE NEW 8
12:11:32 PM   CREATE NEW 1: 1-5-0
12:11:32 PM   CREATE NEW 2
12:11:32 PM   CREATE NEW 3
12:11:32 PM   CREATE NEW 4
12:11:32 PM   CREATE NEW 5
12:11:32 PM   CREATE NEW 6
12:11:32 PM   CREATE NEW 7
12:11:32 PM   CREATE NEW 8
12:11:32 PM   CREATE NEW 1: 1-4-0
12:11:32 PM   CREATE NEW 2
12:11:32 PM   CREATE NEW 3
12:11:32 PM   CREATE NEW 4
12:11:32 PM   CREATE NEW 5
12:11:32 PM   CREATE NEW 6
12:11:32 PM   CREATE NEW 7
12:11:32 PM   CREATE NEW 8
12:11:33 PM   CREATE NEW 1: 1-3-0
12:11:33 PM   CREATE NEW 2
12:11:33 PM   CREATE NEW 3
12:11:33 PM   CREATE NEW 4
12:11:33 PM   CREATE NEW 5
12:11:33 PM   CREATE NEW 6
12:11:33 PM   CREATE NEW 7
12:11:33 PM   CREATE NEW 8
12:11:33 PM   CREATE NEW 1: 1-5-0
12:11:33 PM   CREATE NEW 2
12:11:33 PM   CREATE NEW 3
12:11:33 PM   CREATE NEW 4
12:11:33 PM   CREATE NEW 5
12:11:33 PM   CREATE NEW 6
12:11:33 PM   CREATE NEW 7
12:11:33 PM   CREATE NEW 8
12:11:34 PM   CREATE NEW 1: 1-4-0
12:11:34 PM   CREATE NEW 2
12:11:34 PM   CREATE NEW 3
12:11:34 PM   CREATE NEW 4
12:11:34 PM   CREATE NEW 5
12:11:34 PM   CREATE NEW 6
12:11:34 PM   CREATE NEW 7
12:11:34 PM   CREATE NEW 8
12:11:35 PM   CREATE NEW 1: 1-4-0
12:11:35 PM   CREATE NEW 2
12:11:35 PM   CREATE NEW 3
12:11:35 PM   CREATE NEW 4
12:11:35 PM   CREATE NEW 5
12:11:35 PM   CREATE NEW 6
12:11:35 PM   CREATE NEW 7
12:11:35 PM   CREATE NEW 8
12:14:33   00:12.3
12:14:33   Update checking
12:14:33   CURR VERSION: 0.1.6043.22620
12:14:33   VERSION: 0.1.6115.21895
12:15:14 PM   CREATE NEW 1: 0-0-0
12:15:14 PM   CREATE NEW 2
12:15:15 PM   CREATE NEW 3
12:15:15 PM   CREATE NEW 4
12:15:15 PM   CREATE NEW 5
12:15:15 PM   CREATE NEW 6
12:15:15 PM   CREATE NEW 7
12:15:15 PM   CREATE NEW 8
12:15:26 PM   CREATE NEW 1: 2-1-0
12:15:26 PM   CREATE NEW 2
12:15:27 PM   CREATE NEW 3
12:15:27 PM   CREATE NEW 4
12:15:28 PM   CREATE NEW 5
12:15:28 PM   CREATE NEW 6
12:15:28 PM   CREATE NEW 7
12:15:28 PM   CREATE NEW 8
12:15:35 PM   CREATE NEW 1: 1-3-0
12:15:35 PM   CREATE NEW 2
12:15:40 PM   CREATE NEW 3
12:15:40 PM   CREATE NEW 4
12:16:32 PM   CREATE NEW 5
12:16:33 PM   CREATE NEW 6
12:16:34 PM   CREATE NEW 7
12:16:35 PM   CREATE NEW 8
12:18:01 PM   INSERT NEW [ID=0] 2-1-0 Period 1 T=00:40.2/00:00.0 P1=[4] Ossi Vaananen Йокерит (24) Йокерит P2=[6] Denis Denisov ЦСКА Москва (1) ЦСКА Москва U=1012
12:18:01 PM   INSERT NEW 2[ID=0] 2-1-0 Period 1 T=00:40.2/00:29.8 P1=[4] Ossi Vaananen Йокерит (24) Йокерит P2=[6] Denis Denisov ЦСКА Москва (1) ЦСКА Москва U=1012
12:18:01 PM   INSERT NEW 3 RECALC MARKER
12:18:34 PM   INSERT NEW [ID=0] 1-3-0 Period 1 T=00:40.3/00:00.0 P1=[4] Ossi Vaananen Йокерит (24) Йокерит P2=  U=1012
12:18:34 PM   INSERT NEW 2[ID=0] 1-3-0 Period 1 T=00:40.3/00:29.9 P1=[4] Ossi Vaananen Йокерит (24) Йокерит P2=  U=1012
12:18:34 PM   INSERT NEW 3 RECALC MARKER
12:23:54   00:12.3
12:23:54   Update checking
12:23:54   CURR VERSION: 0.1.6043.22620
12:23:54   VERSION: 0.1.6115.22315
12:24:20 PM   CREATE NEW 1: 0-0-0
12:24:20 PM   CREATE NEW 2
12:24:21 PM   CREATE NEW 3
12:24:21 PM   CREATE NEW 4
12:24:21 PM   CREATE NEW 5
12:24:21 PM   CREATE NEW 6
12:24:21 PM   CREATE NEW 7
12:24:21 PM   CREATE NEW 8
12:24:27 PM   CREATE NEW 1: 2-6-0
12:24:27 PM   CREATE NEW 2
12:24:28 PM   CREATE NEW 3
12:24:28 PM   CREATE NEW 4
12:24:29 PM   CREATE NEW 5
12:24:29 PM   CREATE NEW 6
12:24:29 PM   CREATE NEW 7
12:24:29 PM   CREATE NEW 8
12:25:41   00:12.3
12:25:41   Update checking
12:25:41   CURR VERSION: 0.1.6043.22620
12:25:41   VERSION: 0.1.6115.22368
12:26:09 PM   CREATE NEW 1: 0-0-0
12:26:09 PM   CREATE NEW 2
12:26:10 PM   CREATE NEW 3
12:26:10 PM   CREATE NEW 4
12:26:10 PM   CREATE NEW 5
12:26:10 PM   CREATE NEW 6
12:26:10 PM   CREATE NEW 7
12:26:10 PM   CREATE NEW 8
12:26:19 PM   CREATE NEW 1: 2-6-0
12:26:19 PM   CREATE NEW 2
12:26:19 PM   CREATE NEW 3
12:26:19 PM   CREATE NEW 4
12:26:19 PM   CREATE NEW 5
12:26:19 PM   CREATE NEW 6
12:26:19 PM   CREATE NEW 7
12:26:19 PM   CREATE NEW 8
12:26:21 PM   CREATE NEW 1: 1-3-0
12:26:21 PM   CREATE NEW 2
12:26:21 PM   CREATE NEW 3
12:26:21 PM   CREATE NEW 4
12:26:21 PM   CREATE NEW 5
12:26:21 PM   CREATE NEW 6
12:26:21 PM   CREATE NEW 7
12:26:21 PM   CREATE NEW 8
12:26:21 PM   CREATE NEW 1: 1-4-0
12:26:21 PM   CREATE NEW 2
12:26:21 PM   CREATE NEW 3
12:26:21 PM   CREATE NEW 4
12:26:21 PM   CREATE NEW 5
12:26:21 PM   CREATE NEW 6
12:26:21 PM   CREATE NEW 7
12:26:21 PM   CREATE NEW 8
12:26:22 PM   CREATE NEW 1: 1-5-0
12:26:22 PM   CREATE NEW 2
12:26:22 PM   CREATE NEW 3
12:26:22 PM   CREATE NEW 4
12:26:22 PM   CREATE NEW 5
12:26:22 PM   CREATE NEW 6
12:26:22 PM   CREATE NEW 7
12:26:22 PM   CREATE NEW 8
12:26:22 PM   CREATE NEW 1: 1-6-1
12:26:22 PM   CREATE NEW 2
12:26:22 PM   CREATE NEW 3
12:26:22 PM   CREATE NEW 4
12:26:22 PM   CREATE NEW 5
12:26:22 PM   CREATE NEW 6
12:26:22 PM   CREATE NEW 7
12:26:22 PM   CREATE NEW 8
12:26:24 PM   CREATE NEW 1: 1-8-0
12:26:24 PM   CREATE NEW 2
12:26:24 PM   CREATE NEW 3
12:26:24 PM   CREATE NEW 4
12:26:24 PM   CREATE NEW 5
12:26:24 PM   CREATE NEW 6
12:26:24 PM   CREATE NEW 7
12:26:24 PM   CREATE NEW 8
12:26:24 PM   CREATE NEW 1: 1-6-1
12:26:24 PM   CREATE NEW 2
12:26:24 PM   CREATE NEW 3
12:26:24 PM   CREATE NEW 4
12:26:24 PM   CREATE NEW 5
12:26:24 PM   CREATE NEW 6
12:26:24 PM   CREATE NEW 7
12:26:24 PM   CREATE NEW 8
12:26:25 PM   CREATE NEW 1: 1-5-0
12:26:25 PM   CREATE NEW 2
12:26:25 PM   CREATE NEW 3
12:26:25 PM   CREATE NEW 4
12:26:25 PM   CREATE NEW 5
12:26:25 PM   CREATE NEW 6
12:26:25 PM   CREATE NEW 7
12:26:25 PM   CREATE NEW 8
12:26:25 PM   CREATE NEW 1: 1-5-0
12:26:25 PM   CREATE NEW 2
12:26:25 PM   CREATE NEW 3
12:26:25 PM   CREATE NEW 4
12:26:25 PM   CREATE NEW 5
12:26:25 PM   CREATE NEW 6
12:26:25 PM   CREATE NEW 7
12:26:25 PM   CREATE NEW 8
12:26:26 PM   CREATE NEW 1: 1-4-0
12:26:26 PM   CREATE NEW 2
12:26:26 PM   CREATE NEW 3
12:26:26 PM   CREATE NEW 4
12:26:26 PM   CREATE NEW 5
12:26:26 PM   CREATE NEW 6
12:26:26 PM   CREATE NEW 7
12:26:26 PM   CREATE NEW 8
12:26:28 PM   CREATE NEW 1: 1-4-0
12:26:28 PM   CREATE NEW 2
12:26:28 PM   CREATE NEW 3
12:26:28 PM   CREATE NEW 4
12:26:28 PM   CREATE NEW 5
12:26:28 PM   CREATE NEW 6
12:26:28 PM   CREATE NEW 7
12:26:28 PM   CREATE NEW 8
12:26:28 PM   CREATE NEW 1: 1-5-0
12:26:28 PM   CREATE NEW 2
12:26:28 PM   CREATE NEW 3
12:26:28 PM   CREATE NEW 4
12:26:28 PM   CREATE NEW 5
12:26:28 PM   CREATE NEW 6
12:26:28 PM   CREATE NEW 7
12:26:28 PM   CREATE NEW 8
12:26:28 PM   CREATE NEW 1: 1-4-0
12:26:28 PM   CREATE NEW 2
12:26:28 PM   CREATE NEW 3
12:26:28 PM   CREATE NEW 4
12:26:28 PM   CREATE NEW 5
12:26:28 PM   CREATE NEW 6
12:26:28 PM   CREATE NEW 7
12:26:28 PM   CREATE NEW 8
12:26:29 PM   CREATE NEW 1: 1-3-0
12:26:29 PM   CREATE NEW 2
12:26:29 PM   CREATE NEW 3
12:26:29 PM   CREATE NEW 4
12:26:29 PM   CREATE NEW 5
12:26:29 PM   CREATE NEW 6
12:26:29 PM   CREATE NEW 7
12:26:29 PM   CREATE NEW 8
12:26:30 PM   CREATE NEW 1: 1-5-0
12:26:30 PM   CREATE NEW 2
12:26:30 PM   CREATE NEW 3
12:26:30 PM   CREATE NEW 4
12:26:30 PM   CREATE NEW 5
12:26:30 PM   CREATE NEW 6
12:26:30 PM   CREATE NEW 7
12:26:30 PM   CREATE NEW 8
12:26:45 PM   INSERT NEW [ID=0] 2-6-0 Period 1 T=00:26.3/00:00.0 P1=[4] Ossi Vaananen Йокерит (24) Йокерит P2=[6] Denis Denisov ЦСКА Москва (1) ЦСКА Москва U=1012
12:26:45 PM   INSERT NEW 2[ID=0] 2-6-0 Period 1 T=00:26.3/00:15.9 P1=[4] Ossi Vaananen Йокерит (24) Йокерит P2=[6] Denis Denisov ЦСКА Москва (1) ЦСКА Москва U=1012
12:26:45 PM   INSERT NEW 3 RECALC MARKER
12:26:45 PM   INSERT NEW [ID=0] 1-5-0 Period 1 T=00:26.4/00:00.0 P1=[4] Ossi Vaananen Йокерит (24) Йокерит P2=  U=1012
12:26:45 PM   INSERT NEW 2[ID=0] 1-5-0 Period 1 T=00:26.4/00:16.0 P1=[4] Ossi Vaananen Йокерит (24) Йокерит P2=  U=1012
12:26:45 PM   INSERT NEW 3 RECALC MARKER
12:54:25   00:12.3
12:54:25   Update checking
12:54:25   CURR VERSION: 0.1.6043.22620
12:54:26   VERSION: 0.1.6115.22411
12:59:01 PM   CREATE NEW 1: 0-0-0
12:59:01 PM   CREATE NEW 2
12:59:02 PM   CREATE NEW 3
12:59:02 PM   CREATE NEW 4
12:59:02 PM   CREATE NEW 5
12:59:02 PM   CREATE NEW 6
12:59:02 PM   CREATE NEW 7
12:59:02 PM   CREATE NEW 8
12:59:42 PM   CREATE NEW 1: 8-1-0
12:59:44 PM   CREATE NEW 2
12:59:54 PM   CREATE NEW 3
12:59:58 PM   CREATE NEW 4
1:00:43 PM   CREATE NEW 5
1:00:44 PM   CREATE NEW 6
1:00:44 PM   CREATE NEW 7
1:00:45 PM   CREATE NEW 8
1:02:52 PM   CREATE NEW 1: 0-0-0
1:02:52 PM   CREATE NEW 2
1:02:55 PM   CREATE NEW 3
1:02:55 PM   CREATE NEW 4
1:02:55 PM   CREATE NEW 5
1:02:55 PM   CREATE NEW 6
1:02:55 PM   CREATE NEW 7
1:02:55 PM   CREATE NEW 8
1:03:09 PM   CREATE NEW 1: 8-1-0
1:03:10 PM   CREATE NEW 2
1:03:57 PM   CREATE NEW 3
1:04:00 PM   CREATE NEW 4
1:04:47 PM   CREATE NEW 5
1:04:47 PM   CREATE NEW 6
1:04:47 PM   CREATE NEW 7
1:04:47 PM   CREATE NEW 8
13:05:56   00:12.3
13:05:56   Update checking
13:05:56   CURR VERSION: 0.1.6043.22620
13:05:56   VERSION: 0.1.6115.23573
1:06:22 PM   CREATE NEW 1: 0-0-0
1:06:22 PM   CREATE NEW 2
1:06:23 PM   CREATE NEW 3
1:06:23 PM   CREATE NEW 4
1:06:23 PM   CREATE NEW 5
1:06:23 PM   CREATE NEW 6
1:06:23 PM   CREATE NEW 7
1:06:23 PM   CREATE NEW 8
1:06:27 PM   CREATE NEW 1: 8-1-0
1:06:27 PM   CREATE NEW 2
1:06:28 PM   CREATE NEW 3
1:06:28 PM   CREATE NEW 4
1:06:29 PM   CREATE NEW 5
1:06:29 PM   CREATE NEW 6
1:06:29 PM   CREATE NEW 7
1:06:29 PM   CREATE NEW 8
1:08:59 PM   INSERT NEW [ID=0] 8-1-0 Period 1 T=00:21.9/00:00.0 P1=[4] Ossi Vaananen Йокерит (24) Йокерит P2=[20] Maxim Tretyak [GK] ЦСКА Москва (1357) ЦСКА Москва U=1012
1:08:59 PM   INSERT NEW 2[ID=0] 8-1-0 Period 1 T=00:21.9/00:11.5 P1=[4] Ossi Vaananen Йокерит (24) Йокерит P2=[20] Maxim Tretyak [GK] ЦСКА Москва (1357) ЦСКА Москва U=1012
1:08:59 PM   INSERT NEW 3 RECALC MARKER
1:09:04 PM   INSERT NEW [ID=0] 1-2-0 Period 1 T=00:21.9/00:00.0 P1=[3] Daine Todd Йокерит (23) Йокерит P2=  U=1012
1:09:04 PM   INSERT NEW 2[ID=0] 1-2-0 Period 1 T=00:21.9/00:11.5 P1=[3] Daine Todd Йокерит (23) Йокерит P2=  U=1012
1:09:04 PM   INSERT NEW 3 RECALC MARKER
1:09:04 PM   INSERT NEW [ID=0] 1-2-0 Period 1 T=00:21.9/00:00.0 P1=[6] Topi Jaakola Йокерит (25) Йокерит P2=  U=1012
1:09:04 PM   INSERT NEW 2[ID=0] 1-2-0 Period 1 T=00:21.9/00:11.5 P1=[6] Topi Jaakola Йокерит (25) Йокерит P2=  U=1012
1:09:04 PM   INSERT NEW 3 RECALC MARKER
