15:10:36   00:12.3
15:10:36   Update checking
15:10:36   CURR VERSION: 0.1.6043.22620
15:10:36   VERSION: 0.1.6113.27316
3:11:12 PM   CREATE NEW 1: 0-0-0
3:11:12 PM   CREATE NEW 2
3:11:12 PM   CREATE NEW 3
3:11:12 PM   CREATE NEW 4
3:11:12 PM   CREATE NEW 5
3:11:12 PM   CREATE NEW 6
3:11:12 PM   CREATE NEW 7
3:11:12 PM   CREATE NEW 8
3:12:30 PM   CREATE NEW 1: 1-6-1
3:12:36 PM   CREATE NEW 2
3:12:58 PM   CREATE NEW 3
3:13:10 PM   CREATE NEW 4
3:15:11 PM   CREATE NEW 5
3:15:13 PM   CREATE NEW 6
3:15:14 PM   CREATE NEW 7
3:15:37 PM   CREATE NEW 8
3:19:07 PM   INSERT NEW [ID=0] 1-6-1 Period 1 T=02:23.9/00:00.0 P1=[3] Daine Todd Йокерит (23) Йокерит P2=  U=1012
3:19:07 PM   INSERT NEW 2[ID=0] 1-6-1 Period 1 T=02:23.9/02:13.6 P1=[3] Daine Todd Йокерит (23) Йокерит P2=  U=1012
3:19:07 PM   INSERT NEW 3 RECALC MARKER
3:19:12 PM   INSERT NEW [ID=0] 2-9-0 Period 1 T=02:24.0/00:00.0 P1=[6] Denis Denisov ЦСКА Москва (1) ЦСКА Москва P2=[3] Daine Todd Йокерит (23) Йокерит U=1012
3:19:12 PM   INSERT NEW 2[ID=0] 2-9-0 Period 1 T=02:24.0/02:13.7 P1=[6] Denis Denisov ЦСКА Москва (1) ЦСКА Москва P2=[3] Daine Todd Йокерит (23) Йокерит U=1012
3:19:12 PM   INSERT NEW 3 RECALC MARKER
3:19:49 PM   CREATE NEW 1: 0-0-0
3:19:49 PM   CREATE NEW 2
3:19:49 PM   CREATE NEW 3
3:19:49 PM   CREATE NEW 4
3:19:49 PM   CREATE NEW 5
3:19:49 PM   CREATE NEW 6
3:19:49 PM   CREATE NEW 7
3:19:50 PM   CREATE NEW 8
3:20:00 PM   CREATE NEW 1: 1-6-1
3:20:00 PM   CREATE NEW 2
3:20:00 PM   CREATE NEW 3
3:20:00 PM   CREATE NEW 4
3:20:29 PM   CREATE NEW 5
3:20:29 PM   CREATE NEW 6
3:20:29 PM   CREATE NEW 7
3:20:35 PM   CREATE NEW 8
3:20:43 PM   INSERT NEW [ID=0] 1-6-1 Period 1 T=02:59.0/00:00.0 P1=[4] Ossi Vaananen Йокерит (24) Йокерит P2=  U=1012
3:20:43 PM   INSERT NEW 2[ID=0] 1-6-1 Period 1 T=02:59.0/02:48.6 P1=[4] Ossi Vaananen Йокерит (24) Йокерит P2=  U=1012
3:20:43 PM   INSERT NEW 3 RECALC MARKER
3:21:00 PM   CREATE NEW 1: 0-0-0
3:21:00 PM   CREATE NEW 2
3:21:00 PM   CREATE NEW 3
3:21:00 PM   CREATE NEW 4
3:21:00 PM   CREATE NEW 5
3:21:00 PM   CREATE NEW 6
3:21:00 PM   CREATE NEW 7
3:21:00 PM   CREATE NEW 8
3:21:19 PM   CREATE NEW 1: 1-6-1
3:21:19 PM   CREATE NEW 2
3:21:19 PM   CREATE NEW 3
3:21:19 PM   CREATE NEW 4
3:21:19 PM   CREATE NEW 5
3:21:19 PM   CREATE NEW 6
3:21:19 PM   CREATE NEW 7
3:21:19 PM   CREATE NEW 8
3:21:27 PM   INSERT NEW [ID=0] 2-5-0 Period 1 T=03:15.9/00:00.0 P1=[7] Oliver  Lauridsen Йокерит (5038) Йокерит P2=  U=1012
3:21:27 PM   INSERT NEW 2[ID=0] 2-5-0 Period 1 T=03:15.9/03:05.6 P1=[7] Oliver  Lauridsen Йокерит (5038) Йокерит P2=  U=1012
3:21:27 PM   INSERT NEW 3 RECALC MARKER
3:21:27 PM   INSERT NEW [ID=0] 1-6-1 Period 1 T=03:16.0/00:00.0 P1=[7] Oliver  Lauridsen Йокерит (5038) Йокерит P2=  U=1012
3:21:27 PM   INSERT NEW 2[ID=0] 1-6-1 Period 1 T=03:16.0/03:05.7 P1=[7] Oliver  Lauridsen Йокерит (5038) Йокерит P2=  U=1012
3:21:27 PM   INSERT NEW 3 RECALC MARKER
3:21:30 PM   CREATE NEW 1: 0-0-0
3:21:30 PM   CREATE NEW 2
3:21:30 PM   CREATE NEW 3
3:21:30 PM   CREATE NEW 4
3:21:30 PM   CREATE NEW 5
3:21:30 PM   CREATE NEW 6
3:21:30 PM   CREATE NEW 7
3:21:30 PM   CREATE NEW 8
3:22:17 PM   CREATE NEW 1: 1-6-1
3:22:19 PM   CREATE NEW 2
3:22:19 PM   CREATE NEW 3
3:22:19 PM   CREATE NEW 4
3:22:19 PM   CREATE NEW 5
3:22:19 PM   CREATE NEW 6
3:22:19 PM   CREATE NEW 7
3:22:19 PM   CREATE NEW 8
3:22:23 PM   INSERT NEW [ID=0] 2-5-0 Period 1 T=03:19.2/00:00.0 P1=[3] Daine Todd Йокерит (23) Йокерит P2=  U=1012
3:22:23 PM   INSERT NEW 2[ID=0] 2-5-0 Period 1 T=03:19.2/03:08.9 P1=[3] Daine Todd Йокерит (23) Йокерит P2=  U=1012
3:22:23 PM   INSERT NEW 3 RECALC MARKER
3:22:23 PM   INSERT NEW [ID=0] 1-6-1 Period 1 T=03:19.3/00:00.0 P1=[3] Daine Todd Йокерит (23) Йокерит P2=  U=1012
3:22:23 PM   INSERT NEW 2[ID=0] 1-6-1 Period 1 T=03:19.3/03:09.0 P1=[3] Daine Todd Йокерит (23) Йокерит P2=  U=1012
3:22:23 PM   INSERT NEW 3 RECALC MARKER
3:22:29 PM   CREATE NEW 1: 0-0-0
3:22:29 PM   CREATE NEW 2
3:22:29 PM   CREATE NEW 3
3:22:29 PM   CREATE NEW 4
3:22:29 PM   CREATE NEW 5
3:22:29 PM   CREATE NEW 6
3:22:29 PM   CREATE NEW 7
3:22:29 PM   CREATE NEW 8
3:22:38 PM   CREATE NEW 1: 1-6-1
3:22:38 PM   CREATE NEW 2
3:22:38 PM   CREATE NEW 3
3:22:38 PM   CREATE NEW 4
3:22:38 PM   CREATE NEW 5
3:22:38 PM   CREATE NEW 6
3:22:38 PM   CREATE NEW 7
3:22:38 PM   CREATE NEW 8
15:34:33   00:12.3
15:34:33   Update checking
15:34:33   CURR VERSION: 0.1.6043.22620
15:34:33   VERSION: 0.1.6113.28035
3:35:35 PM   CREATE NEW 1: 1-6-1
3:35:35 PM   CREATE NEW 2
3:35:35 PM   CREATE NEW 3
3:35:35 PM   CREATE NEW 4
3:36:11 PM   CREATE NEW 5
3:36:11 PM   CREATE NEW 6
3:36:11 PM   CREATE NEW 7
3:36:12 PM   CREATE NEW 8
3:36:55 PM   INSERT NEW [ID=0] 2-5-0 Period 1 T=00:29.8/00:00.0 P1=[3] Daine Todd Йокерит (23) Йокерит P2=  U=1012
3:36:55 PM   INSERT NEW 2[ID=0] 2-5-0 Period 1 T=00:29.8/00:19.4 P1=[3] Daine Todd Йокерит (23) Йокерит P2=  U=1012
3:36:55 PM   INSERT NEW 3 RECALC MARKER
3:36:55 PM   INSERT NEW [ID=0] 1-6-1 Period 1 T=00:29.9/00:00.0 P1=[3] Daine Todd Йокерит (23) Йокерит P2=  U=1012
3:36:55 PM   INSERT NEW 2[ID=0] 1-6-1 Period 1 T=00:29.9/00:19.5 P1=[3] Daine Todd Йокерит (23) Йокерит P2=  U=1012
3:36:55 PM   INSERT NEW 3 RECALC MARKER
3:36:55 PM   INSERT NEW [ID=0] 3-3-0 Period 1 T=00:30.0/00:00.0 P1=[3] Daine Todd Йокерит (23) Йокерит P2=  U=1012
3:36:55 PM   INSERT NEW 2[ID=0] 3-3-0 Period 1 T=00:30.0/00:19.6 P1=[3] Daine Todd Йокерит (23) Йокерит P2=  U=1012
3:36:55 PM   INSERT NEW 3 RECALC MARKER
15:51:50   00:12.3
15:51:50   Update checking
15:51:50   CURR VERSION: 0.1.6043.22620
15:51:50   VERSION: 0.1.6113.28035
15:52:27   00:12.3
15:52:27   Update checking
15:52:27   CURR VERSION: 0.1.6043.22620
15:52:27   VERSION: 0.1.6113.28572
15:52:49   00:12.3
15:52:49   Update checking
15:52:49   CURR VERSION: 0.1.6043.22620
15:52:49   VERSION: 0.1.6113.28572
3:53:27 PM   CREATE NEW 1: 0-0-0
3:53:27 PM   CREATE NEW 2
3:53:27 PM   CREATE NEW 3
3:53:27 PM   CREATE NEW 4
3:53:27 PM   CREATE NEW 5
3:53:27 PM   CREATE NEW 6
3:53:27 PM   CREATE NEW 7
3:53:27 PM   CREATE NEW 8
3:53:30 PM   CREATE NEW 1: 1-6-1
3:53:30 PM   CREATE NEW 2
3:53:30 PM   CREATE NEW 3
3:53:30 PM   CREATE NEW 4
3:53:30 PM   CREATE NEW 5
3:53:30 PM   CREATE NEW 6
3:53:30 PM   CREATE NEW 7
3:53:30 PM   CREATE NEW 8
3:53:53 PM   CREATE NEW 1: 0-0-0
3:53:53 PM   CREATE NEW 2
3:53:53 PM   CREATE NEW 3
3:53:53 PM   CREATE NEW 4
3:53:53 PM   CREATE NEW 5
3:53:53 PM   CREATE NEW 6
3:53:53 PM   CREATE NEW 7
3:53:53 PM   CREATE NEW 8
3:54:37 PM   CREATE NEW 1: 1-6-1
3:54:37 PM   CREATE NEW 2
3:54:37 PM   CREATE NEW 3
3:54:37 PM   CREATE NEW 4
3:54:37 PM   CREATE NEW 5
3:54:37 PM   CREATE NEW 6
3:54:37 PM   CREATE NEW 7
3:54:37 PM   CREATE NEW 8
16:08:44   00:12.3
16:08:44   Update checking
16:08:44   CURR VERSION: 0.1.6043.22620
16:08:44   VERSION: 0.1.6113.29061
4:09:10 PM   CREATE NEW 1: 0-0-0
4:09:10 PM   CREATE NEW 2
4:09:10 PM   CREATE NEW 3
4:09:10 PM   CREATE NEW 4
4:09:10 PM   CREATE NEW 5
4:09:10 PM   CREATE NEW 6
4:09:10 PM   CREATE NEW 7
4:09:10 PM   CREATE NEW 8
4:09:14 PM   CREATE NEW 1: 0-0-0
4:09:14 PM   CREATE NEW 2
4:09:14 PM   CREATE NEW 3
4:09:14 PM   CREATE NEW 4
4:09:15 PM   CREATE NEW 5
4:09:15 PM   CREATE NEW 6
4:09:15 PM   CREATE NEW 7
4:09:15 PM   CREATE NEW 8
4:09:23 PM   CREATE NEW 1: 0-0-0
4:09:23 PM   CREATE NEW 2
4:09:23 PM   CREATE NEW 3
4:09:23 PM   CREATE NEW 4
4:09:23 PM   CREATE NEW 5
4:09:23 PM   CREATE NEW 6
4:09:23 PM   CREATE NEW 7
4:09:23 PM   CREATE NEW 8
4:09:48 PM   CREATE NEW 1: 0-0-0
4:09:48 PM   CREATE NEW 2
4:09:48 PM   CREATE NEW 3
4:09:48 PM   CREATE NEW 4
4:09:48 PM   CREATE NEW 5
4:09:48 PM   CREATE NEW 6
4:09:48 PM   CREATE NEW 7
4:09:48 PM   CREATE NEW 8
4:09:56 PM   CREATE NEW 1: 0-0-0
4:09:56 PM   CREATE NEW 2
4:09:56 PM   CREATE NEW 3
4:09:56 PM   CREATE NEW 4
4:09:56 PM   CREATE NEW 5
4:09:56 PM   CREATE NEW 6
4:09:56 PM   CREATE NEW 7
4:09:56 PM   CREATE NEW 8
4:10:28 PM   CREATE NEW 1: 0-0-0
4:10:28 PM   CREATE NEW 2
4:10:28 PM   CREATE NEW 3
4:10:28 PM   CREATE NEW 4
4:10:28 PM   CREATE NEW 5
4:10:28 PM   CREATE NEW 6
4:10:28 PM   CREATE NEW 7
4:10:28 PM   CREATE NEW 8
16:12:03   00:12.3
16:12:03   Update checking
16:12:03   CURR VERSION: 0.1.6043.22620
16:12:03   VERSION: 0.1.6113.29061
4:12:39 PM   DELETE MANUAL
4:12:44 PM   DELETE MANUAL
4:12:48 PM   DELETE MANUAL
4:12:54 PM   DELETE MANUAL
4:13:03 PM   DELETE MANUAL
4:13:51 PM   CREATE NEW 1: 1-6-1
4:13:57 PM   CREATE NEW 2
4:14:15 PM   CREATE NEW 3
4:14:27 PM   CREATE NEW 4
4:14:58 PM   CREATE NEW 5
4:14:59 PM   CREATE NEW 6
4:15:01 PM   CREATE NEW 7
4:17:13 PM   CREATE NEW 8
4:18:45 PM   INSERT NEW [ID=0] 1-6-1 Period 1 T=12:16.0/00:00.0 P1=[4] Ossi Vaananen Йокерит (24) Йокерит P2=  U=1012
4:18:45 PM   INSERT NEW 2[ID=0] 1-6-1 Period 1 T=12:16.0/06:16.0 P1=[4] Ossi Vaananen Йокерит (24) Йокерит P2=  U=1012
4:18:45 PM   INSERT NEW 3 RECALC MARKER
4:18:45 PM   INSERT NEW [ID=0] 3-3-0 Period 1 T=12:16.1/00:00.0 P1=[4] Ossi Vaananen Йокерит (24) Йокерит P2=  U=1012
4:18:45 PM   INSERT NEW 2[ID=0] 3-3-0 Period 1 T=12:16.1/06:16.0 P1=[4] Ossi Vaananen Йокерит (24) Йокерит P2=  U=1012
4:18:45 PM   INSERT NEW 3 RECALC MARKER
4:19:06 PM   CREATE NEW 1: 0-0-0
4:19:06 PM   CREATE NEW 2
4:19:06 PM   CREATE NEW 3
4:19:06 PM   CREATE NEW 4
4:19:06 PM   CREATE NEW 5
4:19:06 PM   CREATE NEW 6
4:19:06 PM   CREATE NEW 7
4:19:06 PM   CREATE NEW 8
4:19:17 PM   CREATE NEW 1: 0-0-0
4:19:17 PM   CREATE NEW 2
4:19:17 PM   CREATE NEW 3
4:19:17 PM   CREATE NEW 4
4:19:17 PM   CREATE NEW 5
4:19:17 PM   CREATE NEW 6
4:19:17 PM   CREATE NEW 7
4:19:17 PM   CREATE NEW 8
4:19:21 PM   CREATE NEW 1: 0-0-0
4:19:21 PM   CREATE NEW 2
4:19:21 PM   CREATE NEW 3
4:19:21 PM   CREATE NEW 4
4:19:21 PM   CREATE NEW 5
4:19:21 PM   CREATE NEW 6
4:19:21 PM   CREATE NEW 7
4:19:21 PM   CREATE NEW 8
4:20:09 PM   CREATE NEW 1: 0-0-0
4:20:26 PM   CREATE NEW 2
4:20:33 PM   CREATE NEW 3
4:20:45 PM   CREATE NEW 4
4:20:47 PM   CREATE NEW 5
4:20:49 PM   CREATE NEW 6
4:20:50 PM   CREATE NEW 7
4:23:31 PM   CREATE NEW 8
16:25:59   00:12.3
16:25:59   Update checking
16:25:59   CURR VERSION: 0.1.6043.22620
16:25:59   VERSION: 0.1.6113.29576
4:26:30 PM   CREATE NEW 1: 0-0-0
4:26:30 PM   CREATE NEW 2
4:26:30 PM   CREATE NEW 3
4:26:30 PM   CREATE NEW 4
4:26:30 PM   CREATE NEW 5
4:26:30 PM   CREATE NEW 6
4:26:30 PM   CREATE NEW 7
4:26:30 PM   CREATE NEW 8
4:27:06 PM   CREATE NEW 1: 0-0-0
4:27:06 PM   CREATE NEW 2
4:27:06 PM   CREATE NEW 3
4:27:06 PM   CREATE NEW 4
4:27:06 PM   CREATE NEW 5
4:27:06 PM   CREATE NEW 6
4:27:06 PM   CREATE NEW 7
4:27:07 PM   CREATE NEW 8
4:28:39 PM   CREATE NEW 1: 0-0-0
4:28:39 PM   CREATE NEW 2
4:28:39 PM   CREATE NEW 3
4:28:39 PM   CREATE NEW 4
4:28:39 PM   CREATE NEW 5
4:28:39 PM   CREATE NEW 6
4:28:39 PM   CREATE NEW 7
4:28:39 PM   CREATE NEW 8
4:28:45 PM   CREATE NEW 1: 1-6-1
4:28:45 PM   CREATE NEW 2
4:28:45 PM   CREATE NEW 3
4:28:45 PM   CREATE NEW 4
4:28:45 PM   CREATE NEW 5
4:28:45 PM   CREATE NEW 6
4:28:45 PM   CREATE NEW 7
4:28:45 PM   CREATE NEW 8
16:33:58   00:12.3
16:33:58   Update checking
16:33:58   CURR VERSION: 0.1.6043.22620
16:33:58   VERSION: 0.1.6113.29815
4:34:51 PM   CREATE NEW 1: 0-0-0
4:34:51 PM   CREATE NEW 2
4:34:51 PM   CREATE NEW 3
4:34:51 PM   CREATE NEW 4
4:34:51 PM   CREATE NEW 5
4:34:51 PM   CREATE NEW 6
4:34:51 PM   CREATE NEW 7
4:34:51 PM   CREATE NEW 8
4:34:57 PM   CREATE NEW 1: 1-6-1
4:34:57 PM   CREATE NEW 2
4:34:57 PM   CREATE NEW 3
4:34:57 PM   CREATE NEW 4
4:34:57 PM   CREATE NEW 5
4:34:57 PM   CREATE NEW 6
4:34:57 PM   CREATE NEW 7
4:34:57 PM   CREATE NEW 8
4:36:54 PM   INSERT NEW [ID=0] 1-6-1 Period 1 T=01:52.6/00:00.0 P1=[7] Oliver  Lauridsen Йокерит (5038) Йокерит P2=  U=1012
4:36:54 PM   INSERT NEW 2[ID=0] 1-6-1 Period 1 T=01:52.6/01:42.3 P1=[7] Oliver  Lauridsen Йокерит (5038) Йокерит P2=  U=1012
4:36:54 PM   INSERT NEW 3 RECALC MARKER
4:37:40 PM   INSERT NEW [ID=0] 3-3-0 Period 1 T=01:52.7/00:00.0 P1=[7] Oliver  Lauridsen Йокерит (5038) Йокерит P2=  U=1012
4:37:40 PM   INSERT NEW 2[ID=0] 3-3-0 Period 1 T=01:52.7/01:42.4 P1=[7] Oliver  Lauridsen Йокерит (5038) Йокерит P2=  U=1012
4:37:40 PM   INSERT NEW 3 RECALC MARKER
17:47:04   00:12.3
17:47:04   Update checking
17:47:04   CURR VERSION: 0.1.6043.22620
17:47:04   VERSION: 0.1.6113.32007
5:47:37 PM   CREATE NEW 1: 0-0-0
5:47:37 PM   CREATE NEW 2
5:47:37 PM   CREATE NEW 3
5:47:37 PM   CREATE NEW 4
5:47:37 PM   CREATE NEW 5
5:47:37 PM   CREATE NEW 6
5:47:37 PM   CREATE NEW 7
5:47:37 PM   CREATE NEW 8
5:47:43 PM   CREATE NEW 1: 1-6-1
5:47:43 PM   CREATE NEW 2
5:47:43 PM   CREATE NEW 3
5:47:43 PM   CREATE NEW 4
5:47:43 PM   CREATE NEW 5
5:47:43 PM   CREATE NEW 6
5:47:43 PM   CREATE NEW 7
5:47:43 PM   CREATE NEW 8
5:48:18 PM   INSERT NEW [ID=0] 2-5-0 Period 1 T=02:40.7/00:00.0 P1=[7] Oliver  Lauridsen Йокерит (5038) Йокерит P2=  U=1012
5:48:18 PM   INSERT NEW 2[ID=0] 2-5-0 Period 1 T=02:40.7/02:30.3 P1=[7] Oliver  Lauridsen Йокерит (5038) Йокерит P2=  U=1012
5:48:18 PM   INSERT NEW 3 RECALC MARKER
5:48:18 PM   INSERT NEW [ID=0] 1-6-1 Period 1 T=02:40.8/00:00.0 P1=[7] Oliver  Lauridsen Йокерит (5038) Йокерит P2=  U=1012
5:48:18 PM   INSERT NEW 2[ID=0] 1-6-1 Period 1 T=02:40.8/02:30.4 P1=[7] Oliver  Lauridsen Йокерит (5038) Йокерит P2=  U=1012
5:48:18 PM   INSERT NEW 3 RECALC MARKER
5:48:18 PM   INSERT NEW [ID=0] 3-3-0 Period 1 T=02:40.9/00:00.0 P1=[7] Oliver  Lauridsen Йокерит (5038) Йокерит P2=  U=1012
5:48:18 PM   INSERT NEW 2[ID=0] 3-3-0 Period 1 T=02:40.9/02:30.5 P1=[7] Oliver  Lauridsen Йокерит (5038) Йокерит P2=  U=1012
5:48:18 PM   INSERT NEW 3 RECALC MARKER
5:48:46 PM   CREATE NEW 1: 0-0-0
5:48:46 PM   CREATE NEW 2
5:48:46 PM   CREATE NEW 3
5:48:46 PM   CREATE NEW 4
5:48:46 PM   CREATE NEW 5
5:48:46 PM   CREATE NEW 6
5:48:46 PM   CREATE NEW 7
5:48:46 PM   CREATE NEW 8
17:52:31   00:12.3
17:52:31   Update checking
17:52:31   CURR VERSION: 0.1.6043.22620
17:52:31   VERSION: 0.1.6113.32082
5:54:14 PM   CREATE NEW 1: 1-6-1
5:54:16 PM   CREATE NEW 2
5:54:37 PM   CREATE NEW 3
5:58:17 PM   CREATE NEW 4
6:06:54 PM   CREATE NEW 5
6:06:56 PM   CREATE NEW 6
6:06:57 PM   CREATE NEW 7
6:06:58 PM   CREATE NEW 8
6:12:59 PM   INSERT NEW [ID=0] 1-6-1 Period 1 T=00:14.4/00:00.0 P1=[4] Ossi Vaananen Йокерит (24) Йокерит P2=  U=1012
6:13:05 PM   INSERT NEW 2[ID=0] 1-6-1 Period 1 T=00:14.4/00:04.0 P1=[4] Ossi Vaananen Йокерит (24) Йокерит P2=  U=1012
6:13:09 PM   INSERT NEW 3 RECALC MARKER
18:22:22   00:12.3
18:22:22   Update checking
18:22:22   CURR VERSION: 0.1.6043.22620
18:22:22   VERSION: 0.1.6113.32082
6:22:58 PM   CREATE NEW 1: 0-0-0
6:22:58 PM   CREATE NEW 2
6:22:58 PM   CREATE NEW 3
6:22:58 PM   CREATE NEW 4
6:22:58 PM   CREATE NEW 5
6:22:58 PM   CREATE NEW 6
6:22:58 PM   CREATE NEW 7
6:22:58 PM   CREATE NEW 8
6:23:01 PM   CREATE NEW 1: 1-4-0
6:23:01 PM   CREATE NEW 2
6:23:01 PM   CREATE NEW 3
6:23:01 PM   CREATE NEW 4
6:25:04 PM   CREATE NEW 5
6:25:05 PM   CREATE NEW 6
6:25:06 PM   CREATE NEW 7
6:25:06 PM   CREATE NEW 8
6:26:58 PM   INSERT NEW [ID=0] 1-4-0 Period 1 T=01:05.8/00:00.0 P1=[4] Ossi Vaananen Йокерит (24) Йокерит P2=  U=1012
6:26:58 PM   INSERT NEW 2[ID=0] 1-4-0 Period 1 T=01:05.8/00:55.5 P1=[4] Ossi Vaananen Йокерит (24) Йокерит P2=  U=1012
6:26:58 PM   INSERT NEW 3 RECALC MARKER
6:26:59 PM   INSERT NEW [ID=0] 3-3-0 Period 1 T=01:05.9/00:00.0 P1=[4] Ossi Vaananen Йокерит (24) Йокерит P2=  U=1012
6:26:59 PM   INSERT NEW 2[ID=0] 3-3-0 Period 1 T=01:05.9/00:55.6 P1=[4] Ossi Vaananen Йокерит (24) Йокерит P2=  U=1012
6:26:59 PM   INSERT NEW 3 RECALC MARKER
6:27:12 PM   CREATE NEW 1: 1-6-1
6:27:12 PM   CREATE NEW 2
6:27:12 PM   CREATE NEW 3
6:27:12 PM   CREATE NEW 4
6:27:14 PM   CREATE NEW 5
6:27:14 PM   CREATE NEW 6
6:27:14 PM   CREATE NEW 7
6:27:14 PM   CREATE NEW 8
6:30:19 PM   INSERT NEW [ID=0] 1-6-1 Period 1 T=01:17.3/00:00.0 P1=[4] Ossi Vaananen Йокерит (24) Йокерит P2=  U=1012
6:30:19 PM   INSERT NEW 2[ID=0] 1-6-1 Period 1 T=01:17.3/01:06.9 P1=[4] Ossi Vaananen Йокерит (24) Йокерит P2=  U=1012
6:30:19 PM   INSERT NEW 3 RECALC MARKER
6:30:20 PM   INSERT NEW [ID=0] 3-3-0 Period 1 T=01:17.4/00:00.0 P1=[4] Ossi Vaananen Йокерит (24) Йокерит P2=  U=1012
6:30:20 PM   INSERT NEW 2[ID=0] 3-3-0 Period 1 T=01:17.4/01:07.0 P1=[4] Ossi Vaananen Йокерит (24) Йокерит P2=  U=1012
6:30:20 PM   INSERT NEW 3 RECALC MARKER
6:30:51 PM   CREATE NEW 1: 0-0-0
6:30:51 PM   CREATE NEW 2
6:30:51 PM   CREATE NEW 3
6:30:51 PM   CREATE NEW 4
6:30:51 PM   CREATE NEW 5
6:30:51 PM   CREATE NEW 6
6:30:51 PM   CREATE NEW 7
6:30:51 PM   CREATE NEW 8
6:30:55 PM   CREATE NEW 1: 1-4-0
6:30:55 PM   CREATE NEW 2
6:30:55 PM   CREATE NEW 3
6:30:55 PM   CREATE NEW 4
6:31:40 PM   CREATE NEW 5
6:31:40 PM   CREATE NEW 6
6:31:40 PM   CREATE NEW 7
6:31:40 PM   CREATE NEW 8
18:34:27   00:12.3
18:34:27   Update checking
18:34:27   CURR VERSION: 0.1.6043.22620
18:34:27   VERSION: 0.1.6113.33432
6:35:14 PM   CREATE NEW 1: 0-0-0
6:35:15 PM   CREATE NEW 2
6:35:15 PM   CREATE NEW 3
6:35:15 PM   CREATE NEW 4
6:35:15 PM   CREATE NEW 5
6:35:15 PM   CREATE NEW 6
6:35:15 PM   CREATE NEW 7
6:35:15 PM   CREATE NEW 8
6:35:19 PM   CREATE NEW 1: 1-6-1
6:35:19 PM   CREATE NEW 2
6:35:19 PM   CREATE NEW 3
6:35:19 PM   CREATE NEW 4
6:35:51 PM   CREATE NEW 5
6:35:51 PM   CREATE NEW 6
6:35:51 PM   CREATE NEW 7
6:35:51 PM   CREATE NEW 8
6:37:08 PM   INSERT NEW [ID=0] 1-6-1 Period 1 T=02:43.5/00:00.0 P1=[4] Ossi Vaananen Йокерит (24) Йокерит P2=  U=1012
6:37:08 PM   INSERT NEW 2[ID=0] 1-6-1 Period 1 T=02:43.5/02:33.2 P1=[4] Ossi Vaananen Йокерит (24) Йокерит P2=  U=1012
6:37:08 PM   INSERT NEW 3 RECALC MARKER
6:37:09 PM   INSERT NEW [ID=0] 3-3-0 Period 1 T=02:43.6/00:00.0 P1=[4] Ossi Vaananen Йокерит (24) Йокерит P2=  U=1012
6:37:09 PM   INSERT NEW 2[ID=0] 3-3-0 Period 1 T=02:43.6/02:33.3 P1=[4] Ossi Vaananen Йокерит (24) Йокерит P2=  U=1012
6:37:09 PM   INSERT NEW 3 RECALC MARKER
6:37:33 PM   CREATE NEW 1: 0-0-0
6:37:33 PM   CREATE NEW 2
6:37:33 PM   CREATE NEW 3
6:37:33 PM   CREATE NEW 4
6:37:33 PM   CREATE NEW 5
6:37:33 PM   CREATE NEW 6
6:37:33 PM   CREATE NEW 7
6:37:33 PM   CREATE NEW 8
6:37:37 PM   CREATE NEW 1: 1-6-1
6:37:37 PM   CREATE NEW 2
6:37:37 PM   CREATE NEW 3
6:37:37 PM   CREATE NEW 4
6:37:39 PM   CREATE NEW 5
6:37:39 PM   CREATE NEW 6
6:37:39 PM   CREATE NEW 7
6:37:39 PM   CREATE NEW 8
6:37:47 PM   INSERT NEW [ID=0] 1-6-1 Period 1 T=02:52.0/00:00.0 P1=[7] Oliver  Lauridsen Йокерит (5038) Йокерит P2=  U=1012
6:37:47 PM   INSERT NEW 2[ID=0] 1-6-1 Period 1 T=02:52.0/02:41.7 P1=[7] Oliver  Lauridsen Йокерит (5038) Йокерит P2=  U=1012
6:37:47 PM   INSERT NEW 3 RECALC MARKER
6:39:14 PM   CREATE NEW 1: 0-0-0
6:39:14 PM   CREATE NEW 2
6:39:14 PM   CREATE NEW 3
6:39:14 PM   CREATE NEW 4
6:39:14 PM   CREATE NEW 5
6:39:14 PM   CREATE NEW 6
6:39:14 PM   CREATE NEW 7
6:39:15 PM   CREATE NEW 8
6:39:18 PM   CREATE NEW 1: 1-6-1
6:39:18 PM   CREATE NEW 2
6:39:18 PM   CREATE NEW 3
6:39:18 PM   CREATE NEW 4
6:39:20 PM   CREATE NEW 5
6:39:20 PM   CREATE NEW 6
6:39:20 PM   CREATE NEW 7
6:39:20 PM   CREATE NEW 8
6:39:43 PM   INSERT NEW [ID=0] 2-5-0 Period 1 T=02:58.6/00:00.0 P1=[4] Ossi Vaananen Йокерит (24) Йокерит P2=  U=1012
6:39:43 PM   INSERT NEW 2[ID=0] 2-5-0 Period 1 T=02:58.6/02:48.3 P1=[4] Ossi Vaananen Йокерит (24) Йокерит P2=  U=1012
6:39:43 PM   INSERT NEW 3 RECALC MARKER
6:39:43 PM   INSERT NEW [ID=0] 1-6-1 Period 1 T=02:58.7/00:00.0 P1=[4] Ossi Vaananen Йокерит (24) Йокерит P2=  U=1012
6:39:43 PM   INSERT NEW 2[ID=0] 1-6-1 Period 1 T=02:58.7/02:48.4 P1=[4] Ossi Vaananen Йокерит (24) Йокерит P2=  U=1012
6:39:43 PM   INSERT NEW 3 RECALC MARKER
6:39:43 PM   INSERT NEW [ID=0] 3-3-0 Period 1 T=02:58.8/00:00.0 P1=[4] Ossi Vaananen Йокерит (24) Йокерит P2=  U=1012
6:39:43 PM   INSERT NEW 2[ID=0] 3-3-0 Period 1 T=02:58.8/02:48.5 P1=[4] Ossi Vaananen Йокерит (24) Йокерит P2=  U=1012
6:39:43 PM   INSERT NEW 3 RECALC MARKER
6:41:01 PM   CREATE NEW 1: 0-0-0
6:41:01 PM   CREATE NEW 2
6:41:01 PM   CREATE NEW 3
6:41:01 PM   CREATE NEW 4
6:41:01 PM   CREATE NEW 5
6:41:01 PM   CREATE NEW 6
6:41:01 PM   CREATE NEW 7
6:41:01 PM   CREATE NEW 8
6:41:05 PM   CREATE NEW 1: 1-6-1
6:41:05 PM   CREATE NEW 2
6:41:05 PM   CREATE NEW 3
6:41:05 PM   CREATE NEW 4
6:41:07 PM   CREATE NEW 5
6:41:07 PM   CREATE NEW 6
6:41:07 PM   CREATE NEW 7
6:41:07 PM   CREATE NEW 8
6:42:43 PM   INSERT NEW [ID=0] 1-6-1 Period 1 T=03:14.9/00:00.0 P1=[4] Ossi Vaananen Йокерит (24) Йокерит P2=  U=1012
6:42:43 PM   INSERT NEW 2[ID=0] 1-6-1 Period 1 T=03:14.9/03:04.5 P1=[4] Ossi Vaananen Йокерит (24) Йокерит P2=  U=1012
6:42:43 PM   INSERT NEW 3 RECALC MARKER
6:42:47 PM   CREATE NEW 1: 0-0-0
6:42:47 PM   CREATE NEW 2
6:42:47 PM   CREATE NEW 3
6:42:47 PM   CREATE NEW 4
6:42:47 PM   CREATE NEW 5
6:42:47 PM   CREATE NEW 6
6:42:47 PM   CREATE NEW 7
6:42:47 PM   CREATE NEW 8
6:42:51 PM   CREATE NEW 1: 1-6-2
6:42:51 PM   CREATE NEW 2
6:42:51 PM   CREATE NEW 3
6:42:51 PM   CREATE NEW 4
6:42:53 PM   CREATE NEW 5
6:42:53 PM   CREATE NEW 6
6:42:53 PM   CREATE NEW 7
6:42:53 PM   CREATE NEW 8
19:24:59   00:12.3
19:24:59   Update checking
19:24:59   CURR VERSION: 0.1.6043.22620
19:24:59   VERSION: 0.1.6113.34945
7:25:40 PM   CREATE NEW 1: 0-0-0
7:25:40 PM   CREATE NEW 2
7:25:40 PM   CREATE NEW 3
7:25:40 PM   CREATE NEW 4
7:25:40 PM   CREATE NEW 5
7:25:40 PM   CREATE NEW 6
7:25:40 PM   CREATE NEW 7
7:25:40 PM   CREATE NEW 8
7:25:49 PM   CREATE NEW 1: 1-6-2
7:25:49 PM   CREATE NEW 2
7:25:49 PM   CREATE NEW 3
7:25:49 PM   CREATE NEW 4
7:27:06 PM   CREATE NEW 5
7:27:06 PM   CREATE NEW 6
7:27:06 PM   CREATE NEW 7
7:27:06 PM   CREATE NEW 8
19:49:08   00:12.3
19:49:08   Update checking
19:49:08   CURR VERSION: 0.1.6043.22620
19:49:08   VERSION: 0.1.6113.35670
8:02:29 PM   CREATE NEW 1: 0-0-0
8:02:29 PM   CREATE NEW 2
8:02:29 PM   CREATE NEW 3
8:02:29 PM   CREATE NEW 4
8:02:29 PM   CREATE NEW 5
8:02:29 PM   CREATE NEW 6
8:02:29 PM   CREATE NEW 7
8:02:29 PM   CREATE NEW 8
8:02:50 PM   CREATE NEW 1: 1-6-2
8:02:52 PM   CREATE NEW 2
8:02:52 PM   CREATE NEW 3
8:02:52 PM   CREATE NEW 4
8:03:00 PM   CREATE NEW 5
8:03:00 PM   CREATE NEW 6
8:03:00 PM   CREATE NEW 7
8:03:00 PM   CREATE NEW 8
20:04:44   00:12.3
20:04:44   Update checking
20:04:44   CURR VERSION: 0.1.6043.22620
20:04:44   VERSION: 0.1.6113.36139
8:05:09 PM   CREATE NEW 1: 0-0-0
8:05:09 PM   CREATE NEW 2
8:05:09 PM   CREATE NEW 3
8:05:09 PM   CREATE NEW 4
8:05:09 PM   CREATE NEW 5
8:05:09 PM   CREATE NEW 6
8:05:09 PM   CREATE NEW 7
8:05:09 PM   CREATE NEW 8
8:05:12 PM   CREATE NEW 1: 1-6-2
8:05:12 PM   CREATE NEW 2
8:05:12 PM   CREATE NEW 3
8:05:12 PM   CREATE NEW 4
8:05:14 PM   CREATE NEW 5
8:05:14 PM   CREATE NEW 6
8:05:14 PM   CREATE NEW 7
8:05:14 PM   CREATE NEW 8
8:07:08 PM   INSERT NEW [ID=0] 2-5-0 Period 1 T=02:29.0/00:00.0 P1=[4] Ossi Vaananen Йокерит (24) Йокерит P2=  U=1012
8:07:08 PM   INSERT NEW 2[ID=0] 2-5-0 Period 1 T=02:29.0/02:18.6 P1=[4] Ossi Vaananen Йокерит (24) Йокерит P2=  U=1012
8:07:08 PM   INSERT NEW 3 RECALC MARKER
8:07:08 PM   INSERT NEW [ID=0] 1-6-2 Period 1 T=02:29.1/00:00.0 P1=[4] Ossi Vaananen Йокерит (24) Йокерит P2=[6] Denis Denisov ЦСКА Москва (1) ЦСКА Москва U=1012
8:07:08 PM   INSERT NEW 2[ID=0] 1-6-2 Period 1 T=02:29.1/02:18.7 P1=[4] Ossi Vaananen Йокерит (24) Йокерит P2=[6] Denis Denisov ЦСКА Москва (1) ЦСКА Москва U=1012
8:07:08 PM   INSERT NEW 3 RECALC MARKER
8:07:08 PM   INSERT NEW [ID=0] 2-7-0 Period 1 T=02:29.2/00:00.0 P1=[6] Denis Denisov ЦСКА Москва (1) ЦСКА Москва P2=  U=1012
8:07:08 PM   INSERT NEW 2[ID=0] 2-7-0 Period 1 T=02:29.2/02:18.8 P1=[6] Denis Denisov ЦСКА Москва (1) ЦСКА Москва P2=  U=1012
8:07:08 PM   INSERT NEW 3 RECALC MARKER
8:07:08 PM   INSERT NEW [ID=0] 0-0-1 Period 1 T=02:29.1/00:00.0 P1=[4] Ossi Vaananen Йокерит (24) Йокерит P2=  U=1012
8:07:08 PM   INSERT NEW 2[ID=0] 0-0-1 Period 1 T=02:29.1/02:18.7 P1=[4] Ossi Vaananen Йокерит (24) Йокерит P2=  U=1012
8:07:08 PM   INSERT NEW 3 RECALC MARKER
8:07:13 PM   CREATE NEW 1: 0-0-0
8:07:13 PM   CREATE NEW 2
8:07:13 PM   CREATE NEW 3
8:07:13 PM   CREATE NEW 4
8:07:13 PM   CREATE NEW 5
8:07:13 PM   CREATE NEW 6
8:07:13 PM   CREATE NEW 7
8:07:13 PM   CREATE NEW 8
8:07:16 PM   CREATE NEW 1: 1-6-2
8:07:16 PM   CREATE NEW 2
8:07:16 PM   CREATE NEW 3
8:07:16 PM   CREATE NEW 4
8:07:17 PM   CREATE NEW 5
8:07:17 PM   CREATE NEW 6
8:07:17 PM   CREATE NEW 7
8:07:17 PM   CREATE NEW 8
8:08:04 PM   INSERT NEW [ID=0] 2-5-0 Period 1 T=02:34.1/00:00.0 P1=[4] Ossi Vaananen Йокерит (24) Йокерит P2=  U=1012
8:08:04 PM   INSERT NEW 2[ID=0] 2-5-0 Period 1 T=02:34.1/02:23.7 P1=[4] Ossi Vaananen Йокерит (24) Йокерит P2=  U=1012
8:08:04 PM   INSERT NEW 3 RECALC MARKER
8:08:04 PM   INSERT NEW [ID=0] 1-6-2 Period 1 T=02:34.2/00:00.0 P1=[4] Ossi Vaananen Йокерит (24) Йокерит P2=[6] Denis Denisov ЦСКА Москва (1) ЦСКА Москва U=1012
8:08:04 PM   INSERT NEW 2[ID=0] 1-6-2 Period 1 T=02:34.2/02:23.8 P1=[4] Ossi Vaananen Йокерит (24) Йокерит P2=[6] Denis Denisov ЦСКА Москва (1) ЦСКА Москва U=1012
8:08:04 PM   INSERT NEW 3 RECALC MARKER
8:08:04 PM   INSERT NEW [ID=0] 2-7-0 Period 1 T=02:34.3/00:00.0 P1=[6] Denis Denisov ЦСКА Москва (1) ЦСКА Москва P2=  U=1012
8:08:04 PM   INSERT NEW 2[ID=0] 2-7-0 Period 1 T=02:34.3/02:23.9 P1=[6] Denis Denisov ЦСКА Москва (1) ЦСКА Москва P2=  U=1012
8:08:04 PM   INSERT NEW 3 RECALC MARKER
8:08:04 PM   INSERT NEW [ID=0] 0-0-1 Period 1 T=02:34.2/00:00.0 P1=[4] Ossi Vaananen Йокерит (24) Йокерит P2=  U=1012
8:08:04 PM   INSERT NEW 2[ID=0] 0-0-1 Period 1 T=02:34.2/02:23.8 P1=[4] Ossi Vaananen Йокерит (24) Йокерит P2=  U=1012
8:08:04 PM   INSERT NEW 3 RECALC MARKER
8:11:05 PM   CREATE NEW 1: 0-0-0
8:11:05 PM   CREATE NEW 2
8:11:05 PM   CREATE NEW 3
8:11:05 PM   CREATE NEW 4
8:11:05 PM   CREATE NEW 5
8:11:05 PM   CREATE NEW 6
8:11:05 PM   CREATE NEW 7
8:11:05 PM   CREATE NEW 8
8:11:08 PM   CREATE NEW 1: 1-6-2
8:11:08 PM   CREATE NEW 2
8:11:08 PM   CREATE NEW 3
8:11:08 PM   CREATE NEW 4
8:11:57 PM   CREATE NEW 5
8:11:57 PM   CREATE NEW 6
8:11:57 PM   CREATE NEW 7
8:11:57 PM   CREATE NEW 8
20:19:29   00:12.3
20:19:29   Update checking
20:19:29   CURR VERSION: 0.1.6043.22620
20:19:29   VERSION: 0.1.6113.36582
8:19:54 PM   CREATE NEW 1: 0-0-0
8:19:54 PM   CREATE NEW 2
8:19:54 PM   CREATE NEW 3
8:19:54 PM   CREATE NEW 4
8:19:54 PM   CREATE NEW 5
8:19:54 PM   CREATE NEW 6
8:19:54 PM   CREATE NEW 7
8:19:54 PM   CREATE NEW 8
8:19:55 PM   CREATE NEW 1: 1-6-2
8:19:55 PM   CREATE NEW 2
8:19:55 PM   CREATE NEW 3
8:19:56 PM   CREATE NEW 4
8:20:30 PM   CREATE NEW 5
8:20:30 PM   CREATE NEW 6
8:20:30 PM   CREATE NEW 7
8:20:30 PM   CREATE NEW 8
20:50:05   00:12.3
20:50:05   Update checking
20:50:05   CURR VERSION: 0.1.6043.22620
20:50:06   VERSION: 0.1.6113.37494
8:51:05 PM   CREATE NEW 1: 0-0-0
8:51:05 PM   CREATE NEW 2
8:51:05 PM   CREATE NEW 3
8:51:05 PM   CREATE NEW 4
8:51:05 PM   CREATE NEW 5
8:51:05 PM   CREATE NEW 6
8:51:05 PM   CREATE NEW 7
8:51:05 PM   CREATE NEW 8
8:51:07 PM   CREATE NEW 1: 1-6-2
8:51:07 PM   CREATE NEW 2
8:51:07 PM   CREATE NEW 3
8:51:07 PM   CREATE NEW 4
8:51:12 PM   CREATE NEW 5
8:51:12 PM   CREATE NEW 6
8:51:12 PM   CREATE NEW 7
8:51:12 PM   CREATE NEW 8
8:53:08 PM   INSERT NEW [ID=0] 1-6-2 Period 1 T=03:18.6/00:00.0 P1=[4] Ossi Vaananen Йокерит (24) Йокерит P2=  U=1012
8:53:08 PM   INSERT NEW 2[ID=0] 1-6-2 Period 1 T=03:18.6/03:08.3 P1=[4] Ossi Vaananen Йокерит (24) Йокерит P2=  U=1012
8:53:08 PM   INSERT NEW 3 RECALC MARKER
8:53:08 PM   INSERT NEW [ID=0] 2-7-0 Period 1 T=03:18.7/00:00.0 P1=  P2=  U=1012
8:53:08 PM   INSERT NEW 2[ID=0] 2-7-0 Period 1 T=03:18.7/03:08.4 P1=  P2=  U=1012
8:53:08 PM   INSERT NEW 3 RECALC MARKER
8:53:08 PM   INSERT NEW [ID=0] 0-0-1 Period 1 T=03:18.6/00:00.0 P1=[4] Ossi Vaananen Йокерит (24) Йокерит P2=  U=1012
8:53:08 PM   INSERT NEW 2[ID=0] 0-0-1 Period 1 T=03:18.6/03:08.3 P1=[4] Ossi Vaananen Йокерит (24) Йокерит P2=  U=1012
8:53:08 PM   INSERT NEW 3 RECALC MARKER
